<?xml version="1.0" encoding="utf-8"?>
<testsuites>
   <testsuite errors="0" failures="0" name="tMeasurementsWithLabel/testImplicit123" skipped="0" tests="4" time="0">
      <testcase classname="tMeasurementsWithLabel/testImplicit123" name="tMeasurementsWithLabel/testImplicit123" time="0.012728"/>
      <testcase classname="tMeasurementsWithLabel/testImplicit123" name="tMeasurementsWithLabel/testImplicit123" time="0.013199"/>
      <testcase classname="tMeasurementsWithLabel/testImplicit123" name="tMeasurementsWithLabel/testImplicit123" time="0.012341"/>
      <testcase classname="tMeasurementsWithLabel/testImplicit123" name="tMeasurementsWithLabel/testImplicit123" time="0.012435"/>
   </testsuite>
   <testsuite errors="0" failures="0" name="tMeasurementsWithLabel/test0333" skipped="0" tests="4" time="0">
      <testcase classname="tMeasurementsWithLabel/test0333" name="tMeasurementsWithLabel/test0333" time="0.034297"/>
      <testcase classname="tMeasurementsWithLabel/test0333" name="tMeasurementsWithLabel/test0333" time="0.033477"/>
      <testcase classname="tMeasurementsWithLabel/test0333" name="tMeasurementsWithLabel/test0333" time="0.033518"/>
      <testcase classname="tMeasurementsWithLabel/test0333" name="tMeasurementsWithLabel/test0333" time="0.033571"/>
   </testsuite>
   <testsuite errors="0" failures="0" name="tMeasurementsWithLabel/test0444" skipped="0" tests="4" time="0">
      <testcase classname="tMeasurementsWithLabel/test0444" name="tMeasurementsWithLabel/test0444" time="0.0444"/>
      <testcase classname="tMeasurementsWithLabel/test0444" name="tMeasurementsWithLabel/test0444" time="0.0444"/>
      <testcase classname="tMeasurementsWithLabel/test0444" name="tMeasurementsWithLabel/test0444" time="0.0444"/>
      <testcase classname="tMeasurementsWithLabel/test0444" name="tMeasurementsWithLabel/test0444" time="0.0444"/>
   </testsuite>
   <testsuite errors="0" failures="0" name="tMeasurementsWithLabel/testNatick_456" skipped="0" tests="4" time="0">
      <testcase classname="tMeasurementsWithLabel/testNatick_456" name="tMeasurementsWithLabel/testNatick_456 &lt;Natick&gt;" time="0.049332"/>
      <testcase classname="tMeasurementsWithLabel/testNatick_456" name="tMeasurementsWithLabel/testNatick_456 &lt;Natick&gt;" time="0.046211"/>
      <testcase classname="tMeasurementsWithLabel/testNatick_456" name="tMeasurementsWithLabel/testNatick_456 &lt;Natick&gt;" time="0.047696"/>
      <testcase classname="tMeasurementsWithLabel/testNatick_456" name="tMeasurementsWithLabel/testNatick_456 &lt;Natick&gt;" time="0.046597"/>
   </testsuite>
   <testsuite errors="0" failures="0" name="tMeasurementsWithLabel/testNatick_2017" skipped="0" tests="4" time="0">
      <testcase classname="tMeasurementsWithLabel/testNatick_2017" name="tMeasurementsWithLabel/testNatick_2017 &lt;Framingham&gt;" time="0.2017"/>
      <testcase classname="tMeasurementsWithLabel/testNatick_2017" name="tMeasurementsWithLabel/testNatick_2017 &lt;Framingham&gt;" time="0.2017"/>
      <testcase classname="tMeasurementsWithLabel/testNatick_2017" name="tMeasurementsWithLabel/testNatick_2017 &lt;Framingham&gt;" time="0.2017"/>
      <testcase classname="tMeasurementsWithLabel/testNatick_2017" name="tMeasurementsWithLabel/testNatick_2017 &lt;Framingham&gt;" time="0.2017"/>
   </testsuite>
   <testsuite errors="0" failures="0" name="tMeasurementsWithLabel/testPi_31416" skipped="0" tests="4" time="0">
      <testcase classname="tMeasurementsWithLabel/testPi_31416" name="tMeasurementsWithLabel/testPi_31416 &lt;Pi&gt;" time="0.31889"/>
      <testcase classname="tMeasurementsWithLabel/testPi_31416" name="tMeasurementsWithLabel/testPi_31416 &lt;Pi&gt;" time="0.31548"/>
      <testcase classname="tMeasurementsWithLabel/testPi_31416" name="tMeasurementsWithLabel/testPi_31416 &lt;Pi&gt;" time="0.31578"/>
      <testcase classname="tMeasurementsWithLabel/testPi_31416" name="tMeasurementsWithLabel/testPi_31416 &lt;Pi&gt;" time="0.31551"/>
   </testsuite>
   <testsuite errors="0" failures="0" name="tMeasurementsWithLabel/testOlympic" skipped="0" tests="12" time="0">
      <testcase classname="tMeasurementsWithLabel/testOlympic" name="tMeasurementsWithLabel/testOlympic &lt;UB_100m&gt;" time="9.58"/>
      <testcase classname="tMeasurementsWithLabel/testOlympic" name="tMeasurementsWithLabel/testOlympic &lt;UB_200m&gt;" time="19.19"/>
      <testcase classname="tMeasurementsWithLabel/testOlympic" name="tMeasurementsWithLabel/testOlympic &lt;Ratio&gt;" time="2.0031"/>
      <testcase classname="tMeasurementsWithLabel/testOlympic" name="tMeasurementsWithLabel/testOlympic &lt;UB_100m&gt;" time="9.58"/>
      <testcase classname="tMeasurementsWithLabel/testOlympic" name="tMeasurementsWithLabel/testOlympic &lt;UB_200m&gt;" time="19.19"/>
      <testcase classname="tMeasurementsWithLabel/testOlympic" name="tMeasurementsWithLabel/testOlympic &lt;Ratio&gt;" time="2.0031"/>
      <testcase classname="tMeasurementsWithLabel/testOlympic" name="tMeasurementsWithLabel/testOlympic &lt;UB_100m&gt;" time="9.58"/>
      <testcase classname="tMeasurementsWithLabel/testOlympic" name="tMeasurementsWithLabel/testOlympic &lt;UB_200m&gt;" time="19.19"/>
      <testcase classname="tMeasurementsWithLabel/testOlympic" name="tMeasurementsWithLabel/testOlympic &lt;Ratio&gt;" time="2.0031"/>
      <testcase classname="tMeasurementsWithLabel/testOlympic" name="tMeasurementsWithLabel/testOlympic &lt;UB_100m&gt;" time="9.58"/>
      <testcase classname="tMeasurementsWithLabel/testOlympic" name="tMeasurementsWithLabel/testOlympic &lt;UB_200m&gt;" time="19.19"/>
      <testcase classname="tMeasurementsWithLabel/testOlympic" name="tMeasurementsWithLabel/testOlympic &lt;Ratio&gt;" time="2.0031"/>
   </testsuite>
   <testsuite errors="0" failures="0" name="tMeasurementsWithLabel/testMean(Size=value1)" skipped="0" tests="64" time="0">
      <testcase classname="tMeasurementsWithLabel/testMean(Size=value1)" name="tMeasurementsWithLabel/testMean(Size=value1)" time="0.0045468"/>
      <testcase classname="tMeasurementsWithLabel/testMean(Size=value1)" name="tMeasurementsWithLabel/testMean(Size=value1) &lt;ChangQingsAlgorithm&gt;" time="0.08009"/>
      <testcase classname="tMeasurementsWithLabel/testMean(Size=value1)" name="tMeasurementsWithLabel/testMean(Size=value1)" time="0.0021715"/>
      <testcase classname="tMeasurementsWithLabel/testMean(Size=value1)" name="tMeasurementsWithLabel/testMean(Size=value1) &lt;ChangQingsAlgorithm&gt;" time="0.077181"/>
      <testcase classname="tMeasurementsWithLabel/testMean(Size=value1)" name="tMeasurementsWithLabel/testMean(Size=value1)" time="0.0020909"/>
      <testcase classname="tMeasurementsWithLabel/testMean(Size=value1)" name="tMeasurementsWithLabel/testMean(Size=value1) &lt;ChangQingsAlgorithm&gt;" time="0.077758"/>
      <testcase classname="tMeasurementsWithLabel/testMean(Size=value1)" name="tMeasurementsWithLabel/testMean(Size=value1)" time="0.0020615"/>
      <testcase classname="tMeasurementsWithLabel/testMean(Size=value1)" name="tMeasurementsWithLabel/testMean(Size=value1) &lt;ChangQingsAlgorithm&gt;" time="0.077249"/>
      <testcase classname="tMeasurementsWithLabel/testMean(Size=value1)" name="tMeasurementsWithLabel/testMean(Size=value1)" time="0.0020692"/>
      <testcase classname="tMeasurementsWithLabel/testMean(Size=value1)" name="tMeasurementsWithLabel/testMean(Size=value1) &lt;ChangQingsAlgorithm&gt;" time="0.075676"/>
      <testcase classname="tMeasurementsWithLabel/testMean(Size=value1)" name="tMeasurementsWithLabel/testMean(Size=value1)" time="0.0021008"/>
      <testcase classname="tMeasurementsWithLabel/testMean(Size=value1)" name="tMeasurementsWithLabel/testMean(Size=value1) &lt;ChangQingsAlgorithm&gt;" time="0.075891"/>
      <testcase classname="tMeasurementsWithLabel/testMean(Size=value1)" name="tMeasurementsWithLabel/testMean(Size=value1)" time="0.0021102"/>
      <testcase classname="tMeasurementsWithLabel/testMean(Size=value1)" name="tMeasurementsWithLabel/testMean(Size=value1) &lt;ChangQingsAlgorithm&gt;" time="0.076581"/>
      <testcase classname="tMeasurementsWithLabel/testMean(Size=value1)" name="tMeasurementsWithLabel/testMean(Size=value1)" time="0.0020733"/>
      <testcase classname="tMeasurementsWithLabel/testMean(Size=value1)" name="tMeasurementsWithLabel/testMean(Size=value1) &lt;ChangQingsAlgorithm&gt;" time="0.081531"/>
      <testcase classname="tMeasurementsWithLabel/testMean(Size=value1)" name="tMeasurementsWithLabel/testMean(Size=value1)" time="0.0019876"/>
      <testcase classname="tMeasurementsWithLabel/testMean(Size=value1)" name="tMeasurementsWithLabel/testMean(Size=value1) &lt;ChangQingsAlgorithm&gt;" time="0.076886"/>
      <testcase classname="tMeasurementsWithLabel/testMean(Size=value1)" name="tMeasurementsWithLabel/testMean(Size=value1)" time="0.0021302"/>
      <testcase classname="tMeasurementsWithLabel/testMean(Size=value1)" name="tMeasurementsWithLabel/testMean(Size=value1) &lt;ChangQingsAlgorithm&gt;" time="0.076473"/>
      <testcase classname="tMeasurementsWithLabel/testMean(Size=value1)" name="tMeasurementsWithLabel/testMean(Size=value1)" time="0.0020991"/>
      <testcase classname="tMeasurementsWithLabel/testMean(Size=value1)" name="tMeasurementsWithLabel/testMean(Size=value1) &lt;ChangQingsAlgorithm&gt;" time="0.076095"/>
      <testcase classname="tMeasurementsWithLabel/testMean(Size=value1)" name="tMeasurementsWithLabel/testMean(Size=value1)" time="0.0021645"/>
      <testcase classname="tMeasurementsWithLabel/testMean(Size=value1)" name="tMeasurementsWithLabel/testMean(Size=value1) &lt;ChangQingsAlgorithm&gt;" time="0.075728"/>
      <testcase classname="tMeasurementsWithLabel/testMean(Size=value1)" name="tMeasurementsWithLabel/testMean(Size=value1)" time="0.0020788"/>
      <testcase classname="tMeasurementsWithLabel/testMean(Size=value1)" name="tMeasurementsWithLabel/testMean(Size=value1) &lt;ChangQingsAlgorithm&gt;" time="0.076103"/>
      <testcase classname="tMeasurementsWithLabel/testMean(Size=value1)" name="tMeasurementsWithLabel/testMean(Size=value1)" time="0.0020762"/>
      <testcase classname="tMeasurementsWithLabel/testMean(Size=value1)" name="tMeasurementsWithLabel/testMean(Size=value1) &lt;ChangQingsAlgorithm&gt;" time="0.075776"/>
      <testcase classname="tMeasurementsWithLabel/testMean(Size=value1)" name="tMeasurementsWithLabel/testMean(Size=value1)" time="0.002168"/>
      <testcase classname="tMeasurementsWithLabel/testMean(Size=value1)" name="tMeasurementsWithLabel/testMean(Size=value1) &lt;ChangQingsAlgorithm&gt;" time="0.075656"/>
      <testcase classname="tMeasurementsWithLabel/testMean(Size=value1)" name="tMeasurementsWithLabel/testMean(Size=value1)" time="0.0021085"/>
      <testcase classname="tMeasurementsWithLabel/testMean(Size=value1)" name="tMeasurementsWithLabel/testMean(Size=value1) &lt;ChangQingsAlgorithm&gt;" time="0.082299"/>
      <testcase classname="tMeasurementsWithLabel/testMean(Size=value1)" name="tMeasurementsWithLabel/testMean(Size=value1)" time="0.0021489"/>
      <testcase classname="tMeasurementsWithLabel/testMean(Size=value1)" name="tMeasurementsWithLabel/testMean(Size=value1) &lt;ChangQingsAlgorithm&gt;" time="0.085773"/>
      <testcase classname="tMeasurementsWithLabel/testMean(Size=value1)" name="tMeasurementsWithLabel/testMean(Size=value1)" time="0.0022624"/>
      <testcase classname="tMeasurementsWithLabel/testMean(Size=value1)" name="tMeasurementsWithLabel/testMean(Size=value1) &lt;ChangQingsAlgorithm&gt;" time="0.086404"/>
      <testcase classname="tMeasurementsWithLabel/testMean(Size=value1)" name="tMeasurementsWithLabel/testMean(Size=value1)" time="0.0021249"/>
      <testcase classname="tMeasurementsWithLabel/testMean(Size=value1)" name="tMeasurementsWithLabel/testMean(Size=value1) &lt;ChangQingsAlgorithm&gt;" time="0.085937"/>
      <testcase classname="tMeasurementsWithLabel/testMean(Size=value1)" name="tMeasurementsWithLabel/testMean(Size=value1)" time="0.0021592"/>
      <testcase classname="tMeasurementsWithLabel/testMean(Size=value1)" name="tMeasurementsWithLabel/testMean(Size=value1) &lt;ChangQingsAlgorithm&gt;" time="0.10386"/>
      <testcase classname="tMeasurementsWithLabel/testMean(Size=value1)" name="tMeasurementsWithLabel/testMean(Size=value1)" time="0.0021419"/>
      <testcase classname="tMeasurementsWithLabel/testMean(Size=value1)" name="tMeasurementsWithLabel/testMean(Size=value1) &lt;ChangQingsAlgorithm&gt;" time="0.085349"/>
      <testcase classname="tMeasurementsWithLabel/testMean(Size=value1)" name="tMeasurementsWithLabel/testMean(Size=value1)" time="0.0023542"/>
      <testcase classname="tMeasurementsWithLabel/testMean(Size=value1)" name="tMeasurementsWithLabel/testMean(Size=value1) &lt;ChangQingsAlgorithm&gt;" time="0.096606"/>
      <testcase classname="tMeasurementsWithLabel/testMean(Size=value1)" name="tMeasurementsWithLabel/testMean(Size=value1)" time="0.0021991"/>
      <testcase classname="tMeasurementsWithLabel/testMean(Size=value1)" name="tMeasurementsWithLabel/testMean(Size=value1) &lt;ChangQingsAlgorithm&gt;" time="0.086059"/>
      <testcase classname="tMeasurementsWithLabel/testMean(Size=value1)" name="tMeasurementsWithLabel/testMean(Size=value1)" time="0.0021997"/>
      <testcase classname="tMeasurementsWithLabel/testMean(Size=value1)" name="tMeasurementsWithLabel/testMean(Size=value1) &lt;ChangQingsAlgorithm&gt;" time="0.08719"/>
      <testcase classname="tMeasurementsWithLabel/testMean(Size=value1)" name="tMeasurementsWithLabel/testMean(Size=value1)" time="0.0022029"/>
      <testcase classname="tMeasurementsWithLabel/testMean(Size=value1)" name="tMeasurementsWithLabel/testMean(Size=value1) &lt;ChangQingsAlgorithm&gt;" time="0.087094"/>
      <testcase classname="tMeasurementsWithLabel/testMean(Size=value1)" name="tMeasurementsWithLabel/testMean(Size=value1)" time="0.002139"/>
      <testcase classname="tMeasurementsWithLabel/testMean(Size=value1)" name="tMeasurementsWithLabel/testMean(Size=value1) &lt;ChangQingsAlgorithm&gt;" time="0.086421"/>
      <testcase classname="tMeasurementsWithLabel/testMean(Size=value1)" name="tMeasurementsWithLabel/testMean(Size=value1)" time="0.0021425"/>
      <testcase classname="tMeasurementsWithLabel/testMean(Size=value1)" name="tMeasurementsWithLabel/testMean(Size=value1) &lt;ChangQingsAlgorithm&gt;" time="0.085668"/>
      <testcase classname="tMeasurementsWithLabel/testMean(Size=value1)" name="tMeasurementsWithLabel/testMean(Size=value1)" time="0.0020847"/>
      <testcase classname="tMeasurementsWithLabel/testMean(Size=value1)" name="tMeasurementsWithLabel/testMean(Size=value1) &lt;ChangQingsAlgorithm&gt;" time="0.11252"/>
      <testcase classname="tMeasurementsWithLabel/testMean(Size=value1)" name="tMeasurementsWithLabel/testMean(Size=value1)" time="0.002102"/>
      <testcase classname="tMeasurementsWithLabel/testMean(Size=value1)" name="tMeasurementsWithLabel/testMean(Size=value1) &lt;ChangQingsAlgorithm&gt;" time="0.083192"/>
      <testcase classname="tMeasurementsWithLabel/testMean(Size=value1)" name="tMeasurementsWithLabel/testMean(Size=value1)" time="0.0022765"/>
      <testcase classname="tMeasurementsWithLabel/testMean(Size=value1)" name="tMeasurementsWithLabel/testMean(Size=value1) &lt;ChangQingsAlgorithm&gt;" time="0.086738"/>
      <testcase classname="tMeasurementsWithLabel/testMean(Size=value1)" name="tMeasurementsWithLabel/testMean(Size=value1)" time="0.0022442"/>
      <testcase classname="tMeasurementsWithLabel/testMean(Size=value1)" name="tMeasurementsWithLabel/testMean(Size=value1) &lt;ChangQingsAlgorithm&gt;" time="0.086388"/>
      <testcase classname="tMeasurementsWithLabel/testMean(Size=value1)" name="tMeasurementsWithLabel/testMean(Size=value1)" time="0.0021351"/>
      <testcase classname="tMeasurementsWithLabel/testMean(Size=value1)" name="tMeasurementsWithLabel/testMean(Size=value1) &lt;ChangQingsAlgorithm&gt;" time="0.081894"/>
   </testsuite>
   <testsuite errors="0" failures="0" name="tMeasurementsWithLabel/testMean(Size=value2)" skipped="0" tests="64" time="0">
      <testcase classname="tMeasurementsWithLabel/testMean(Size=value2)" name="tMeasurementsWithLabel/testMean(Size=value2)" time="0.007674"/>
      <testcase classname="tMeasurementsWithLabel/testMean(Size=value2)" name="tMeasurementsWithLabel/testMean(Size=value2) &lt;ChangQingsAlgorithm&gt;" time="0.44101"/>
      <testcase classname="tMeasurementsWithLabel/testMean(Size=value2)" name="tMeasurementsWithLabel/testMean(Size=value2)" time="0.0076174"/>
      <testcase classname="tMeasurementsWithLabel/testMean(Size=value2)" name="tMeasurementsWithLabel/testMean(Size=value2) &lt;ChangQingsAlgorithm&gt;" time="0.3749"/>
      <testcase classname="tMeasurementsWithLabel/testMean(Size=value2)" name="tMeasurementsWithLabel/testMean(Size=value2)" time="0.003702"/>
      <testcase classname="tMeasurementsWithLabel/testMean(Size=value2)" name="tMeasurementsWithLabel/testMean(Size=value2) &lt;ChangQingsAlgorithm&gt;" time="0.38595"/>
      <testcase classname="tMeasurementsWithLabel/testMean(Size=value2)" name="tMeasurementsWithLabel/testMean(Size=value2)" time="0.0077597"/>
      <testcase classname="tMeasurementsWithLabel/testMean(Size=value2)" name="tMeasurementsWithLabel/testMean(Size=value2) &lt;ChangQingsAlgorithm&gt;" time="0.38907"/>
      <testcase classname="tMeasurementsWithLabel/testMean(Size=value2)" name="tMeasurementsWithLabel/testMean(Size=value2)" time="0.0075042"/>
      <testcase classname="tMeasurementsWithLabel/testMean(Size=value2)" name="tMeasurementsWithLabel/testMean(Size=value2) &lt;ChangQingsAlgorithm&gt;" time="0.3764"/>
      <testcase classname="tMeasurementsWithLabel/testMean(Size=value2)" name="tMeasurementsWithLabel/testMean(Size=value2)" time="0.0076412"/>
      <testcase classname="tMeasurementsWithLabel/testMean(Size=value2)" name="tMeasurementsWithLabel/testMean(Size=value2) &lt;ChangQingsAlgorithm&gt;" time="0.41146"/>
      <testcase classname="tMeasurementsWithLabel/testMean(Size=value2)" name="tMeasurementsWithLabel/testMean(Size=value2)" time="0.007543"/>
      <testcase classname="tMeasurementsWithLabel/testMean(Size=value2)" name="tMeasurementsWithLabel/testMean(Size=value2) &lt;ChangQingsAlgorithm&gt;" time="0.37977"/>
      <testcase classname="tMeasurementsWithLabel/testMean(Size=value2)" name="tMeasurementsWithLabel/testMean(Size=value2)" time="0.006116"/>
      <testcase classname="tMeasurementsWithLabel/testMean(Size=value2)" name="tMeasurementsWithLabel/testMean(Size=value2) &lt;ChangQingsAlgorithm&gt;" time="0.38229"/>
      <testcase classname="tMeasurementsWithLabel/testMean(Size=value2)" name="tMeasurementsWithLabel/testMean(Size=value2)" time="0.0063703"/>
      <testcase classname="tMeasurementsWithLabel/testMean(Size=value2)" name="tMeasurementsWithLabel/testMean(Size=value2) &lt;ChangQingsAlgorithm&gt;" time="0.37669"/>
      <testcase classname="tMeasurementsWithLabel/testMean(Size=value2)" name="tMeasurementsWithLabel/testMean(Size=value2)" time="0.0077089"/>
      <testcase classname="tMeasurementsWithLabel/testMean(Size=value2)" name="tMeasurementsWithLabel/testMean(Size=value2) &lt;ChangQingsAlgorithm&gt;" time="0.37705"/>
      <testcase classname="tMeasurementsWithLabel/testMean(Size=value2)" name="tMeasurementsWithLabel/testMean(Size=value2)" time="0.0077934"/>
      <testcase classname="tMeasurementsWithLabel/testMean(Size=value2)" name="tMeasurementsWithLabel/testMean(Size=value2) &lt;ChangQingsAlgorithm&gt;" time="0.39378"/>
      <testcase classname="tMeasurementsWithLabel/testMean(Size=value2)" name="tMeasurementsWithLabel/testMean(Size=value2)" time="0.0046762"/>
      <testcase classname="tMeasurementsWithLabel/testMean(Size=value2)" name="tMeasurementsWithLabel/testMean(Size=value2) &lt;ChangQingsAlgorithm&gt;" time="0.38808"/>
      <testcase classname="tMeasurementsWithLabel/testMean(Size=value2)" name="tMeasurementsWithLabel/testMean(Size=value2)" time="0.0037023"/>
      <testcase classname="tMeasurementsWithLabel/testMean(Size=value2)" name="tMeasurementsWithLabel/testMean(Size=value2) &lt;ChangQingsAlgorithm&gt;" time="0.3826"/>
      <testcase classname="tMeasurementsWithLabel/testMean(Size=value2)" name="tMeasurementsWithLabel/testMean(Size=value2)" time="0.0036973"/>
      <testcase classname="tMeasurementsWithLabel/testMean(Size=value2)" name="tMeasurementsWithLabel/testMean(Size=value2) &lt;ChangQingsAlgorithm&gt;" time="0.3914"/>
      <testcase classname="tMeasurementsWithLabel/testMean(Size=value2)" name="tMeasurementsWithLabel/testMean(Size=value2)" time="0.0039008"/>
      <testcase classname="tMeasurementsWithLabel/testMean(Size=value2)" name="tMeasurementsWithLabel/testMean(Size=value2) &lt;ChangQingsAlgorithm&gt;" time="0.39035"/>
      <testcase classname="tMeasurementsWithLabel/testMean(Size=value2)" name="tMeasurementsWithLabel/testMean(Size=value2)" time="0.0079714"/>
      <testcase classname="tMeasurementsWithLabel/testMean(Size=value2)" name="tMeasurementsWithLabel/testMean(Size=value2) &lt;ChangQingsAlgorithm&gt;" time="0.38155"/>
      <testcase classname="tMeasurementsWithLabel/testMean(Size=value2)" name="tMeasurementsWithLabel/testMean(Size=value2)" time="0.0075978"/>
      <testcase classname="tMeasurementsWithLabel/testMean(Size=value2)" name="tMeasurementsWithLabel/testMean(Size=value2) &lt;ChangQingsAlgorithm&gt;" time="0.37935"/>
      <testcase classname="tMeasurementsWithLabel/testMean(Size=value2)" name="tMeasurementsWithLabel/testMean(Size=value2)" time="0.0074784"/>
      <testcase classname="tMeasurementsWithLabel/testMean(Size=value2)" name="tMeasurementsWithLabel/testMean(Size=value2) &lt;ChangQingsAlgorithm&gt;" time="0.46265"/>
      <testcase classname="tMeasurementsWithLabel/testMean(Size=value2)" name="tMeasurementsWithLabel/testMean(Size=value2)" time="0.0079764"/>
      <testcase classname="tMeasurementsWithLabel/testMean(Size=value2)" name="tMeasurementsWithLabel/testMean(Size=value2) &lt;ChangQingsAlgorithm&gt;" time="0.43711"/>
      <testcase classname="tMeasurementsWithLabel/testMean(Size=value2)" name="tMeasurementsWithLabel/testMean(Size=value2)" time="0.0076963"/>
      <testcase classname="tMeasurementsWithLabel/testMean(Size=value2)" name="tMeasurementsWithLabel/testMean(Size=value2) &lt;ChangQingsAlgorithm&gt;" time="0.39487"/>
      <testcase classname="tMeasurementsWithLabel/testMean(Size=value2)" name="tMeasurementsWithLabel/testMean(Size=value2)" time="0.0075154"/>
      <testcase classname="tMeasurementsWithLabel/testMean(Size=value2)" name="tMeasurementsWithLabel/testMean(Size=value2) &lt;ChangQingsAlgorithm&gt;" time="0.38654"/>
      <testcase classname="tMeasurementsWithLabel/testMean(Size=value2)" name="tMeasurementsWithLabel/testMean(Size=value2)" time="0.0037427"/>
      <testcase classname="tMeasurementsWithLabel/testMean(Size=value2)" name="tMeasurementsWithLabel/testMean(Size=value2) &lt;ChangQingsAlgorithm&gt;" time="0.41025"/>
      <testcase classname="tMeasurementsWithLabel/testMean(Size=value2)" name="tMeasurementsWithLabel/testMean(Size=value2)" time="0.0067116"/>
      <testcase classname="tMeasurementsWithLabel/testMean(Size=value2)" name="tMeasurementsWithLabel/testMean(Size=value2) &lt;ChangQingsAlgorithm&gt;" time="0.39416"/>
      <testcase classname="tMeasurementsWithLabel/testMean(Size=value2)" name="tMeasurementsWithLabel/testMean(Size=value2)" time="0.0074171"/>
      <testcase classname="tMeasurementsWithLabel/testMean(Size=value2)" name="tMeasurementsWithLabel/testMean(Size=value2) &lt;ChangQingsAlgorithm&gt;" time="0.40336"/>
      <testcase classname="tMeasurementsWithLabel/testMean(Size=value2)" name="tMeasurementsWithLabel/testMean(Size=value2)" time="0.0078946"/>
      <testcase classname="tMeasurementsWithLabel/testMean(Size=value2)" name="tMeasurementsWithLabel/testMean(Size=value2) &lt;ChangQingsAlgorithm&gt;" time="0.37725"/>
      <testcase classname="tMeasurementsWithLabel/testMean(Size=value2)" name="tMeasurementsWithLabel/testMean(Size=value2)" time="0.0075691"/>
      <testcase classname="tMeasurementsWithLabel/testMean(Size=value2)" name="tMeasurementsWithLabel/testMean(Size=value2) &lt;ChangQingsAlgorithm&gt;" time="0.38201"/>
      <testcase classname="tMeasurementsWithLabel/testMean(Size=value2)" name="tMeasurementsWithLabel/testMean(Size=value2)" time="0.0074913"/>
      <testcase classname="tMeasurementsWithLabel/testMean(Size=value2)" name="tMeasurementsWithLabel/testMean(Size=value2) &lt;ChangQingsAlgorithm&gt;" time="0.37487"/>
      <testcase classname="tMeasurementsWithLabel/testMean(Size=value2)" name="tMeasurementsWithLabel/testMean(Size=value2)" time="0.0079171"/>
      <testcase classname="tMeasurementsWithLabel/testMean(Size=value2)" name="tMeasurementsWithLabel/testMean(Size=value2) &lt;ChangQingsAlgorithm&gt;" time="0.44671"/>
      <testcase classname="tMeasurementsWithLabel/testMean(Size=value2)" name="tMeasurementsWithLabel/testMean(Size=value2)" time="0.007428"/>
      <testcase classname="tMeasurementsWithLabel/testMean(Size=value2)" name="tMeasurementsWithLabel/testMean(Size=value2) &lt;ChangQingsAlgorithm&gt;" time="0.41161"/>
      <testcase classname="tMeasurementsWithLabel/testMean(Size=value2)" name="tMeasurementsWithLabel/testMean(Size=value2)" time="0.0074374"/>
      <testcase classname="tMeasurementsWithLabel/testMean(Size=value2)" name="tMeasurementsWithLabel/testMean(Size=value2) &lt;ChangQingsAlgorithm&gt;" time="0.4023"/>
      <testcase classname="tMeasurementsWithLabel/testMean(Size=value2)" name="tMeasurementsWithLabel/testMean(Size=value2)" time="0.007611"/>
      <testcase classname="tMeasurementsWithLabel/testMean(Size=value2)" name="tMeasurementsWithLabel/testMean(Size=value2) &lt;ChangQingsAlgorithm&gt;" time="0.42474"/>
      <testcase classname="tMeasurementsWithLabel/testMean(Size=value2)" name="tMeasurementsWithLabel/testMean(Size=value2)" time="0.0081344"/>
      <testcase classname="tMeasurementsWithLabel/testMean(Size=value2)" name="tMeasurementsWithLabel/testMean(Size=value2) &lt;ChangQingsAlgorithm&gt;" time="0.39202"/>
   </testsuite>
   <testsuite errors="0" failures="0" name="tMeasurementsWithLabel/testLoop" skipped="0" tests="320" time="0">
      <testcase classname="tMeasurementsWithLabel/testLoop" name="tMeasurementsWithLabel/testLoop &lt;L1&gt;" time="0.0010885"/>
      <testcase classname="tMeasurementsWithLabel/testLoop" name="tMeasurementsWithLabel/testLoop &lt;L2&gt;" time="0.0020765"/>
      <testcase classname="tMeasurementsWithLabel/testLoop" name="tMeasurementsWithLabel/testLoop &lt;L3&gt;" time="0.0030759"/>
      <testcase classname="tMeasurementsWithLabel/testLoop" name="tMeasurementsWithLabel/testLoop &lt;L4&gt;" time="0.0042501"/>
      <testcase classname="tMeasurementsWithLabel/testLoop" name="tMeasurementsWithLabel/testLoop &lt;L5&gt;" time="0.005082"/>
      <testcase classname="tMeasurementsWithLabel/testLoop" name="tMeasurementsWithLabel/testLoop &lt;L6&gt;" time="0.0063456"/>
      <testcase classname="tMeasurementsWithLabel/testLoop" name="tMeasurementsWithLabel/testLoop &lt;L7&gt;" time="0.007082"/>
      <testcase classname="tMeasurementsWithLabel/testLoop" name="tMeasurementsWithLabel/testLoop &lt;L8&gt;" time="0.0081165"/>
      <testcase classname="tMeasurementsWithLabel/testLoop" name="tMeasurementsWithLabel/testLoop &lt;L9&gt;" time="0.0090919"/>
      <testcase classname="tMeasurementsWithLabel/testLoop" name="tMeasurementsWithLabel/testLoop &lt;L10&gt;" time="0.010101"/>
      <testcase classname="tMeasurementsWithLabel/testLoop" name="tMeasurementsWithLabel/testLoop &lt;L1&gt;" time="0.001095"/>
      <testcase classname="tMeasurementsWithLabel/testLoop" name="tMeasurementsWithLabel/testLoop &lt;L2&gt;" time="0.0021522"/>
      <testcase classname="tMeasurementsWithLabel/testLoop" name="tMeasurementsWithLabel/testLoop &lt;L3&gt;" time="0.0030785"/>
      <testcase classname="tMeasurementsWithLabel/testLoop" name="tMeasurementsWithLabel/testLoop &lt;L4&gt;" time="0.004077"/>
      <testcase classname="tMeasurementsWithLabel/testLoop" name="tMeasurementsWithLabel/testLoop &lt;L5&gt;" time="0.0050791"/>
      <testcase classname="tMeasurementsWithLabel/testLoop" name="tMeasurementsWithLabel/testLoop &lt;L6&gt;" time="0.0060714"/>
      <testcase classname="tMeasurementsWithLabel/testLoop" name="tMeasurementsWithLabel/testLoop &lt;L7&gt;" time="0.0071142"/>
      <testcase classname="tMeasurementsWithLabel/testLoop" name="tMeasurementsWithLabel/testLoop &lt;L8&gt;" time="0.008079"/>
      <testcase classname="tMeasurementsWithLabel/testLoop" name="tMeasurementsWithLabel/testLoop &lt;L9&gt;" time="0.0092127"/>
      <testcase classname="tMeasurementsWithLabel/testLoop" name="tMeasurementsWithLabel/testLoop &lt;L10&gt;" time="0.01081"/>
      <testcase classname="tMeasurementsWithLabel/testLoop" name="tMeasurementsWithLabel/testLoop &lt;L1&gt;" time="0.0010856"/>
      <testcase classname="tMeasurementsWithLabel/testLoop" name="tMeasurementsWithLabel/testLoop &lt;L2&gt;" time="0.0025741"/>
      <testcase classname="tMeasurementsWithLabel/testLoop" name="tMeasurementsWithLabel/testLoop &lt;L3&gt;" time="0.0030859"/>
      <testcase classname="tMeasurementsWithLabel/testLoop" name="tMeasurementsWithLabel/testLoop &lt;L4&gt;" time="0.0040759"/>
      <testcase classname="tMeasurementsWithLabel/testLoop" name="tMeasurementsWithLabel/testLoop &lt;L5&gt;" time="0.0050817"/>
      <testcase classname="tMeasurementsWithLabel/testLoop" name="tMeasurementsWithLabel/testLoop &lt;L6&gt;" time="0.0060811"/>
      <testcase classname="tMeasurementsWithLabel/testLoop" name="tMeasurementsWithLabel/testLoop &lt;L7&gt;" time="0.0073406"/>
      <testcase classname="tMeasurementsWithLabel/testLoop" name="tMeasurementsWithLabel/testLoop &lt;L8&gt;" time="0.0081042"/>
      <testcase classname="tMeasurementsWithLabel/testLoop" name="tMeasurementsWithLabel/testLoop &lt;L9&gt;" time="0.0094869"/>
      <testcase classname="tMeasurementsWithLabel/testLoop" name="tMeasurementsWithLabel/testLoop &lt;L10&gt;" time="0.010136"/>
      <testcase classname="tMeasurementsWithLabel/testLoop" name="tMeasurementsWithLabel/testLoop &lt;L1&gt;" time="0.0010991"/>
      <testcase classname="tMeasurementsWithLabel/testLoop" name="tMeasurementsWithLabel/testLoop &lt;L2&gt;" time="0.0026853"/>
      <testcase classname="tMeasurementsWithLabel/testLoop" name="tMeasurementsWithLabel/testLoop &lt;L3&gt;" time="0.0030727"/>
      <testcase classname="tMeasurementsWithLabel/testLoop" name="tMeasurementsWithLabel/testLoop &lt;L4&gt;" time="0.0040765"/>
      <testcase classname="tMeasurementsWithLabel/testLoop" name="tMeasurementsWithLabel/testLoop &lt;L5&gt;" time="0.0051395"/>
      <testcase classname="tMeasurementsWithLabel/testLoop" name="tMeasurementsWithLabel/testLoop &lt;L6&gt;" time="0.0067993"/>
      <testcase classname="tMeasurementsWithLabel/testLoop" name="tMeasurementsWithLabel/testLoop &lt;L7&gt;" time="0.0079479"/>
      <testcase classname="tMeasurementsWithLabel/testLoop" name="tMeasurementsWithLabel/testLoop &lt;L8&gt;" time="0.0087731"/>
      <testcase classname="tMeasurementsWithLabel/testLoop" name="tMeasurementsWithLabel/testLoop &lt;L9&gt;" time="0.0090951"/>
      <testcase classname="tMeasurementsWithLabel/testLoop" name="tMeasurementsWithLabel/testLoop &lt;L10&gt;" time="0.010112"/>
      <testcase classname="tMeasurementsWithLabel/testLoop" name="tMeasurementsWithLabel/testLoop &lt;L1&gt;" time="0.0010868"/>
      <testcase classname="tMeasurementsWithLabel/testLoop" name="tMeasurementsWithLabel/testLoop &lt;L2&gt;" time="0.0020791"/>
      <testcase classname="tMeasurementsWithLabel/testLoop" name="tMeasurementsWithLabel/testLoop &lt;L3&gt;" time="0.0030744"/>
      <testcase classname="tMeasurementsWithLabel/testLoop" name="tMeasurementsWithLabel/testLoop &lt;L4&gt;" time="0.0040791"/>
      <testcase classname="tMeasurementsWithLabel/testLoop" name="tMeasurementsWithLabel/testLoop &lt;L5&gt;" time="0.0055172"/>
      <testcase classname="tMeasurementsWithLabel/testLoop" name="tMeasurementsWithLabel/testLoop &lt;L6&gt;" time="0.0060764"/>
      <testcase classname="tMeasurementsWithLabel/testLoop" name="tMeasurementsWithLabel/testLoop &lt;L7&gt;" time="0.0070782"/>
      <testcase classname="tMeasurementsWithLabel/testLoop" name="tMeasurementsWithLabel/testLoop &lt;L8&gt;" time="0.0083077"/>
      <testcase classname="tMeasurementsWithLabel/testLoop" name="tMeasurementsWithLabel/testLoop &lt;L9&gt;" time="0.0095324"/>
      <testcase classname="tMeasurementsWithLabel/testLoop" name="tMeasurementsWithLabel/testLoop &lt;L10&gt;" time="0.010839"/>
      <testcase classname="tMeasurementsWithLabel/testLoop" name="tMeasurementsWithLabel/testLoop &lt;L1&gt;" time="0.0010882"/>
      <testcase classname="tMeasurementsWithLabel/testLoop" name="tMeasurementsWithLabel/testLoop &lt;L2&gt;" time="0.0028991"/>
      <testcase classname="tMeasurementsWithLabel/testLoop" name="tMeasurementsWithLabel/testLoop &lt;L3&gt;" time="0.0030501"/>
      <testcase classname="tMeasurementsWithLabel/testLoop" name="tMeasurementsWithLabel/testLoop &lt;L4&gt;" time="0.0045764"/>
      <testcase classname="tMeasurementsWithLabel/testLoop" name="tMeasurementsWithLabel/testLoop &lt;L5&gt;" time="0.0059052"/>
      <testcase classname="tMeasurementsWithLabel/testLoop" name="tMeasurementsWithLabel/testLoop &lt;L6&gt;" time="0.0060535"/>
      <testcase classname="tMeasurementsWithLabel/testLoop" name="tMeasurementsWithLabel/testLoop &lt;L7&gt;" time="0.0070532"/>
      <testcase classname="tMeasurementsWithLabel/testLoop" name="tMeasurementsWithLabel/testLoop &lt;L8&gt;" time="0.0081201"/>
      <testcase classname="tMeasurementsWithLabel/testLoop" name="tMeasurementsWithLabel/testLoop &lt;L9&gt;" time="0.0090632"/>
      <testcase classname="tMeasurementsWithLabel/testLoop" name="tMeasurementsWithLabel/testLoop &lt;L10&gt;" time="0.010066"/>
      <testcase classname="tMeasurementsWithLabel/testLoop" name="tMeasurementsWithLabel/testLoop &lt;L1&gt;" time="0.0010592"/>
      <testcase classname="tMeasurementsWithLabel/testLoop" name="tMeasurementsWithLabel/testLoop &lt;L2&gt;" time="0.0030002"/>
      <testcase classname="tMeasurementsWithLabel/testLoop" name="tMeasurementsWithLabel/testLoop &lt;L3&gt;" time="0.0030557"/>
      <testcase classname="tMeasurementsWithLabel/testLoop" name="tMeasurementsWithLabel/testLoop &lt;L4&gt;" time="0.0040562"/>
      <testcase classname="tMeasurementsWithLabel/testLoop" name="tMeasurementsWithLabel/testLoop &lt;L5&gt;" time="0.0057459"/>
      <testcase classname="tMeasurementsWithLabel/testLoop" name="tMeasurementsWithLabel/testLoop &lt;L6&gt;" time="0.0068679"/>
      <testcase classname="tMeasurementsWithLabel/testLoop" name="tMeasurementsWithLabel/testLoop &lt;L7&gt;" time="0.0070523"/>
      <testcase classname="tMeasurementsWithLabel/testLoop" name="tMeasurementsWithLabel/testLoop &lt;L8&gt;" time="0.0080541"/>
      <testcase classname="tMeasurementsWithLabel/testLoop" name="tMeasurementsWithLabel/testLoop &lt;L9&gt;" time="0.0090769"/>
      <testcase classname="tMeasurementsWithLabel/testLoop" name="tMeasurementsWithLabel/testLoop &lt;L10&gt;" time="0.010732"/>
      <testcase classname="tMeasurementsWithLabel/testLoop" name="tMeasurementsWithLabel/testLoop &lt;L1&gt;" time="0.0010654"/>
      <testcase classname="tMeasurementsWithLabel/testLoop" name="tMeasurementsWithLabel/testLoop &lt;L2&gt;" time="0.0024046"/>
      <testcase classname="tMeasurementsWithLabel/testLoop" name="tMeasurementsWithLabel/testLoop &lt;L3&gt;" time="0.0031721"/>
      <testcase classname="tMeasurementsWithLabel/testLoop" name="tMeasurementsWithLabel/testLoop &lt;L4&gt;" time="0.0040597"/>
      <testcase classname="tMeasurementsWithLabel/testLoop" name="tMeasurementsWithLabel/testLoop &lt;L5&gt;" time="0.0054741"/>
      <testcase classname="tMeasurementsWithLabel/testLoop" name="tMeasurementsWithLabel/testLoop &lt;L6&gt;" time="0.0068817"/>
      <testcase classname="tMeasurementsWithLabel/testLoop" name="tMeasurementsWithLabel/testLoop &lt;L7&gt;" time="0.0078969"/>
      <testcase classname="tMeasurementsWithLabel/testLoop" name="tMeasurementsWithLabel/testLoop &lt;L8&gt;" time="0.0081271"/>
      <testcase classname="tMeasurementsWithLabel/testLoop" name="tMeasurementsWithLabel/testLoop &lt;L9&gt;" time="0.0090649"/>
      <testcase classname="tMeasurementsWithLabel/testLoop" name="tMeasurementsWithLabel/testLoop &lt;L10&gt;" time="0.010058"/>
      <testcase classname="tMeasurementsWithLabel/testLoop" name="tMeasurementsWithLabel/testLoop &lt;L1&gt;" time="0.0010665"/>
      <testcase classname="tMeasurementsWithLabel/testLoop" name="tMeasurementsWithLabel/testLoop &lt;L2&gt;" time="0.0020959"/>
      <testcase classname="tMeasurementsWithLabel/testLoop" name="tMeasurementsWithLabel/testLoop &lt;L3&gt;" time="0.0033055"/>
      <testcase classname="tMeasurementsWithLabel/testLoop" name="tMeasurementsWithLabel/testLoop &lt;L4&gt;" time="0.0041316"/>
      <testcase classname="tMeasurementsWithLabel/testLoop" name="tMeasurementsWithLabel/testLoop &lt;L5&gt;" time="0.0052879"/>
      <testcase classname="tMeasurementsWithLabel/testLoop" name="tMeasurementsWithLabel/testLoop &lt;L6&gt;" time="0.0061266"/>
      <testcase classname="tMeasurementsWithLabel/testLoop" name="tMeasurementsWithLabel/testLoop &lt;L7&gt;" time="0.0070512"/>
      <testcase classname="tMeasurementsWithLabel/testLoop" name="tMeasurementsWithLabel/testLoop &lt;L8&gt;" time="0.0080512"/>
      <testcase classname="tMeasurementsWithLabel/testLoop" name="tMeasurementsWithLabel/testLoop &lt;L9&gt;" time="0.0090582"/>
      <testcase classname="tMeasurementsWithLabel/testLoop" name="tMeasurementsWithLabel/testLoop &lt;L10&gt;" time="0.010549"/>
      <testcase classname="tMeasurementsWithLabel/testLoop" name="tMeasurementsWithLabel/testLoop &lt;L1&gt;" time="0.0010877"/>
      <testcase classname="tMeasurementsWithLabel/testLoop" name="tMeasurementsWithLabel/testLoop &lt;L2&gt;" time="0.0023193"/>
      <testcase classname="tMeasurementsWithLabel/testLoop" name="tMeasurementsWithLabel/testLoop &lt;L3&gt;" time="0.0033498"/>
      <testcase classname="tMeasurementsWithLabel/testLoop" name="tMeasurementsWithLabel/testLoop &lt;L4&gt;" time="0.0044803"/>
      <testcase classname="tMeasurementsWithLabel/testLoop" name="tMeasurementsWithLabel/testLoop &lt;L5&gt;" time="0.005177"/>
      <testcase classname="tMeasurementsWithLabel/testLoop" name="tMeasurementsWithLabel/testLoop &lt;L6&gt;" time="0.0064292"/>
      <testcase classname="tMeasurementsWithLabel/testLoop" name="tMeasurementsWithLabel/testLoop &lt;L7&gt;" time="0.0071207"/>
      <testcase classname="tMeasurementsWithLabel/testLoop" name="tMeasurementsWithLabel/testLoop &lt;L8&gt;" time="0.0081259"/>
      <testcase classname="tMeasurementsWithLabel/testLoop" name="tMeasurementsWithLabel/testLoop &lt;L9&gt;" time="0.0091268"/>
      <testcase classname="tMeasurementsWithLabel/testLoop" name="tMeasurementsWithLabel/testLoop &lt;L10&gt;" time="0.010143"/>
      <testcase classname="tMeasurementsWithLabel/testLoop" name="tMeasurementsWithLabel/testLoop &lt;L1&gt;" time="0.0010745"/>
      <testcase classname="tMeasurementsWithLabel/testLoop" name="tMeasurementsWithLabel/testLoop &lt;L2&gt;" time="0.0030938"/>
      <testcase classname="tMeasurementsWithLabel/testLoop" name="tMeasurementsWithLabel/testLoop &lt;L3&gt;" time="0.0030618"/>
      <testcase classname="tMeasurementsWithLabel/testLoop" name="tMeasurementsWithLabel/testLoop &lt;L4&gt;" time="0.004063"/>
      <testcase classname="tMeasurementsWithLabel/testLoop" name="tMeasurementsWithLabel/testLoop &lt;L5&gt;" time="0.0050958"/>
      <testcase classname="tMeasurementsWithLabel/testLoop" name="tMeasurementsWithLabel/testLoop &lt;L6&gt;" time="0.0060618"/>
      <testcase classname="tMeasurementsWithLabel/testLoop" name="tMeasurementsWithLabel/testLoop &lt;L7&gt;" time="0.0070691"/>
      <testcase classname="tMeasurementsWithLabel/testLoop" name="tMeasurementsWithLabel/testLoop &lt;L8&gt;" time="0.0080685"/>
      <testcase classname="tMeasurementsWithLabel/testLoop" name="tMeasurementsWithLabel/testLoop &lt;L9&gt;" time="0.0090632"/>
      <testcase classname="tMeasurementsWithLabel/testLoop" name="tMeasurementsWithLabel/testLoop &lt;L10&gt;" time="0.01007"/>
      <testcase classname="tMeasurementsWithLabel/testLoop" name="tMeasurementsWithLabel/testLoop &lt;L1&gt;" time="0.0010689"/>
      <testcase classname="tMeasurementsWithLabel/testLoop" name="tMeasurementsWithLabel/testLoop &lt;L2&gt;" time="0.0027381"/>
      <testcase classname="tMeasurementsWithLabel/testLoop" name="tMeasurementsWithLabel/testLoop &lt;L3&gt;" time="0.0030489"/>
      <testcase classname="tMeasurementsWithLabel/testLoop" name="tMeasurementsWithLabel/testLoop &lt;L4&gt;" time="0.0047213"/>
      <testcase classname="tMeasurementsWithLabel/testLoop" name="tMeasurementsWithLabel/testLoop &lt;L5&gt;" time="0.0058113"/>
      <testcase classname="tMeasurementsWithLabel/testLoop" name="tMeasurementsWithLabel/testLoop &lt;L6&gt;" time="0.00605"/>
      <testcase classname="tMeasurementsWithLabel/testLoop" name="tMeasurementsWithLabel/testLoop &lt;L7&gt;" time="0.0078893"/>
      <testcase classname="tMeasurementsWithLabel/testLoop" name="tMeasurementsWithLabel/testLoop &lt;L8&gt;" time="0.0081573"/>
      <testcase classname="tMeasurementsWithLabel/testLoop" name="tMeasurementsWithLabel/testLoop &lt;L9&gt;" time="0.0091077"/>
      <testcase classname="tMeasurementsWithLabel/testLoop" name="tMeasurementsWithLabel/testLoop &lt;L10&gt;" time="0.010076"/>
      <testcase classname="tMeasurementsWithLabel/testLoop" name="tMeasurementsWithLabel/testLoop &lt;L1&gt;" time="0.0010674"/>
      <testcase classname="tMeasurementsWithLabel/testLoop" name="tMeasurementsWithLabel/testLoop &lt;L2&gt;" time="0.0021847"/>
      <testcase classname="tMeasurementsWithLabel/testLoop" name="tMeasurementsWithLabel/testLoop &lt;L3&gt;" time="0.0030598"/>
      <testcase classname="tMeasurementsWithLabel/testLoop" name="tMeasurementsWithLabel/testLoop &lt;L4&gt;" time="0.0040603"/>
      <testcase classname="tMeasurementsWithLabel/testLoop" name="tMeasurementsWithLabel/testLoop &lt;L5&gt;" time="0.0052272"/>
      <testcase classname="tMeasurementsWithLabel/testLoop" name="tMeasurementsWithLabel/testLoop &lt;L6&gt;" time="0.0060518"/>
      <testcase classname="tMeasurementsWithLabel/testLoop" name="tMeasurementsWithLabel/testLoop &lt;L7&gt;" time="0.0070488"/>
      <testcase classname="tMeasurementsWithLabel/testLoop" name="tMeasurementsWithLabel/testLoop &lt;L8&gt;" time="0.0080567"/>
      <testcase classname="tMeasurementsWithLabel/testLoop" name="tMeasurementsWithLabel/testLoop &lt;L9&gt;" time="0.0090593"/>
      <testcase classname="tMeasurementsWithLabel/testLoop" name="tMeasurementsWithLabel/testLoop &lt;L10&gt;" time="0.010062"/>
      <testcase classname="tMeasurementsWithLabel/testLoop" name="tMeasurementsWithLabel/testLoop &lt;L1&gt;" time="0.0010885"/>
      <testcase classname="tMeasurementsWithLabel/testLoop" name="tMeasurementsWithLabel/testLoop &lt;L2&gt;" time="0.0020639"/>
      <testcase classname="tMeasurementsWithLabel/testLoop" name="tMeasurementsWithLabel/testLoop &lt;L3&gt;" time="0.0039533"/>
      <testcase classname="tMeasurementsWithLabel/testLoop" name="tMeasurementsWithLabel/testLoop &lt;L4&gt;" time="0.004065"/>
      <testcase classname="tMeasurementsWithLabel/testLoop" name="tMeasurementsWithLabel/testLoop &lt;L5&gt;" time="0.0050568"/>
      <testcase classname="tMeasurementsWithLabel/testLoop" name="tMeasurementsWithLabel/testLoop &lt;L6&gt;" time="0.00606"/>
      <testcase classname="tMeasurementsWithLabel/testLoop" name="tMeasurementsWithLabel/testLoop &lt;L7&gt;" time="0.007045"/>
      <testcase classname="tMeasurementsWithLabel/testLoop" name="tMeasurementsWithLabel/testLoop &lt;L8&gt;" time="0.0085726"/>
      <testcase classname="tMeasurementsWithLabel/testLoop" name="tMeasurementsWithLabel/testLoop &lt;L9&gt;" time="0.0091162"/>
      <testcase classname="tMeasurementsWithLabel/testLoop" name="tMeasurementsWithLabel/testLoop &lt;L10&gt;" time="0.011232"/>
      <testcase classname="tMeasurementsWithLabel/testLoop" name="tMeasurementsWithLabel/testLoop &lt;L1&gt;" time="0.0010654"/>
      <testcase classname="tMeasurementsWithLabel/testLoop" name="tMeasurementsWithLabel/testLoop &lt;L2&gt;" time="0.0020516"/>
      <testcase classname="tMeasurementsWithLabel/testLoop" name="tMeasurementsWithLabel/testLoop &lt;L3&gt;" time="0.0037175"/>
      <testcase classname="tMeasurementsWithLabel/testLoop" name="tMeasurementsWithLabel/testLoop &lt;L4&gt;" time="0.00406"/>
      <testcase classname="tMeasurementsWithLabel/testLoop" name="tMeasurementsWithLabel/testLoop &lt;L5&gt;" time="0.005736"/>
      <testcase classname="tMeasurementsWithLabel/testLoop" name="tMeasurementsWithLabel/testLoop &lt;L6&gt;" time="0.0060491"/>
      <testcase classname="tMeasurementsWithLabel/testLoop" name="tMeasurementsWithLabel/testLoop &lt;L7&gt;" time="0.0080227"/>
      <testcase classname="tMeasurementsWithLabel/testLoop" name="tMeasurementsWithLabel/testLoop &lt;L8&gt;" time="0.0080597"/>
      <testcase classname="tMeasurementsWithLabel/testLoop" name="tMeasurementsWithLabel/testLoop &lt;L9&gt;" time="0.0090605"/>
      <testcase classname="tMeasurementsWithLabel/testLoop" name="tMeasurementsWithLabel/testLoop &lt;L10&gt;" time="0.010057"/>
      <testcase classname="tMeasurementsWithLabel/testLoop" name="tMeasurementsWithLabel/testLoop &lt;L1&gt;" time="0.0010639"/>
      <testcase classname="tMeasurementsWithLabel/testLoop" name="tMeasurementsWithLabel/testLoop &lt;L2&gt;" time="0.0020574"/>
      <testcase classname="tMeasurementsWithLabel/testLoop" name="tMeasurementsWithLabel/testLoop &lt;L3&gt;" time="0.0030568"/>
      <testcase classname="tMeasurementsWithLabel/testLoop" name="tMeasurementsWithLabel/testLoop &lt;L4&gt;" time="0.0050022"/>
      <testcase classname="tMeasurementsWithLabel/testLoop" name="tMeasurementsWithLabel/testLoop &lt;L5&gt;" time="0.005172"/>
      <testcase classname="tMeasurementsWithLabel/testLoop" name="tMeasurementsWithLabel/testLoop &lt;L6&gt;" time="0.0060556"/>
      <testcase classname="tMeasurementsWithLabel/testLoop" name="tMeasurementsWithLabel/testLoop &lt;L7&gt;" time="0.0075954"/>
      <testcase classname="tMeasurementsWithLabel/testLoop" name="tMeasurementsWithLabel/testLoop &lt;L8&gt;" time="0.0080693"/>
      <testcase classname="tMeasurementsWithLabel/testLoop" name="tMeasurementsWithLabel/testLoop &lt;L9&gt;" time="0.0090655"/>
      <testcase classname="tMeasurementsWithLabel/testLoop" name="tMeasurementsWithLabel/testLoop &lt;L10&gt;" time="0.010067"/>
      <testcase classname="tMeasurementsWithLabel/testLoop" name="tMeasurementsWithLabel/testLoop &lt;L1&gt;" time="0.0010616"/>
      <testcase classname="tMeasurementsWithLabel/testLoop" name="tMeasurementsWithLabel/testLoop &lt;L2&gt;" time="0.0020522"/>
      <testcase classname="tMeasurementsWithLabel/testLoop" name="tMeasurementsWithLabel/testLoop &lt;L3&gt;" time="0.0030495"/>
      <testcase classname="tMeasurementsWithLabel/testLoop" name="tMeasurementsWithLabel/testLoop &lt;L4&gt;" time="0.0040556"/>
      <testcase classname="tMeasurementsWithLabel/testLoop" name="tMeasurementsWithLabel/testLoop &lt;L5&gt;" time="0.0051078"/>
      <testcase classname="tMeasurementsWithLabel/testLoop" name="tMeasurementsWithLabel/testLoop &lt;L6&gt;" time="0.0060544"/>
      <testcase classname="tMeasurementsWithLabel/testLoop" name="tMeasurementsWithLabel/testLoop &lt;L7&gt;" time="0.0070699"/>
      <testcase classname="tMeasurementsWithLabel/testLoop" name="tMeasurementsWithLabel/testLoop &lt;L8&gt;" time="0.0080561"/>
      <testcase classname="tMeasurementsWithLabel/testLoop" name="tMeasurementsWithLabel/testLoop &lt;L9&gt;" time="0.0095054"/>
      <testcase classname="tMeasurementsWithLabel/testLoop" name="tMeasurementsWithLabel/testLoop &lt;L10&gt;" time="0.010061"/>
      <testcase classname="tMeasurementsWithLabel/testLoop" name="tMeasurementsWithLabel/testLoop &lt;L1&gt;" time="0.001097"/>
      <testcase classname="tMeasurementsWithLabel/testLoop" name="tMeasurementsWithLabel/testLoop &lt;L2&gt;" time="0.0020586"/>
      <testcase classname="tMeasurementsWithLabel/testLoop" name="tMeasurementsWithLabel/testLoop &lt;L3&gt;" time="0.0030533"/>
      <testcase classname="tMeasurementsWithLabel/testLoop" name="tMeasurementsWithLabel/testLoop &lt;L4&gt;" time="0.0045354"/>
      <testcase classname="tMeasurementsWithLabel/testLoop" name="tMeasurementsWithLabel/testLoop &lt;L5&gt;" time="0.0050518"/>
      <testcase classname="tMeasurementsWithLabel/testLoop" name="tMeasurementsWithLabel/testLoop &lt;L6&gt;" time="0.006109"/>
      <testcase classname="tMeasurementsWithLabel/testLoop" name="tMeasurementsWithLabel/testLoop &lt;L7&gt;" time="0.0070644"/>
      <testcase classname="tMeasurementsWithLabel/testLoop" name="tMeasurementsWithLabel/testLoop &lt;L8&gt;" time="0.0082083"/>
      <testcase classname="tMeasurementsWithLabel/testLoop" name="tMeasurementsWithLabel/testLoop &lt;L9&gt;" time="0.0097294"/>
      <testcase classname="tMeasurementsWithLabel/testLoop" name="tMeasurementsWithLabel/testLoop &lt;L10&gt;" time="0.010205"/>
      <testcase classname="tMeasurementsWithLabel/testLoop" name="tMeasurementsWithLabel/testLoop &lt;L1&gt;" time="0.0010715"/>
      <testcase classname="tMeasurementsWithLabel/testLoop" name="tMeasurementsWithLabel/testLoop &lt;L2&gt;" time="0.0020824"/>
      <testcase classname="tMeasurementsWithLabel/testLoop" name="tMeasurementsWithLabel/testLoop &lt;L3&gt;" time="0.0030527"/>
      <testcase classname="tMeasurementsWithLabel/testLoop" name="tMeasurementsWithLabel/testLoop &lt;L4&gt;" time="0.0047849"/>
      <testcase classname="tMeasurementsWithLabel/testLoop" name="tMeasurementsWithLabel/testLoop &lt;L5&gt;" time="0.0050908"/>
      <testcase classname="tMeasurementsWithLabel/testLoop" name="tMeasurementsWithLabel/testLoop &lt;L6&gt;" time="0.0060544"/>
      <testcase classname="tMeasurementsWithLabel/testLoop" name="tMeasurementsWithLabel/testLoop &lt;L7&gt;" time="0.0070658"/>
      <testcase classname="tMeasurementsWithLabel/testLoop" name="tMeasurementsWithLabel/testLoop &lt;L8&gt;" time="0.0081611"/>
      <testcase classname="tMeasurementsWithLabel/testLoop" name="tMeasurementsWithLabel/testLoop &lt;L9&gt;" time="0.0090717"/>
      <testcase classname="tMeasurementsWithLabel/testLoop" name="tMeasurementsWithLabel/testLoop &lt;L10&gt;" time="0.010562"/>
      <testcase classname="tMeasurementsWithLabel/testLoop" name="tMeasurementsWithLabel/testLoop &lt;L1&gt;" time="0.0011531"/>
      <testcase classname="tMeasurementsWithLabel/testLoop" name="tMeasurementsWithLabel/testLoop &lt;L2&gt;" time="0.0021093"/>
      <testcase classname="tMeasurementsWithLabel/testLoop" name="tMeasurementsWithLabel/testLoop &lt;L3&gt;" time="0.0031026"/>
      <testcase classname="tMeasurementsWithLabel/testLoop" name="tMeasurementsWithLabel/testLoop &lt;L4&gt;" time="0.0040738"/>
      <testcase classname="tMeasurementsWithLabel/testLoop" name="tMeasurementsWithLabel/testLoop &lt;L5&gt;" time="0.0050676"/>
      <testcase classname="tMeasurementsWithLabel/testLoop" name="tMeasurementsWithLabel/testLoop &lt;L6&gt;" time="0.0060638"/>
      <testcase classname="tMeasurementsWithLabel/testLoop" name="tMeasurementsWithLabel/testLoop &lt;L7&gt;" time="0.0071389"/>
      <testcase classname="tMeasurementsWithLabel/testLoop" name="tMeasurementsWithLabel/testLoop &lt;L8&gt;" time="0.0087558"/>
      <testcase classname="tMeasurementsWithLabel/testLoop" name="tMeasurementsWithLabel/testLoop &lt;L9&gt;" time="0.0098552"/>
      <testcase classname="tMeasurementsWithLabel/testLoop" name="tMeasurementsWithLabel/testLoop &lt;L10&gt;" time="0.010959"/>
      <testcase classname="tMeasurementsWithLabel/testLoop" name="tMeasurementsWithLabel/testLoop &lt;L1&gt;" time="0.0010935"/>
      <testcase classname="tMeasurementsWithLabel/testLoop" name="tMeasurementsWithLabel/testLoop &lt;L2&gt;" time="0.0032337"/>
      <testcase classname="tMeasurementsWithLabel/testLoop" name="tMeasurementsWithLabel/testLoop &lt;L3&gt;" time="0.0033043"/>
      <testcase classname="tMeasurementsWithLabel/testLoop" name="tMeasurementsWithLabel/testLoop &lt;L4&gt;" time="0.0041325"/>
      <testcase classname="tMeasurementsWithLabel/testLoop" name="tMeasurementsWithLabel/testLoop &lt;L5&gt;" time="0.0050767"/>
      <testcase classname="tMeasurementsWithLabel/testLoop" name="tMeasurementsWithLabel/testLoop &lt;L6&gt;" time="0.0061192"/>
      <testcase classname="tMeasurementsWithLabel/testLoop" name="tMeasurementsWithLabel/testLoop &lt;L7&gt;" time="0.0070937"/>
      <testcase classname="tMeasurementsWithLabel/testLoop" name="tMeasurementsWithLabel/testLoop &lt;L8&gt;" time="0.0080837"/>
      <testcase classname="tMeasurementsWithLabel/testLoop" name="tMeasurementsWithLabel/testLoop &lt;L9&gt;" time="0.0090831"/>
      <testcase classname="tMeasurementsWithLabel/testLoop" name="tMeasurementsWithLabel/testLoop &lt;L10&gt;" time="0.010095"/>
      <testcase classname="tMeasurementsWithLabel/testLoop" name="tMeasurementsWithLabel/testLoop &lt;L1&gt;" time="0.0010595"/>
      <testcase classname="tMeasurementsWithLabel/testLoop" name="tMeasurementsWithLabel/testLoop &lt;L2&gt;" time="0.0022457"/>
      <testcase classname="tMeasurementsWithLabel/testLoop" name="tMeasurementsWithLabel/testLoop &lt;L3&gt;" time="0.0039424"/>
      <testcase classname="tMeasurementsWithLabel/testLoop" name="tMeasurementsWithLabel/testLoop &lt;L4&gt;" time="0.0048659"/>
      <testcase classname="tMeasurementsWithLabel/testLoop" name="tMeasurementsWithLabel/testLoop &lt;L5&gt;" time="0.0058401"/>
      <testcase classname="tMeasurementsWithLabel/testLoop" name="tMeasurementsWithLabel/testLoop &lt;L6&gt;" time="0.0069834"/>
      <testcase classname="tMeasurementsWithLabel/testLoop" name="tMeasurementsWithLabel/testLoop &lt;L7&gt;" time="0.0070538"/>
      <testcase classname="tMeasurementsWithLabel/testLoop" name="tMeasurementsWithLabel/testLoop &lt;L8&gt;" time="0.0080435"/>
      <testcase classname="tMeasurementsWithLabel/testLoop" name="tMeasurementsWithLabel/testLoop &lt;L9&gt;" time="0.0090655"/>
      <testcase classname="tMeasurementsWithLabel/testLoop" name="tMeasurementsWithLabel/testLoop &lt;L10&gt;" time="0.010905"/>
      <testcase classname="tMeasurementsWithLabel/testLoop" name="tMeasurementsWithLabel/testLoop &lt;L1&gt;" time="0.0010663"/>
      <testcase classname="tMeasurementsWithLabel/testLoop" name="tMeasurementsWithLabel/testLoop &lt;L2&gt;" time="0.0020571"/>
      <testcase classname="tMeasurementsWithLabel/testLoop" name="tMeasurementsWithLabel/testLoop &lt;L3&gt;" time="0.0032644"/>
      <testcase classname="tMeasurementsWithLabel/testLoop" name="tMeasurementsWithLabel/testLoop &lt;L4&gt;" time="0.0040806"/>
      <testcase classname="tMeasurementsWithLabel/testLoop" name="tMeasurementsWithLabel/testLoop &lt;L5&gt;" time="0.0050685"/>
      <testcase classname="tMeasurementsWithLabel/testLoop" name="tMeasurementsWithLabel/testLoop &lt;L6&gt;" time="0.0060474"/>
      <testcase classname="tMeasurementsWithLabel/testLoop" name="tMeasurementsWithLabel/testLoop &lt;L7&gt;" time="0.0070482"/>
      <testcase classname="tMeasurementsWithLabel/testLoop" name="tMeasurementsWithLabel/testLoop &lt;L8&gt;" time="0.0080617"/>
      <testcase classname="tMeasurementsWithLabel/testLoop" name="tMeasurementsWithLabel/testLoop &lt;L9&gt;" time="0.0090497"/>
      <testcase classname="tMeasurementsWithLabel/testLoop" name="tMeasurementsWithLabel/testLoop &lt;L10&gt;" time="0.010065"/>
      <testcase classname="tMeasurementsWithLabel/testLoop" name="tMeasurementsWithLabel/testLoop &lt;L1&gt;" time="0.001066"/>
      <testcase classname="tMeasurementsWithLabel/testLoop" name="tMeasurementsWithLabel/testLoop &lt;L2&gt;" time="0.0029727"/>
      <testcase classname="tMeasurementsWithLabel/testLoop" name="tMeasurementsWithLabel/testLoop &lt;L3&gt;" time="0.0030571"/>
      <testcase classname="tMeasurementsWithLabel/testLoop" name="tMeasurementsWithLabel/testLoop &lt;L4&gt;" time="0.0046656"/>
      <testcase classname="tMeasurementsWithLabel/testLoop" name="tMeasurementsWithLabel/testLoop &lt;L5&gt;" time="0.0050442"/>
      <testcase classname="tMeasurementsWithLabel/testLoop" name="tMeasurementsWithLabel/testLoop &lt;L6&gt;" time="0.0060453"/>
      <testcase classname="tMeasurementsWithLabel/testLoop" name="tMeasurementsWithLabel/testLoop &lt;L7&gt;" time="0.0076737"/>
      <testcase classname="tMeasurementsWithLabel/testLoop" name="tMeasurementsWithLabel/testLoop &lt;L8&gt;" time="0.0081388"/>
      <testcase classname="tMeasurementsWithLabel/testLoop" name="tMeasurementsWithLabel/testLoop &lt;L9&gt;" time="0.0092139"/>
      <testcase classname="tMeasurementsWithLabel/testLoop" name="tMeasurementsWithLabel/testLoop &lt;L10&gt;" time="0.010411"/>
      <testcase classname="tMeasurementsWithLabel/testLoop" name="tMeasurementsWithLabel/testLoop &lt;L1&gt;" time="0.0010686"/>
      <testcase classname="tMeasurementsWithLabel/testLoop" name="tMeasurementsWithLabel/testLoop &lt;L2&gt;" time="0.0030392"/>
      <testcase classname="tMeasurementsWithLabel/testLoop" name="tMeasurementsWithLabel/testLoop &lt;L3&gt;" time="0.0030624"/>
      <testcase classname="tMeasurementsWithLabel/testLoop" name="tMeasurementsWithLabel/testLoop &lt;L4&gt;" time="0.0040545"/>
      <testcase classname="tMeasurementsWithLabel/testLoop" name="tMeasurementsWithLabel/testLoop &lt;L5&gt;" time="0.0050527"/>
      <testcase classname="tMeasurementsWithLabel/testLoop" name="tMeasurementsWithLabel/testLoop &lt;L6&gt;" time="0.00606"/>
      <testcase classname="tMeasurementsWithLabel/testLoop" name="tMeasurementsWithLabel/testLoop &lt;L7&gt;" time="0.0070638"/>
      <testcase classname="tMeasurementsWithLabel/testLoop" name="tMeasurementsWithLabel/testLoop &lt;L8&gt;" time="0.0080931"/>
      <testcase classname="tMeasurementsWithLabel/testLoop" name="tMeasurementsWithLabel/testLoop &lt;L9&gt;" time="0.0096637"/>
      <testcase classname="tMeasurementsWithLabel/testLoop" name="tMeasurementsWithLabel/testLoop &lt;L10&gt;" time="0.010251"/>
      <testcase classname="tMeasurementsWithLabel/testLoop" name="tMeasurementsWithLabel/testLoop &lt;L1&gt;" time="0.0011141"/>
      <testcase classname="tMeasurementsWithLabel/testLoop" name="tMeasurementsWithLabel/testLoop &lt;L2&gt;" time="0.0027879"/>
      <testcase classname="tMeasurementsWithLabel/testLoop" name="tMeasurementsWithLabel/testLoop &lt;L3&gt;" time="0.0037712"/>
      <testcase classname="tMeasurementsWithLabel/testLoop" name="tMeasurementsWithLabel/testLoop &lt;L4&gt;" time="0.0041278"/>
      <testcase classname="tMeasurementsWithLabel/testLoop" name="tMeasurementsWithLabel/testLoop &lt;L5&gt;" time="0.0050682"/>
      <testcase classname="tMeasurementsWithLabel/testLoop" name="tMeasurementsWithLabel/testLoop &lt;L6&gt;" time="0.006092"/>
      <testcase classname="tMeasurementsWithLabel/testLoop" name="tMeasurementsWithLabel/testLoop &lt;L7&gt;" time="0.0071174"/>
      <testcase classname="tMeasurementsWithLabel/testLoop" name="tMeasurementsWithLabel/testLoop &lt;L8&gt;" time="0.0085292"/>
      <testcase classname="tMeasurementsWithLabel/testLoop" name="tMeasurementsWithLabel/testLoop &lt;L9&gt;" time="0.0094526"/>
      <testcase classname="tMeasurementsWithLabel/testLoop" name="tMeasurementsWithLabel/testLoop &lt;L10&gt;" time="0.010419"/>
      <testcase classname="tMeasurementsWithLabel/testLoop" name="tMeasurementsWithLabel/testLoop &lt;L1&gt;" time="0.0011545"/>
      <testcase classname="tMeasurementsWithLabel/testLoop" name="tMeasurementsWithLabel/testLoop &lt;L2&gt;" time="0.0027079"/>
      <testcase classname="tMeasurementsWithLabel/testLoop" name="tMeasurementsWithLabel/testLoop &lt;L3&gt;" time="0.0032064"/>
      <testcase classname="tMeasurementsWithLabel/testLoop" name="tMeasurementsWithLabel/testLoop &lt;L4&gt;" time="0.0042615"/>
      <testcase classname="tMeasurementsWithLabel/testLoop" name="tMeasurementsWithLabel/testLoop &lt;L5&gt;" time="0.0052465"/>
      <testcase classname="tMeasurementsWithLabel/testLoop" name="tMeasurementsWithLabel/testLoop &lt;L6&gt;" time="0.0061427"/>
      <testcase classname="tMeasurementsWithLabel/testLoop" name="tMeasurementsWithLabel/testLoop &lt;L7&gt;" time="0.0071081"/>
      <testcase classname="tMeasurementsWithLabel/testLoop" name="tMeasurementsWithLabel/testLoop &lt;L8&gt;" time="0.0085142"/>
      <testcase classname="tMeasurementsWithLabel/testLoop" name="tMeasurementsWithLabel/testLoop &lt;L9&gt;" time="0.0090831"/>
      <testcase classname="tMeasurementsWithLabel/testLoop" name="tMeasurementsWithLabel/testLoop &lt;L10&gt;" time="0.010164"/>
      <testcase classname="tMeasurementsWithLabel/testLoop" name="tMeasurementsWithLabel/testLoop &lt;L1&gt;" time="0.0010692"/>
      <testcase classname="tMeasurementsWithLabel/testLoop" name="tMeasurementsWithLabel/testLoop &lt;L2&gt;" time="0.0021073"/>
      <testcase classname="tMeasurementsWithLabel/testLoop" name="tMeasurementsWithLabel/testLoop &lt;L3&gt;" time="0.0030712"/>
      <testcase classname="tMeasurementsWithLabel/testLoop" name="tMeasurementsWithLabel/testLoop &lt;L4&gt;" time="0.0047055"/>
      <testcase classname="tMeasurementsWithLabel/testLoop" name="tMeasurementsWithLabel/testLoop &lt;L5&gt;" time="0.0052239"/>
      <testcase classname="tMeasurementsWithLabel/testLoop" name="tMeasurementsWithLabel/testLoop &lt;L6&gt;" time="0.0065802"/>
      <testcase classname="tMeasurementsWithLabel/testLoop" name="tMeasurementsWithLabel/testLoop &lt;L7&gt;" time="0.0070726"/>
      <testcase classname="tMeasurementsWithLabel/testLoop" name="tMeasurementsWithLabel/testLoop &lt;L8&gt;" time="0.0080582"/>
      <testcase classname="tMeasurementsWithLabel/testLoop" name="tMeasurementsWithLabel/testLoop &lt;L9&gt;" time="0.0090702"/>
      <testcase classname="tMeasurementsWithLabel/testLoop" name="tMeasurementsWithLabel/testLoop &lt;L10&gt;" time="0.010063"/>
      <testcase classname="tMeasurementsWithLabel/testLoop" name="tMeasurementsWithLabel/testLoop &lt;L1&gt;" time="0.0010619"/>
      <testcase classname="tMeasurementsWithLabel/testLoop" name="tMeasurementsWithLabel/testLoop &lt;L2&gt;" time="0.0020489"/>
      <testcase classname="tMeasurementsWithLabel/testLoop" name="tMeasurementsWithLabel/testLoop &lt;L3&gt;" time="0.0032477"/>
      <testcase classname="tMeasurementsWithLabel/testLoop" name="tMeasurementsWithLabel/testLoop &lt;L4&gt;" time="0.0048371"/>
      <testcase classname="tMeasurementsWithLabel/testLoop" name="tMeasurementsWithLabel/testLoop &lt;L5&gt;" time="0.0050553"/>
      <testcase classname="tMeasurementsWithLabel/testLoop" name="tMeasurementsWithLabel/testLoop &lt;L6&gt;" time="0.0060541"/>
      <testcase classname="tMeasurementsWithLabel/testLoop" name="tMeasurementsWithLabel/testLoop &lt;L7&gt;" time="0.0070544"/>
      <testcase classname="tMeasurementsWithLabel/testLoop" name="tMeasurementsWithLabel/testLoop &lt;L8&gt;" time="0.0082294"/>
      <testcase classname="tMeasurementsWithLabel/testLoop" name="tMeasurementsWithLabel/testLoop &lt;L9&gt;" time="0.0092632"/>
      <testcase classname="tMeasurementsWithLabel/testLoop" name="tMeasurementsWithLabel/testLoop &lt;L10&gt;" time="0.010684"/>
      <testcase classname="tMeasurementsWithLabel/testLoop" name="tMeasurementsWithLabel/testLoop &lt;L1&gt;" time="0.0011434"/>
      <testcase classname="tMeasurementsWithLabel/testLoop" name="tMeasurementsWithLabel/testLoop &lt;L2&gt;" time="0.0021269"/>
      <testcase classname="tMeasurementsWithLabel/testLoop" name="tMeasurementsWithLabel/testLoop &lt;L3&gt;" time="0.0031988"/>
      <testcase classname="tMeasurementsWithLabel/testLoop" name="tMeasurementsWithLabel/testLoop &lt;L4&gt;" time="0.0041375"/>
      <testcase classname="tMeasurementsWithLabel/testLoop" name="tMeasurementsWithLabel/testLoop &lt;L5&gt;" time="0.0055849"/>
      <testcase classname="tMeasurementsWithLabel/testLoop" name="tMeasurementsWithLabel/testLoop &lt;L6&gt;" time="0.0066095"/>
      <testcase classname="tMeasurementsWithLabel/testLoop" name="tMeasurementsWithLabel/testLoop &lt;L7&gt;" time="0.007533"/>
      <testcase classname="tMeasurementsWithLabel/testLoop" name="tMeasurementsWithLabel/testLoop &lt;L8&gt;" time="0.0082465"/>
      <testcase classname="tMeasurementsWithLabel/testLoop" name="tMeasurementsWithLabel/testLoop &lt;L9&gt;" time="0.0094637"/>
      <testcase classname="tMeasurementsWithLabel/testLoop" name="tMeasurementsWithLabel/testLoop &lt;L10&gt;" time="0.01027"/>
      <testcase classname="tMeasurementsWithLabel/testLoop" name="tMeasurementsWithLabel/testLoop &lt;L1&gt;" time="0.0010654"/>
      <testcase classname="tMeasurementsWithLabel/testLoop" name="tMeasurementsWithLabel/testLoop &lt;L2&gt;" time="0.002068"/>
      <testcase classname="tMeasurementsWithLabel/testLoop" name="tMeasurementsWithLabel/testLoop &lt;L3&gt;" time="0.0042715"/>
      <testcase classname="tMeasurementsWithLabel/testLoop" name="tMeasurementsWithLabel/testLoop &lt;L4&gt;" time="0.0042973"/>
      <testcase classname="tMeasurementsWithLabel/testLoop" name="tMeasurementsWithLabel/testLoop &lt;L5&gt;" time="0.0050489"/>
      <testcase classname="tMeasurementsWithLabel/testLoop" name="tMeasurementsWithLabel/testLoop &lt;L6&gt;" time="0.0060456"/>
      <testcase classname="tMeasurementsWithLabel/testLoop" name="tMeasurementsWithLabel/testLoop &lt;L7&gt;" time="0.0070565"/>
      <testcase classname="tMeasurementsWithLabel/testLoop" name="tMeasurementsWithLabel/testLoop &lt;L8&gt;" time="0.0080444"/>
      <testcase classname="tMeasurementsWithLabel/testLoop" name="tMeasurementsWithLabel/testLoop &lt;L9&gt;" time="0.0092482"/>
      <testcase classname="tMeasurementsWithLabel/testLoop" name="tMeasurementsWithLabel/testLoop &lt;L10&gt;" time="0.010198"/>
      <testcase classname="tMeasurementsWithLabel/testLoop" name="tMeasurementsWithLabel/testLoop &lt;L1&gt;" time="0.0010686"/>
      <testcase classname="tMeasurementsWithLabel/testLoop" name="tMeasurementsWithLabel/testLoop &lt;L2&gt;" time="0.003187"/>
      <testcase classname="tMeasurementsWithLabel/testLoop" name="tMeasurementsWithLabel/testLoop &lt;L3&gt;" time="0.003134"/>
      <testcase classname="tMeasurementsWithLabel/testLoop" name="tMeasurementsWithLabel/testLoop &lt;L4&gt;" time="0.0040638"/>
      <testcase classname="tMeasurementsWithLabel/testLoop" name="tMeasurementsWithLabel/testLoop &lt;L5&gt;" time="0.00505"/>
      <testcase classname="tMeasurementsWithLabel/testLoop" name="tMeasurementsWithLabel/testLoop &lt;L6&gt;" time="0.0064922"/>
      <testcase classname="tMeasurementsWithLabel/testLoop" name="tMeasurementsWithLabel/testLoop &lt;L7&gt;" time="0.0070576"/>
      <testcase classname="tMeasurementsWithLabel/testLoop" name="tMeasurementsWithLabel/testLoop &lt;L8&gt;" time="0.0080717"/>
      <testcase classname="tMeasurementsWithLabel/testLoop" name="tMeasurementsWithLabel/testLoop &lt;L9&gt;" time="0.0091523"/>
      <testcase classname="tMeasurementsWithLabel/testLoop" name="tMeasurementsWithLabel/testLoop &lt;L10&gt;" time="0.010086"/>
   </testsuite>
   <testsuite errors="0" failures="0" name="tMeasurementsWithLabel/testPrecision(N=value1)" skipped="16" tests="16" time="0">
      <testcase classname="tMeasurementsWithLabel/testPrecision(N=value1)" name="tMeasurementsWithLabel/testPrecision(N=value1)" time="1">
         <skipped>An assumption was not met in tMeasurementsWithLabel/testPrecision(N=value1) and it filtered the remainder of the test.

    ----------------
    Test Diagnostic:
    ----------------
    The MeasuredTime should not be too close to the precision of the framework.

    ---------------------
    Framework Diagnostic:
    ---------------------
    The MeasuredTime of tMeasurementsWithLabel/testPrecision(N=value1) &lt;fast&gt; was too close to the precision of the framework.
    Therefore, the MeasurementResult is not valid.
    The test code needs to measure a larger MeasuredTime.
    
    The MeasuredTime of tMeasurementsWithLabel/testPrecision(N=value1) &lt;faster&gt; was too close to the precision of the framework.
    Therefore, the MeasurementResult is not valid.
    The test code needs to measure a larger MeasuredTime.
    
    The MeasuredTime of tMeasurementsWithLabel/testPrecision(N=value1) &lt;fastest&gt; was too close to the precision of the framework.
    Therefore, the MeasurementResult is not valid.
    The test code needs to measure a larger MeasuredTime.</skipped>
      </testcase>
      <testcase classname="tMeasurementsWithLabel/testPrecision(N=value1)" name="tMeasurementsWithLabel/testPrecision(N=value1) &lt;fast&gt;" time="0.00046099">
         <skipped>An assumption was not met in tMeasurementsWithLabel/testPrecision(N=value1) and it filtered the remainder of the test.

    ----------------
    Test Diagnostic:
    ----------------
    The MeasuredTime should not be too close to the precision of the framework.

    ---------------------
    Framework Diagnostic:
    ---------------------
    The MeasuredTime of tMeasurementsWithLabel/testPrecision(N=value1) &lt;fast&gt; was too close to the precision of the framework.
    Therefore, the MeasurementResult is not valid.
    The test code needs to measure a larger MeasuredTime.
    
    The MeasuredTime of tMeasurementsWithLabel/testPrecision(N=value1) &lt;faster&gt; was too close to the precision of the framework.
    Therefore, the MeasurementResult is not valid.
    The test code needs to measure a larger MeasuredTime.
    
    The MeasuredTime of tMeasurementsWithLabel/testPrecision(N=value1) &lt;fastest&gt; was too close to the precision of the framework.
    Therefore, the MeasurementResult is not valid.
    The test code needs to measure a larger MeasuredTime.</skipped>
      </testcase>
      <testcase classname="tMeasurementsWithLabel/testPrecision(N=value1)" name="tMeasurementsWithLabel/testPrecision(N=value1) &lt;faster&gt;" time="0.00044398">
         <skipped>An assumption was not met in tMeasurementsWithLabel/testPrecision(N=value1) and it filtered the remainder of the test.

    ----------------
    Test Diagnostic:
    ----------------
    The MeasuredTime should not be too close to the precision of the framework.

    ---------------------
    Framework Diagnostic:
    ---------------------
    The MeasuredTime of tMeasurementsWithLabel/testPrecision(N=value1) &lt;fast&gt; was too close to the precision of the framework.
    Therefore, the MeasurementResult is not valid.
    The test code needs to measure a larger MeasuredTime.
    
    The MeasuredTime of tMeasurementsWithLabel/testPrecision(N=value1) &lt;faster&gt; was too close to the precision of the framework.
    Therefore, the MeasurementResult is not valid.
    The test code needs to measure a larger MeasuredTime.
    
    The MeasuredTime of tMeasurementsWithLabel/testPrecision(N=value1) &lt;fastest&gt; was too close to the precision of the framework.
    Therefore, the MeasurementResult is not valid.
    The test code needs to measure a larger MeasuredTime.</skipped>
      </testcase>
      <testcase classname="tMeasurementsWithLabel/testPrecision(N=value1)" name="tMeasurementsWithLabel/testPrecision(N=value1) &lt;fastest&gt;" time="0.0004085">
         <skipped>An assumption was not met in tMeasurementsWithLabel/testPrecision(N=value1) and it filtered the remainder of the test.

    ----------------
    Test Diagnostic:
    ----------------
    The MeasuredTime should not be too close to the precision of the framework.

    ---------------------
    Framework Diagnostic:
    ---------------------
    The MeasuredTime of tMeasurementsWithLabel/testPrecision(N=value1) &lt;fast&gt; was too close to the precision of the framework.
    Therefore, the MeasurementResult is not valid.
    The test code needs to measure a larger MeasuredTime.
    
    The MeasuredTime of tMeasurementsWithLabel/testPrecision(N=value1) &lt;faster&gt; was too close to the precision of the framework.
    Therefore, the MeasurementResult is not valid.
    The test code needs to measure a larger MeasuredTime.
    
    The MeasuredTime of tMeasurementsWithLabel/testPrecision(N=value1) &lt;fastest&gt; was too close to the precision of the framework.
    Therefore, the MeasurementResult is not valid.
    The test code needs to measure a larger MeasuredTime.</skipped>
      </testcase>
      <testcase classname="tMeasurementsWithLabel/testPrecision(N=value1)" name="tMeasurementsWithLabel/testPrecision(N=value1)" time="1">
         <skipped>An assumption was not met in tMeasurementsWithLabel/testPrecision(N=value1) and it filtered the remainder of the test.

    ----------------
    Test Diagnostic:
    ----------------
    The MeasuredTime should not be too close to the precision of the framework.

    ---------------------
    Framework Diagnostic:
    ---------------------
    The MeasuredTime of tMeasurementsWithLabel/testPrecision(N=value1) &lt;fast&gt; was too close to the precision of the framework.
    Therefore, the MeasurementResult is not valid.
    The test code needs to measure a larger MeasuredTime.
    
    The MeasuredTime of tMeasurementsWithLabel/testPrecision(N=value1) &lt;faster&gt; was too close to the precision of the framework.
    Therefore, the MeasurementResult is not valid.
    The test code needs to measure a larger MeasuredTime.
    
    The MeasuredTime of tMeasurementsWithLabel/testPrecision(N=value1) &lt;fastest&gt; was too close to the precision of the framework.
    Therefore, the MeasurementResult is not valid.
    The test code needs to measure a larger MeasuredTime.</skipped>
      </testcase>
      <testcase classname="tMeasurementsWithLabel/testPrecision(N=value1)" name="tMeasurementsWithLabel/testPrecision(N=value1) &lt;fast&gt;" time="2.9032e-05">
         <skipped>An assumption was not met in tMeasurementsWithLabel/testPrecision(N=value1) and it filtered the remainder of the test.

    ----------------
    Test Diagnostic:
    ----------------
    The MeasuredTime should not be too close to the precision of the framework.

    ---------------------
    Framework Diagnostic:
    ---------------------
    The MeasuredTime of tMeasurementsWithLabel/testPrecision(N=value1) &lt;fast&gt; was too close to the precision of the framework.
    Therefore, the MeasurementResult is not valid.
    The test code needs to measure a larger MeasuredTime.
    
    The MeasuredTime of tMeasurementsWithLabel/testPrecision(N=value1) &lt;faster&gt; was too close to the precision of the framework.
    Therefore, the MeasurementResult is not valid.
    The test code needs to measure a larger MeasuredTime.
    
    The MeasuredTime of tMeasurementsWithLabel/testPrecision(N=value1) &lt;fastest&gt; was too close to the precision of the framework.
    Therefore, the MeasurementResult is not valid.
    The test code needs to measure a larger MeasuredTime.</skipped>
      </testcase>
      <testcase classname="tMeasurementsWithLabel/testPrecision(N=value1)" name="tMeasurementsWithLabel/testPrecision(N=value1) &lt;faster&gt;" time="4.3987e-05">
         <skipped>An assumption was not met in tMeasurementsWithLabel/testPrecision(N=value1) and it filtered the remainder of the test.

    ----------------
    Test Diagnostic:
    ----------------
    The MeasuredTime should not be too close to the precision of the framework.

    ---------------------
    Framework Diagnostic:
    ---------------------
    The MeasuredTime of tMeasurementsWithLabel/testPrecision(N=value1) &lt;fast&gt; was too close to the precision of the framework.
    Therefore, the MeasurementResult is not valid.
    The test code needs to measure a larger MeasuredTime.
    
    The MeasuredTime of tMeasurementsWithLabel/testPrecision(N=value1) &lt;faster&gt; was too close to the precision of the framework.
    Therefore, the MeasurementResult is not valid.
    The test code needs to measure a larger MeasuredTime.
    
    The MeasuredTime of tMeasurementsWithLabel/testPrecision(N=value1) &lt;fastest&gt; was too close to the precision of the framework.
    Therefore, the MeasurementResult is not valid.
    The test code needs to measure a larger MeasuredTime.</skipped>
      </testcase>
      <testcase classname="tMeasurementsWithLabel/testPrecision(N=value1)" name="tMeasurementsWithLabel/testPrecision(N=value1) &lt;fastest&gt;" time="2.6979e-05">
         <skipped>An assumption was not met in tMeasurementsWithLabel/testPrecision(N=value1) and it filtered the remainder of the test.

    ----------------
    Test Diagnostic:
    ----------------
    The MeasuredTime should not be too close to the precision of the framework.

    ---------------------
    Framework Diagnostic:
    ---------------------
    The MeasuredTime of tMeasurementsWithLabel/testPrecision(N=value1) &lt;fast&gt; was too close to the precision of the framework.
    Therefore, the MeasurementResult is not valid.
    The test code needs to measure a larger MeasuredTime.
    
    The MeasuredTime of tMeasurementsWithLabel/testPrecision(N=value1) &lt;faster&gt; was too close to the precision of the framework.
    Therefore, the MeasurementResult is not valid.
    The test code needs to measure a larger MeasuredTime.
    
    The MeasuredTime of tMeasurementsWithLabel/testPrecision(N=value1) &lt;fastest&gt; was too close to the precision of the framework.
    Therefore, the MeasurementResult is not valid.
    The test code needs to measure a larger MeasuredTime.</skipped>
      </testcase>
      <testcase classname="tMeasurementsWithLabel/testPrecision(N=value1)" name="tMeasurementsWithLabel/testPrecision(N=value1)" time="1">
         <skipped>An assumption was not met in tMeasurementsWithLabel/testPrecision(N=value1) and it filtered the remainder of the test.

    ----------------
    Test Diagnostic:
    ----------------
    The MeasuredTime should not be too close to the precision of the framework.

    ---------------------
    Framework Diagnostic:
    ---------------------
    The MeasuredTime of tMeasurementsWithLabel/testPrecision(N=value1) &lt;fast&gt; was too close to the precision of the framework.
    Therefore, the MeasurementResult is not valid.
    The test code needs to measure a larger MeasuredTime.
    
    The MeasuredTime of tMeasurementsWithLabel/testPrecision(N=value1) &lt;faster&gt; was too close to the precision of the framework.
    Therefore, the MeasurementResult is not valid.
    The test code needs to measure a larger MeasuredTime.
    
    The MeasuredTime of tMeasurementsWithLabel/testPrecision(N=value1) &lt;fastest&gt; was too close to the precision of the framework.
    Therefore, the MeasurementResult is not valid.
    The test code needs to measure a larger MeasuredTime.</skipped>
      </testcase>
      <testcase classname="tMeasurementsWithLabel/testPrecision(N=value1)" name="tMeasurementsWithLabel/testPrecision(N=value1) &lt;fast&gt;" time="0.00012522">
         <skipped>An assumption was not met in tMeasurementsWithLabel/testPrecision(N=value1) and it filtered the remainder of the test.

    ----------------
    Test Diagnostic:
    ----------------
    The MeasuredTime should not be too close to the precision of the framework.

    ---------------------
    Framework Diagnostic:
    ---------------------
    The MeasuredTime of tMeasurementsWithLabel/testPrecision(N=value1) &lt;fast&gt; was too close to the precision of the framework.
    Therefore, the MeasurementResult is not valid.
    The test code needs to measure a larger MeasuredTime.
    
    The MeasuredTime of tMeasurementsWithLabel/testPrecision(N=value1) &lt;faster&gt; was too close to the precision of the framework.
    Therefore, the MeasurementResult is not valid.
    The test code needs to measure a larger MeasuredTime.
    
    The MeasuredTime of tMeasurementsWithLabel/testPrecision(N=value1) &lt;fastest&gt; was too close to the precision of the framework.
    Therefore, the MeasurementResult is not valid.
    The test code needs to measure a larger MeasuredTime.</skipped>
      </testcase>
      <testcase classname="tMeasurementsWithLabel/testPrecision(N=value1)" name="tMeasurementsWithLabel/testPrecision(N=value1) &lt;faster&gt;" time="0.00010909">
         <skipped>An assumption was not met in tMeasurementsWithLabel/testPrecision(N=value1) and it filtered the remainder of the test.

    ----------------
    Test Diagnostic:
    ----------------
    The MeasuredTime should not be too close to the precision of the framework.

    ---------------------
    Framework Diagnostic:
    ---------------------
    The MeasuredTime of tMeasurementsWithLabel/testPrecision(N=value1) &lt;fast&gt; was too close to the precision of the framework.
    Therefore, the MeasurementResult is not valid.
    The test code needs to measure a larger MeasuredTime.
    
    The MeasuredTime of tMeasurementsWithLabel/testPrecision(N=value1) &lt;faster&gt; was too close to the precision of the framework.
    Therefore, the MeasurementResult is not valid.
    The test code needs to measure a larger MeasuredTime.
    
    The MeasuredTime of tMeasurementsWithLabel/testPrecision(N=value1) &lt;fastest&gt; was too close to the precision of the framework.
    Therefore, the MeasurementResult is not valid.
    The test code needs to measure a larger MeasuredTime.</skipped>
      </testcase>
      <testcase classname="tMeasurementsWithLabel/testPrecision(N=value1)" name="tMeasurementsWithLabel/testPrecision(N=value1) &lt;fastest&gt;" time="8.211e-05">
         <skipped>An assumption was not met in tMeasurementsWithLabel/testPrecision(N=value1) and it filtered the remainder of the test.

    ----------------
    Test Diagnostic:
    ----------------
    The MeasuredTime should not be too close to the precision of the framework.

    ---------------------
    Framework Diagnostic:
    ---------------------
    The MeasuredTime of tMeasurementsWithLabel/testPrecision(N=value1) &lt;fast&gt; was too close to the precision of the framework.
    Therefore, the MeasurementResult is not valid.
    The test code needs to measure a larger MeasuredTime.
    
    The MeasuredTime of tMeasurementsWithLabel/testPrecision(N=value1) &lt;faster&gt; was too close to the precision of the framework.
    Therefore, the MeasurementResult is not valid.
    The test code needs to measure a larger MeasuredTime.
    
    The MeasuredTime of tMeasurementsWithLabel/testPrecision(N=value1) &lt;fastest&gt; was too close to the precision of the framework.
    Therefore, the MeasurementResult is not valid.
    The test code needs to measure a larger MeasuredTime.</skipped>
      </testcase>
      <testcase classname="tMeasurementsWithLabel/testPrecision(N=value1)" name="tMeasurementsWithLabel/testPrecision(N=value1)" time="1">
         <skipped>An assumption was not met in tMeasurementsWithLabel/testPrecision(N=value1) and it filtered the remainder of the test.

    ----------------
    Test Diagnostic:
    ----------------
    The MeasuredTime should not be too close to the precision of the framework.

    ---------------------
    Framework Diagnostic:
    ---------------------
    The MeasuredTime of tMeasurementsWithLabel/testPrecision(N=value1) &lt;fast&gt; was too close to the precision of the framework.
    Therefore, the MeasurementResult is not valid.
    The test code needs to measure a larger MeasuredTime.
    
    The MeasuredTime of tMeasurementsWithLabel/testPrecision(N=value1) &lt;faster&gt; was too close to the precision of the framework.
    Therefore, the MeasurementResult is not valid.
    The test code needs to measure a larger MeasuredTime.
    
    The MeasuredTime of tMeasurementsWithLabel/testPrecision(N=value1) &lt;fastest&gt; was too close to the precision of the framework.
    Therefore, the MeasurementResult is not valid.
    The test code needs to measure a larger MeasuredTime.</skipped>
      </testcase>
      <testcase classname="tMeasurementsWithLabel/testPrecision(N=value1)" name="tMeasurementsWithLabel/testPrecision(N=value1) &lt;fast&gt;" time="0.0001088">
         <skipped>An assumption was not met in tMeasurementsWithLabel/testPrecision(N=value1) and it filtered the remainder of the test.

    ----------------
    Test Diagnostic:
    ----------------
    The MeasuredTime should not be too close to the precision of the framework.

    ---------------------
    Framework Diagnostic:
    ---------------------
    The MeasuredTime of tMeasurementsWithLabel/testPrecision(N=value1) &lt;fast&gt; was too close to the precision of the framework.
    Therefore, the MeasurementResult is not valid.
    The test code needs to measure a larger MeasuredTime.
    
    The MeasuredTime of tMeasurementsWithLabel/testPrecision(N=value1) &lt;faster&gt; was too close to the precision of the framework.
    Therefore, the MeasurementResult is not valid.
    The test code needs to measure a larger MeasuredTime.
    
    The MeasuredTime of tMeasurementsWithLabel/testPrecision(N=value1) &lt;fastest&gt; was too close to the precision of the framework.
    Therefore, the MeasurementResult is not valid.
    The test code needs to measure a larger MeasuredTime.</skipped>
      </testcase>
      <testcase classname="tMeasurementsWithLabel/testPrecision(N=value1)" name="tMeasurementsWithLabel/testPrecision(N=value1) &lt;faster&gt;" time="4.8093e-05">
         <skipped>An assumption was not met in tMeasurementsWithLabel/testPrecision(N=value1) and it filtered the remainder of the test.

    ----------------
    Test Diagnostic:
    ----------------
    The MeasuredTime should not be too close to the precision of the framework.

    ---------------------
    Framework Diagnostic:
    ---------------------
    The MeasuredTime of tMeasurementsWithLabel/testPrecision(N=value1) &lt;fast&gt; was too close to the precision of the framework.
    Therefore, the MeasurementResult is not valid.
    The test code needs to measure a larger MeasuredTime.
    
    The MeasuredTime of tMeasurementsWithLabel/testPrecision(N=value1) &lt;faster&gt; was too close to the precision of the framework.
    Therefore, the MeasurementResult is not valid.
    The test code needs to measure a larger MeasuredTime.
    
    The MeasuredTime of tMeasurementsWithLabel/testPrecision(N=value1) &lt;fastest&gt; was too close to the precision of the framework.
    Therefore, the MeasurementResult is not valid.
    The test code needs to measure a larger MeasuredTime.</skipped>
      </testcase>
      <testcase classname="tMeasurementsWithLabel/testPrecision(N=value1)" name="tMeasurementsWithLabel/testPrecision(N=value1) &lt;fastest&gt;" time="4.8679e-05">
         <skipped>An assumption was not met in tMeasurementsWithLabel/testPrecision(N=value1) and it filtered the remainder of the test.

    ----------------
    Test Diagnostic:
    ----------------
    The MeasuredTime should not be too close to the precision of the framework.

    ---------------------
    Framework Diagnostic:
    ---------------------
    The MeasuredTime of tMeasurementsWithLabel/testPrecision(N=value1) &lt;fast&gt; was too close to the precision of the framework.
    Therefore, the MeasurementResult is not valid.
    The test code needs to measure a larger MeasuredTime.
    
    The MeasuredTime of tMeasurementsWithLabel/testPrecision(N=value1) &lt;faster&gt; was too close to the precision of the framework.
    Therefore, the MeasurementResult is not valid.
    The test code needs to measure a larger MeasuredTime.
    
    The MeasuredTime of tMeasurementsWithLabel/testPrecision(N=value1) &lt;fastest&gt; was too close to the precision of the framework.
    Therefore, the MeasurementResult is not valid.
    The test code needs to measure a larger MeasuredTime.</skipped>
      </testcase>
   </testsuite>
   <testsuite errors="0" failures="0" name="tMeasurementsWithLabel/testPrecision(N=value2)" skipped="0" tests="28" time="0">
      <testcase classname="tMeasurementsWithLabel/testPrecision(N=value2)" name="tMeasurementsWithLabel/testPrecision(N=value2)" time="1"/>
      <testcase classname="tMeasurementsWithLabel/testPrecision(N=value2)" name="tMeasurementsWithLabel/testPrecision(N=value2) &lt;fast&gt;" time="0.064563"/>
      <testcase classname="tMeasurementsWithLabel/testPrecision(N=value2)" name="tMeasurementsWithLabel/testPrecision(N=value2) &lt;faster&gt;" time="0.032923"/>
      <testcase classname="tMeasurementsWithLabel/testPrecision(N=value2)" name="tMeasurementsWithLabel/testPrecision(N=value2) &lt;fastest&gt;" time="0.016632"/>
      <testcase classname="tMeasurementsWithLabel/testPrecision(N=value2)" name="tMeasurementsWithLabel/testPrecision(N=value2)" time="1"/>
      <testcase classname="tMeasurementsWithLabel/testPrecision(N=value2)" name="tMeasurementsWithLabel/testPrecision(N=value2) &lt;fast&gt;" time="0.066982"/>
      <testcase classname="tMeasurementsWithLabel/testPrecision(N=value2)" name="tMeasurementsWithLabel/testPrecision(N=value2) &lt;faster&gt;" time="0.037967"/>
      <testcase classname="tMeasurementsWithLabel/testPrecision(N=value2)" name="tMeasurementsWithLabel/testPrecision(N=value2) &lt;fastest&gt;" time="0.016621"/>
      <testcase classname="tMeasurementsWithLabel/testPrecision(N=value2)" name="tMeasurementsWithLabel/testPrecision(N=value2)" time="1"/>
      <testcase classname="tMeasurementsWithLabel/testPrecision(N=value2)" name="tMeasurementsWithLabel/testPrecision(N=value2) &lt;fast&gt;" time="0.064154"/>
      <testcase classname="tMeasurementsWithLabel/testPrecision(N=value2)" name="tMeasurementsWithLabel/testPrecision(N=value2) &lt;faster&gt;" time="0.03262"/>
      <testcase classname="tMeasurementsWithLabel/testPrecision(N=value2)" name="tMeasurementsWithLabel/testPrecision(N=value2) &lt;fastest&gt;" time="0.016666"/>
      <testcase classname="tMeasurementsWithLabel/testPrecision(N=value2)" name="tMeasurementsWithLabel/testPrecision(N=value2)" time="1"/>
      <testcase classname="tMeasurementsWithLabel/testPrecision(N=value2)" name="tMeasurementsWithLabel/testPrecision(N=value2) &lt;fast&gt;" time="0.064172"/>
      <testcase classname="tMeasurementsWithLabel/testPrecision(N=value2)" name="tMeasurementsWithLabel/testPrecision(N=value2) &lt;faster&gt;" time="0.032687"/>
      <testcase classname="tMeasurementsWithLabel/testPrecision(N=value2)" name="tMeasurementsWithLabel/testPrecision(N=value2) &lt;fastest&gt;" time="0.016602"/>
      <testcase classname="tMeasurementsWithLabel/testPrecision(N=value2)" name="tMeasurementsWithLabel/testPrecision(N=value2)" time="1"/>
      <testcase classname="tMeasurementsWithLabel/testPrecision(N=value2)" name="tMeasurementsWithLabel/testPrecision(N=value2) &lt;fast&gt;" time="0.06513"/>
      <testcase classname="tMeasurementsWithLabel/testPrecision(N=value2)" name="tMeasurementsWithLabel/testPrecision(N=value2) &lt;faster&gt;" time="0.032757"/>
      <testcase classname="tMeasurementsWithLabel/testPrecision(N=value2)" name="tMeasurementsWithLabel/testPrecision(N=value2) &lt;fastest&gt;" time="0.016741"/>
      <testcase classname="tMeasurementsWithLabel/testPrecision(N=value2)" name="tMeasurementsWithLabel/testPrecision(N=value2)" time="1"/>
      <testcase classname="tMeasurementsWithLabel/testPrecision(N=value2)" name="tMeasurementsWithLabel/testPrecision(N=value2) &lt;fast&gt;" time="0.065519"/>
      <testcase classname="tMeasurementsWithLabel/testPrecision(N=value2)" name="tMeasurementsWithLabel/testPrecision(N=value2) &lt;faster&gt;" time="0.032908"/>
      <testcase classname="tMeasurementsWithLabel/testPrecision(N=value2)" name="tMeasurementsWithLabel/testPrecision(N=value2) &lt;fastest&gt;" time="0.016522"/>
      <testcase classname="tMeasurementsWithLabel/testPrecision(N=value2)" name="tMeasurementsWithLabel/testPrecision(N=value2)" time="1"/>
      <testcase classname="tMeasurementsWithLabel/testPrecision(N=value2)" name="tMeasurementsWithLabel/testPrecision(N=value2) &lt;fast&gt;" time="0.065499"/>
      <testcase classname="tMeasurementsWithLabel/testPrecision(N=value2)" name="tMeasurementsWithLabel/testPrecision(N=value2) &lt;faster&gt;" time="0.03303"/>
      <testcase classname="tMeasurementsWithLabel/testPrecision(N=value2)" name="tMeasurementsWithLabel/testPrecision(N=value2) &lt;fastest&gt;" time="0.016534"/>
   </testsuite>
   <testsuite errors="4" failures="0" name="tMeasurementsWithLabel/testIllegalTag" skipped="0" tests="4" time="0">
      <testcase classname="tMeasurementsWithLabel/testIllegalTag" name="tMeasurementsWithLabel/testIllegalTag" time="NaN">
         <error>Error occurred in tMeasurementsWithLabel/testIllegalTag and it did not run to completion.

    ---------
    Error ID:
    ---------
    'MATLAB:unittest:measurement:MeasurementBoundary:InvalidLabel'

    --------------
    Error Details:
    --------------
    Error using matlab.unittest.measurement.internal/Measurable/stopMeasuring (line 121)
    Invalid label _tag. Label must be a valid variable name.
    
    Error in tMeasurementsWithLabel/testIllegalTag (line 130)
                testCase.stopMeasuring('_tag');
    
    Error in matlab.unittest/TestRunner/evaluateMethodCore (line 843)
                        notifyStart();
    
    Error in matlab.unittest/TestRunner/evaluateMethodsOnTestContent (line 788)
            
    
    Error in matlab.unittest/TestRunner/runTestMethod (line 1139)
                runner.evaluateMethodCore(pluginData.Method, pluginData.Content, pluginData.Arguments);
    
    Error in matlab.unittest/TestRunner/invokeTestContentOperatorMethod_ (line 891)
            end
    
    Error in matlab.unittest.plugins/TestRunnerPlugin/runTestMethod (line 636)
                iter.CurrentOperator.invokeTestContentOperatorMethod_(@runTestMethod, pluginData, iter);
    
    Error in matlab.unittest.measurement/MeasurementPlugin/runTestMethod (line 118)
            end
    
    Error in matlab.unittest.plugins/TestRunnerPlugin/invokeTestContentOperatorMethod_ (line 713)
                    [varargout{1:nargout}] = method(plugin, pluginData);
    
    Error in matlab.unittest/TestRunner/evaluateMethodOnPlugins (line 747)
                end
    
    Error in matlab.unittest/TestRunner/runTest (line 1086)
                    end
    
    Error in matlab.unittest/TestRunner/repeatTest (line 473)
                end
    
    Error in matlab.unittest/TestRunner/runSharedTestCase (line 429)
                cleanup.cancelAndInvoke;
    
    Error in matlab.unittest/TestRunner/runTestClass (line 996)
            
    
    Error in matlab.unittest/TestRunner/invokeTestContentOperatorMethod_ (line 891)
            end
    
    Error in matlab.unittest.plugins/TestRunnerPlugin/runTestClass (line 410)
                iter.CurrentOperator.invokeTestContentOperatorMethod_(@runTestClass, pluginData, iter);
    
    Error in matlab.unittest.plugins.testrunprogress/ConciseProgressPlugin/runTestClass (line 65)
                runTestClass@matlab.unittest.plugins.TestRunnerPlugin(plugin, pluginData);
    
    Error in matlab.unittest.plugins/TestRunnerPlugin/invokeTestContentOperatorMethod_ (line 713)
                    [varargout{1:nargout}] = method(plugin, pluginData);
    
    Error in matlab.unittest/TestRunner/evaluateMethodOnPlugins (line 747)
                end
    
    Error in matlab.unittest/TestRunner/runTestSuite (line 933)
                    % Tear down fixture no longer needed.
    
    Error in matlab.unittest/TestRunner/invokeTestContentOperatorMethod_ (line 891)
            end
    
    Error in matlab.unittest.plugins/TestRunnerPlugin/runTestSuite (line 253)
                iter.CurrentOperator.invokeTestContentOperatorMethod_(@runTestSuite, pluginData, iter);
    
    Error in matlab.unittest.plugins/FailureDiagnosticsPlugin/runTestSuite (line 116)
                runTestSuite@matlab.unittest.plugins.TestRunnerPlugin(plugin, pluginData);
    
    Error in matlab.unittest.plugins/TestRunnerPlugin/invokeTestContentOperatorMethod_ (line 713)
                    [varargout{1:nargout}] = method(plugin, pluginData);
    
    Error in matlab.unittest.plugins/TestRunnerPlugin/runTestSuite (line 253)
                iter.CurrentOperator.invokeTestContentOperatorMethod_(@runTestSuite, pluginData, iter);
    
    Error in matlab.unittest.plugins/DiagnosticsRecordingPlugin/runTestSuite (line 205)
            end
    
    Error in matlab.unittest.plugins/TestRunnerPlugin/invokeTestContentOperatorMethod_ (line 713)
                    [varargout{1:nargout}] = method(plugin, pluginData);
    
    Error in matlab.unittest.plugins/TestRunnerPlugin/runTestSuite (line 253)
                iter.CurrentOperator.invokeTestContentOperatorMethod_(@runTestSuite, pluginData, iter);
    
    Error in matlab.unittest.measurement/MeasurementPlugin/runTestSuite (line 75)
                    plugin.Operator.Result = MeasurementResult(suiteNames);                
    
    Error in matlab.unittest.plugins/TestRunnerPlugin/invokeTestContentOperatorMethod_ (line 713)
                    [varargout{1:nargout}] = method(plugin, pluginData);
    
    Error in matlab.unittest/TestRunner/evaluateMethodOnPlugins (line 747)
                end
    
    Error in matlab.unittest/TestRunner/runRepeatedly (line 380)
        
    
    Error in matlab.perftest/FrequentistTimeExperiment/doRun (line 137)
                runner.runRepeatedly(suite, maxMeasurements, ...
    
    Error in matlab.perftest/TimeExperiment/run (line 179)
                experiment.doRun(operator, experiment.TestRunner, suite, runIdentifier);
    
    Error in runperf (line 48)
    results = experiment.run(suites);</error>
      </testcase>
      <testcase classname="tMeasurementsWithLabel/testIllegalTag" name="tMeasurementsWithLabel/testIllegalTag" time="NaN">
         <error>Error occurred in tMeasurementsWithLabel/testIllegalTag and it did not run to completion.

    ---------
    Error ID:
    ---------
    'MATLAB:unittest:measurement:MeasurementBoundary:InvalidLabel'

    --------------
    Error Details:
    --------------
    Error using matlab.unittest.measurement.internal/Measurable/stopMeasuring (line 121)
    Invalid label _tag. Label must be a valid variable name.
    
    Error in tMeasurementsWithLabel/testIllegalTag (line 130)
                testCase.stopMeasuring('_tag');
    
    Error in matlab.unittest/TestRunner/evaluateMethodCore (line 843)
                        notifyStart();
    
    Error in matlab.unittest/TestRunner/evaluateMethodsOnTestContent (line 788)
            
    
    Error in matlab.unittest/TestRunner/runTestMethod (line 1139)
                runner.evaluateMethodCore(pluginData.Method, pluginData.Content, pluginData.Arguments);
    
    Error in matlab.unittest/TestRunner/invokeTestContentOperatorMethod_ (line 891)
            end
    
    Error in matlab.unittest.plugins/TestRunnerPlugin/runTestMethod (line 636)
                iter.CurrentOperator.invokeTestContentOperatorMethod_(@runTestMethod, pluginData, iter);
    
    Error in matlab.unittest.measurement/MeasurementPlugin/runTestMethod (line 118)
            end
    
    Error in matlab.unittest.plugins/TestRunnerPlugin/invokeTestContentOperatorMethod_ (line 713)
                    [varargout{1:nargout}] = method(plugin, pluginData);
    
    Error in matlab.unittest/TestRunner/evaluateMethodOnPlugins (line 747)
                end
    
    Error in matlab.unittest/TestRunner/runTest (line 1086)
                    end
    
    Error in matlab.unittest/TestRunner/repeatTest (line 473)
                end
    
    Error in matlab.unittest/TestRunner/runSharedTestCase (line 429)
                cleanup.cancelAndInvoke;
    
    Error in matlab.unittest/TestRunner/runTestClass (line 996)
            
    
    Error in matlab.unittest/TestRunner/invokeTestContentOperatorMethod_ (line 891)
            end
    
    Error in matlab.unittest.plugins/TestRunnerPlugin/runTestClass (line 410)
                iter.CurrentOperator.invokeTestContentOperatorMethod_(@runTestClass, pluginData, iter);
    
    Error in matlab.unittest.plugins.testrunprogress/ConciseProgressPlugin/runTestClass (line 65)
                runTestClass@matlab.unittest.plugins.TestRunnerPlugin(plugin, pluginData);
    
    Error in matlab.unittest.plugins/TestRunnerPlugin/invokeTestContentOperatorMethod_ (line 713)
                    [varargout{1:nargout}] = method(plugin, pluginData);
    
    Error in matlab.unittest/TestRunner/evaluateMethodOnPlugins (line 747)
                end
    
    Error in matlab.unittest/TestRunner/runTestSuite (line 933)
                    % Tear down fixture no longer needed.
    
    Error in matlab.unittest/TestRunner/invokeTestContentOperatorMethod_ (line 891)
            end
    
    Error in matlab.unittest.plugins/TestRunnerPlugin/runTestSuite (line 253)
                iter.CurrentOperator.invokeTestContentOperatorMethod_(@runTestSuite, pluginData, iter);
    
    Error in matlab.unittest.plugins/FailureDiagnosticsPlugin/runTestSuite (line 116)
                runTestSuite@matlab.unittest.plugins.TestRunnerPlugin(plugin, pluginData);
    
    Error in matlab.unittest.plugins/TestRunnerPlugin/invokeTestContentOperatorMethod_ (line 713)
                    [varargout{1:nargout}] = method(plugin, pluginData);
    
    Error in matlab.unittest.plugins/TestRunnerPlugin/runTestSuite (line 253)
                iter.CurrentOperator.invokeTestContentOperatorMethod_(@runTestSuite, pluginData, iter);
    
    Error in matlab.unittest.plugins/DiagnosticsRecordingPlugin/runTestSuite (line 205)
            end
    
    Error in matlab.unittest.plugins/TestRunnerPlugin/invokeTestContentOperatorMethod_ (line 713)
                    [varargout{1:nargout}] = method(plugin, pluginData);
    
    Error in matlab.unittest.plugins/TestRunnerPlugin/runTestSuite (line 253)
                iter.CurrentOperator.invokeTestContentOperatorMethod_(@runTestSuite, pluginData, iter);
    
    Error in matlab.unittest.measurement/MeasurementPlugin/runTestSuite (line 75)
                    plugin.Operator.Result = MeasurementResult(suiteNames);                
    
    Error in matlab.unittest.plugins/TestRunnerPlugin/invokeTestContentOperatorMethod_ (line 713)
                    [varargout{1:nargout}] = method(plugin, pluginData);
    
    Error in matlab.unittest/TestRunner/evaluateMethodOnPlugins (line 747)
                end
    
    Error in matlab.unittest/TestRunner/runRepeatedly (line 380)
        
    
    Error in matlab.perftest/FrequentistTimeExperiment/doRun (line 137)
                runner.runRepeatedly(suite, maxMeasurements, ...
    
    Error in matlab.perftest/TimeExperiment/run (line 179)
                experiment.doRun(operator, experiment.TestRunner, suite, runIdentifier);
    
    Error in runperf (line 48)
    results = experiment.run(suites);</error>
      </testcase>
      <testcase classname="tMeasurementsWithLabel/testIllegalTag" name="tMeasurementsWithLabel/testIllegalTag" time="NaN">
         <error>Error occurred in tMeasurementsWithLabel/testIllegalTag and it did not run to completion.

    ---------
    Error ID:
    ---------
    'MATLAB:unittest:measurement:MeasurementBoundary:InvalidLabel'

    --------------
    Error Details:
    --------------
    Error using matlab.unittest.measurement.internal/Measurable/stopMeasuring (line 121)
    Invalid label _tag. Label must be a valid variable name.
    
    Error in tMeasurementsWithLabel/testIllegalTag (line 130)
                testCase.stopMeasuring('_tag');
    
    Error in matlab.unittest/TestRunner/evaluateMethodCore (line 843)
                        notifyStart();
    
    Error in matlab.unittest/TestRunner/evaluateMethodsOnTestContent (line 788)
            
    
    Error in matlab.unittest/TestRunner/runTestMethod (line 1139)
                runner.evaluateMethodCore(pluginData.Method, pluginData.Content, pluginData.Arguments);
    
    Error in matlab.unittest/TestRunner/invokeTestContentOperatorMethod_ (line 891)
            end
    
    Error in matlab.unittest.plugins/TestRunnerPlugin/runTestMethod (line 636)
                iter.CurrentOperator.invokeTestContentOperatorMethod_(@runTestMethod, pluginData, iter);
    
    Error in matlab.unittest.measurement/MeasurementPlugin/runTestMethod (line 118)
            end
    
    Error in matlab.unittest.plugins/TestRunnerPlugin/invokeTestContentOperatorMethod_ (line 713)
                    [varargout{1:nargout}] = method(plugin, pluginData);
    
    Error in matlab.unittest/TestRunner/evaluateMethodOnPlugins (line 747)
                end
    
    Error in matlab.unittest/TestRunner/runTest (line 1086)
                    end
    
    Error in matlab.unittest/TestRunner/repeatTest (line 473)
                end
    
    Error in matlab.unittest/TestRunner/runSharedTestCase (line 429)
                cleanup.cancelAndInvoke;
    
    Error in matlab.unittest/TestRunner/runTestClass (line 996)
            
    
    Error in matlab.unittest/TestRunner/invokeTestContentOperatorMethod_ (line 891)
            end
    
    Error in matlab.unittest.plugins/TestRunnerPlugin/runTestClass (line 410)
                iter.CurrentOperator.invokeTestContentOperatorMethod_(@runTestClass, pluginData, iter);
    
    Error in matlab.unittest.plugins.testrunprogress/ConciseProgressPlugin/runTestClass (line 65)
                runTestClass@matlab.unittest.plugins.TestRunnerPlugin(plugin, pluginData);
    
    Error in matlab.unittest.plugins/TestRunnerPlugin/invokeTestContentOperatorMethod_ (line 713)
                    [varargout{1:nargout}] = method(plugin, pluginData);
    
    Error in matlab.unittest/TestRunner/evaluateMethodOnPlugins (line 747)
                end
    
    Error in matlab.unittest/TestRunner/runTestSuite (line 933)
                    % Tear down fixture no longer needed.
    
    Error in matlab.unittest/TestRunner/invokeTestContentOperatorMethod_ (line 891)
            end
    
    Error in matlab.unittest.plugins/TestRunnerPlugin/runTestSuite (line 253)
                iter.CurrentOperator.invokeTestContentOperatorMethod_(@runTestSuite, pluginData, iter);
    
    Error in matlab.unittest.plugins/FailureDiagnosticsPlugin/runTestSuite (line 116)
                runTestSuite@matlab.unittest.plugins.TestRunnerPlugin(plugin, pluginData);
    
    Error in matlab.unittest.plugins/TestRunnerPlugin/invokeTestContentOperatorMethod_ (line 713)
                    [varargout{1:nargout}] = method(plugin, pluginData);
    
    Error in matlab.unittest.plugins/TestRunnerPlugin/runTestSuite (line 253)
                iter.CurrentOperator.invokeTestContentOperatorMethod_(@runTestSuite, pluginData, iter);
    
    Error in matlab.unittest.plugins/DiagnosticsRecordingPlugin/runTestSuite (line 205)
            end
    
    Error in matlab.unittest.plugins/TestRunnerPlugin/invokeTestContentOperatorMethod_ (line 713)
                    [varargout{1:nargout}] = method(plugin, pluginData);
    
    Error in matlab.unittest.plugins/TestRunnerPlugin/runTestSuite (line 253)
                iter.CurrentOperator.invokeTestContentOperatorMethod_(@runTestSuite, pluginData, iter);
    
    Error in matlab.unittest.measurement/MeasurementPlugin/runTestSuite (line 75)
                    plugin.Operator.Result = MeasurementResult(suiteNames);                
    
    Error in matlab.unittest.plugins/TestRunnerPlugin/invokeTestContentOperatorMethod_ (line 713)
                    [varargout{1:nargout}] = method(plugin, pluginData);
    
    Error in matlab.unittest/TestRunner/evaluateMethodOnPlugins (line 747)
                end
    
    Error in matlab.unittest/TestRunner/runRepeatedly (line 380)
        
    
    Error in matlab.perftest/FrequentistTimeExperiment/doRun (line 137)
                runner.runRepeatedly(suite, maxMeasurements, ...
    
    Error in matlab.perftest/TimeExperiment/run (line 179)
                experiment.doRun(operator, experiment.TestRunner, suite, runIdentifier);
    
    Error in runperf (line 48)
    results = experiment.run(suites);</error>
      </testcase>
      <testcase classname="tMeasurementsWithLabel/testIllegalTag" name="tMeasurementsWithLabel/testIllegalTag" time="NaN">
         <error>Error occurred in tMeasurementsWithLabel/testIllegalTag and it did not run to completion.

    ---------
    Error ID:
    ---------
    'MATLAB:unittest:measurement:MeasurementBoundary:InvalidLabel'

    --------------
    Error Details:
    --------------
    Error using matlab.unittest.measurement.internal/Measurable/stopMeasuring (line 121)
    Invalid label _tag. Label must be a valid variable name.
    
    Error in tMeasurementsWithLabel/testIllegalTag (line 130)
                testCase.stopMeasuring('_tag');
    
    Error in matlab.unittest/TestRunner/evaluateMethodCore (line 843)
                        notifyStart();
    
    Error in matlab.unittest/TestRunner/evaluateMethodsOnTestContent (line 788)
            
    
    Error in matlab.unittest/TestRunner/runTestMethod (line 1139)
                runner.evaluateMethodCore(pluginData.Method, pluginData.Content, pluginData.Arguments);
    
    Error in matlab.unittest/TestRunner/invokeTestContentOperatorMethod_ (line 891)
            end
    
    Error in matlab.unittest.plugins/TestRunnerPlugin/runTestMethod (line 636)
                iter.CurrentOperator.invokeTestContentOperatorMethod_(@runTestMethod, pluginData, iter);
    
    Error in matlab.unittest.measurement/MeasurementPlugin/runTestMethod (line 118)
            end
    
    Error in matlab.unittest.plugins/TestRunnerPlugin/invokeTestContentOperatorMethod_ (line 713)
                    [varargout{1:nargout}] = method(plugin, pluginData);
    
    Error in matlab.unittest/TestRunner/evaluateMethodOnPlugins (line 747)
                end
    
    Error in matlab.unittest/TestRunner/runTest (line 1086)
                    end
    
    Error in matlab.unittest/TestRunner/repeatTest (line 473)
                end
    
    Error in matlab.unittest/TestRunner/runSharedTestCase (line 429)
                cleanup.cancelAndInvoke;
    
    Error in matlab.unittest/TestRunner/runTestClass (line 996)
            
    
    Error in matlab.unittest/TestRunner/invokeTestContentOperatorMethod_ (line 891)
            end
    
    Error in matlab.unittest.plugins/TestRunnerPlugin/runTestClass (line 410)
                iter.CurrentOperator.invokeTestContentOperatorMethod_(@runTestClass, pluginData, iter);
    
    Error in matlab.unittest.plugins.testrunprogress/ConciseProgressPlugin/runTestClass (line 65)
                runTestClass@matlab.unittest.plugins.TestRunnerPlugin(plugin, pluginData);
    
    Error in matlab.unittest.plugins/TestRunnerPlugin/invokeTestContentOperatorMethod_ (line 713)
                    [varargout{1:nargout}] = method(plugin, pluginData);
    
    Error in matlab.unittest/TestRunner/evaluateMethodOnPlugins (line 747)
                end
    
    Error in matlab.unittest/TestRunner/runTestSuite (line 933)
                    % Tear down fixture no longer needed.
    
    Error in matlab.unittest/TestRunner/invokeTestContentOperatorMethod_ (line 891)
            end
    
    Error in matlab.unittest.plugins/TestRunnerPlugin/runTestSuite (line 253)
                iter.CurrentOperator.invokeTestContentOperatorMethod_(@runTestSuite, pluginData, iter);
    
    Error in matlab.unittest.plugins/FailureDiagnosticsPlugin/runTestSuite (line 116)
                runTestSuite@matlab.unittest.plugins.TestRunnerPlugin(plugin, pluginData);
    
    Error in matlab.unittest.plugins/TestRunnerPlugin/invokeTestContentOperatorMethod_ (line 713)
                    [varargout{1:nargout}] = method(plugin, pluginData);
    
    Error in matlab.unittest.plugins/TestRunnerPlugin/runTestSuite (line 253)
                iter.CurrentOperator.invokeTestContentOperatorMethod_(@runTestSuite, pluginData, iter);
    
    Error in matlab.unittest.plugins/DiagnosticsRecordingPlugin/runTestSuite (line 205)
            end
    
    Error in matlab.unittest.plugins/TestRunnerPlugin/invokeTestContentOperatorMethod_ (line 713)
                    [varargout{1:nargout}] = method(plugin, pluginData);
    
    Error in matlab.unittest.plugins/TestRunnerPlugin/runTestSuite (line 253)
                iter.CurrentOperator.invokeTestContentOperatorMethod_(@runTestSuite, pluginData, iter);
    
    Error in matlab.unittest.measurement/MeasurementPlugin/runTestSuite (line 75)
                    plugin.Operator.Result = MeasurementResult(suiteNames);                
    
    Error in matlab.unittest.plugins/TestRunnerPlugin/invokeTestContentOperatorMethod_ (line 713)
                    [varargout{1:nargout}] = method(plugin, pluginData);
    
    Error in matlab.unittest/TestRunner/evaluateMethodOnPlugins (line 747)
                end
    
    Error in matlab.unittest/TestRunner/runRepeatedly (line 380)
        
    
    Error in matlab.perftest/FrequentistTimeExperiment/doRun (line 137)
                runner.runRepeatedly(suite, maxMeasurements, ...
    
    Error in matlab.perftest/TimeExperiment/run (line 179)
                experiment.doRun(operator, experiment.TestRunner, suite, runIdentifier);
    
    Error in runperf (line 48)
    results = experiment.run(suites);</error>
      </testcase>
   </testsuite>
   <testsuite errors="4" failures="0" name="tMeasurementsWithLabel/testLogIllegalTag" skipped="0" tests="4" time="0">
      <testcase classname="tMeasurementsWithLabel/testLogIllegalTag" name="tMeasurementsWithLabel/testLogIllegalTag" time="NaN">
         <error>Error occurred in tMeasurementsWithLabel/testLogIllegalTag and it did not run to completion.

    ---------
    Error ID:
    ---------
    'MATLAB:logMeasurement:invalidType'

    --------------
    Error Details:
    --------------
    Error using logMeasurement
    Expected input to be one of these types:
    
    char, string
    
    Instead its type was double.
    
    Error in matlab.unittest.measurement.internal/validateLabel (line 5)
    validateattributes(input,{'char','string'},{'scalartext'},funcname);
    
    Error in matlabtest.measurement/MeasurementLoggable/logMeasurement (line 86)
                    label = validateLabel(label,'logMeasurement');
    
    Error in tMeasurementsWithLabel/testLogIllegalTag (line 135)
                testCase.logMeasurement(TimeMeasurement(42),42);
    
    Error in matlab.unittest/TestRunner/evaluateMethodCore (line 843)
                        notifyStart();
    
    Error in matlab.unittest/TestRunner/evaluateMethodsOnTestContent (line 788)
            
    
    Error in matlab.unittest/TestRunner/runTestMethod (line 1139)
                runner.evaluateMethodCore(pluginData.Method, pluginData.Content, pluginData.Arguments);
    
    Error in matlab.unittest/TestRunner/invokeTestContentOperatorMethod_ (line 891)
            end
    
    Error in matlab.unittest.plugins/TestRunnerPlugin/runTestMethod (line 636)
                iter.CurrentOperator.invokeTestContentOperatorMethod_(@runTestMethod, pluginData, iter);
    
    Error in matlab.unittest.measurement/MeasurementPlugin/runTestMethod (line 118)
            end
    
    Error in matlab.unittest.plugins/TestRunnerPlugin/invokeTestContentOperatorMethod_ (line 713)
                    [varargout{1:nargout}] = method(plugin, pluginData);
    
    Error in matlab.unittest/TestRunner/evaluateMethodOnPlugins (line 747)
                end
    
    Error in matlab.unittest/TestRunner/runTest (line 1086)
                    end
    
    Error in matlab.unittest/TestRunner/repeatTest (line 473)
                end
    
    Error in matlab.unittest/TestRunner/runSharedTestCase (line 429)
                cleanup.cancelAndInvoke;
    
    Error in matlab.unittest/TestRunner/runTestClass (line 996)
            
    
    Error in matlab.unittest/TestRunner/invokeTestContentOperatorMethod_ (line 891)
            end
    
    Error in matlab.unittest.plugins/TestRunnerPlugin/runTestClass (line 410)
                iter.CurrentOperator.invokeTestContentOperatorMethod_(@runTestClass, pluginData, iter);
    
    Error in matlab.unittest.plugins.testrunprogress/ConciseProgressPlugin/runTestClass (line 65)
                runTestClass@matlab.unittest.plugins.TestRunnerPlugin(plugin, pluginData);
    
    Error in matlab.unittest.plugins/TestRunnerPlugin/invokeTestContentOperatorMethod_ (line 713)
                    [varargout{1:nargout}] = method(plugin, pluginData);
    
    Error in matlab.unittest/TestRunner/evaluateMethodOnPlugins (line 747)
                end
    
    Error in matlab.unittest/TestRunner/runTestSuite (line 933)
                    % Tear down fixture no longer needed.
    
    Error in matlab.unittest/TestRunner/invokeTestContentOperatorMethod_ (line 891)
            end
    
    Error in matlab.unittest.plugins/TestRunnerPlugin/runTestSuite (line 253)
                iter.CurrentOperator.invokeTestContentOperatorMethod_(@runTestSuite, pluginData, iter);
    
    Error in matlab.unittest.plugins/FailureDiagnosticsPlugin/runTestSuite (line 116)
                runTestSuite@matlab.unittest.plugins.TestRunnerPlugin(plugin, pluginData);
    
    Error in matlab.unittest.plugins/TestRunnerPlugin/invokeTestContentOperatorMethod_ (line 713)
                    [varargout{1:nargout}] = method(plugin, pluginData);
    
    Error in matlab.unittest.plugins/TestRunnerPlugin/runTestSuite (line 253)
                iter.CurrentOperator.invokeTestContentOperatorMethod_(@runTestSuite, pluginData, iter);
    
    Error in matlab.unittest.plugins/DiagnosticsRecordingPlugin/runTestSuite (line 205)
            end
    
    Error in matlab.unittest.plugins/TestRunnerPlugin/invokeTestContentOperatorMethod_ (line 713)
                    [varargout{1:nargout}] = method(plugin, pluginData);
    
    Error in matlab.unittest.plugins/TestRunnerPlugin/runTestSuite (line 253)
                iter.CurrentOperator.invokeTestContentOperatorMethod_(@runTestSuite, pluginData, iter);
    
    Error in matlab.unittest.measurement/MeasurementPlugin/runTestSuite (line 75)
                    plugin.Operator.Result = MeasurementResult(suiteNames);                
    
    Error in matlab.unittest.plugins/TestRunnerPlugin/invokeTestContentOperatorMethod_ (line 713)
                    [varargout{1:nargout}] = method(plugin, pluginData);
    
    Error in matlab.unittest/TestRunner/evaluateMethodOnPlugins (line 747)
                end
    
    Error in matlab.unittest/TestRunner/runRepeatedly (line 380)
        
    
    Error in matlab.perftest/FrequentistTimeExperiment/doRun (line 137)
                runner.runRepeatedly(suite, maxMeasurements, ...
    
    Error in matlab.perftest/TimeExperiment/run (line 179)
                experiment.doRun(operator, experiment.TestRunner, suite, runIdentifier);
    
    Error in runperf (line 48)
    results = experiment.run(suites);</error>
      </testcase>
      <testcase classname="tMeasurementsWithLabel/testLogIllegalTag" name="tMeasurementsWithLabel/testLogIllegalTag" time="NaN">
         <error>Error occurred in tMeasurementsWithLabel/testLogIllegalTag and it did not run to completion.

    ---------
    Error ID:
    ---------
    'MATLAB:logMeasurement:invalidType'

    --------------
    Error Details:
    --------------
    Error using logMeasurement
    Expected input to be one of these types:
    
    char, string
    
    Instead its type was double.
    
    Error in matlab.unittest.measurement.internal/validateLabel (line 5)
    validateattributes(input,{'char','string'},{'scalartext'},funcname);
    
    Error in matlabtest.measurement/MeasurementLoggable/logMeasurement (line 86)
                    label = validateLabel(label,'logMeasurement');
    
    Error in tMeasurementsWithLabel/testLogIllegalTag (line 135)
                testCase.logMeasurement(TimeMeasurement(42),42);
    
    Error in matlab.unittest/TestRunner/evaluateMethodCore (line 843)
                        notifyStart();
    
    Error in matlab.unittest/TestRunner/evaluateMethodsOnTestContent (line 788)
            
    
    Error in matlab.unittest/TestRunner/runTestMethod (line 1139)
                runner.evaluateMethodCore(pluginData.Method, pluginData.Content, pluginData.Arguments);
    
    Error in matlab.unittest/TestRunner/invokeTestContentOperatorMethod_ (line 891)
            end
    
    Error in matlab.unittest.plugins/TestRunnerPlugin/runTestMethod (line 636)
                iter.CurrentOperator.invokeTestContentOperatorMethod_(@runTestMethod, pluginData, iter);
    
    Error in matlab.unittest.measurement/MeasurementPlugin/runTestMethod (line 118)
            end
    
    Error in matlab.unittest.plugins/TestRunnerPlugin/invokeTestContentOperatorMethod_ (line 713)
                    [varargout{1:nargout}] = method(plugin, pluginData);
    
    Error in matlab.unittest/TestRunner/evaluateMethodOnPlugins (line 747)
                end
    
    Error in matlab.unittest/TestRunner/runTest (line 1086)
                    end
    
    Error in matlab.unittest/TestRunner/repeatTest (line 473)
                end
    
    Error in matlab.unittest/TestRunner/runSharedTestCase (line 429)
                cleanup.cancelAndInvoke;
    
    Error in matlab.unittest/TestRunner/runTestClass (line 996)
            
    
    Error in matlab.unittest/TestRunner/invokeTestContentOperatorMethod_ (line 891)
            end
    
    Error in matlab.unittest.plugins/TestRunnerPlugin/runTestClass (line 410)
                iter.CurrentOperator.invokeTestContentOperatorMethod_(@runTestClass, pluginData, iter);
    
    Error in matlab.unittest.plugins.testrunprogress/ConciseProgressPlugin/runTestClass (line 65)
                runTestClass@matlab.unittest.plugins.TestRunnerPlugin(plugin, pluginData);
    
    Error in matlab.unittest.plugins/TestRunnerPlugin/invokeTestContentOperatorMethod_ (line 713)
                    [varargout{1:nargout}] = method(plugin, pluginData);
    
    Error in matlab.unittest/TestRunner/evaluateMethodOnPlugins (line 747)
                end
    
    Error in matlab.unittest/TestRunner/runTestSuite (line 933)
                    % Tear down fixture no longer needed.
    
    Error in matlab.unittest/TestRunner/invokeTestContentOperatorMethod_ (line 891)
            end
    
    Error in matlab.unittest.plugins/TestRunnerPlugin/runTestSuite (line 253)
                iter.CurrentOperator.invokeTestContentOperatorMethod_(@runTestSuite, pluginData, iter);
    
    Error in matlab.unittest.plugins/FailureDiagnosticsPlugin/runTestSuite (line 116)
                runTestSuite@matlab.unittest.plugins.TestRunnerPlugin(plugin, pluginData);
    
    Error in matlab.unittest.plugins/TestRunnerPlugin/invokeTestContentOperatorMethod_ (line 713)
                    [varargout{1:nargout}] = method(plugin, pluginData);
    
    Error in matlab.unittest.plugins/TestRunnerPlugin/runTestSuite (line 253)
                iter.CurrentOperator.invokeTestContentOperatorMethod_(@runTestSuite, pluginData, iter);
    
    Error in matlab.unittest.plugins/DiagnosticsRecordingPlugin/runTestSuite (line 205)
            end
    
    Error in matlab.unittest.plugins/TestRunnerPlugin/invokeTestContentOperatorMethod_ (line 713)
                    [varargout{1:nargout}] = method(plugin, pluginData);
    
    Error in matlab.unittest.plugins/TestRunnerPlugin/runTestSuite (line 253)
                iter.CurrentOperator.invokeTestContentOperatorMethod_(@runTestSuite, pluginData, iter);
    
    Error in matlab.unittest.measurement/MeasurementPlugin/runTestSuite (line 75)
                    plugin.Operator.Result = MeasurementResult(suiteNames);                
    
    Error in matlab.unittest.plugins/TestRunnerPlugin/invokeTestContentOperatorMethod_ (line 713)
                    [varargout{1:nargout}] = method(plugin, pluginData);
    
    Error in matlab.unittest/TestRunner/evaluateMethodOnPlugins (line 747)
                end
    
    Error in matlab.unittest/TestRunner/runRepeatedly (line 380)
        
    
    Error in matlab.perftest/FrequentistTimeExperiment/doRun (line 137)
                runner.runRepeatedly(suite, maxMeasurements, ...
    
    Error in matlab.perftest/TimeExperiment/run (line 179)
                experiment.doRun(operator, experiment.TestRunner, suite, runIdentifier);
    
    Error in runperf (line 48)
    results = experiment.run(suites);</error>
      </testcase>
      <testcase classname="tMeasurementsWithLabel/testLogIllegalTag" name="tMeasurementsWithLabel/testLogIllegalTag" time="NaN">
         <error>Error occurred in tMeasurementsWithLabel/testLogIllegalTag and it did not run to completion.

    ---------
    Error ID:
    ---------
    'MATLAB:logMeasurement:invalidType'

    --------------
    Error Details:
    --------------
    Error using logMeasurement
    Expected input to be one of these types:
    
    char, string
    
    Instead its type was double.
    
    Error in matlab.unittest.measurement.internal/validateLabel (line 5)
    validateattributes(input,{'char','string'},{'scalartext'},funcname);
    
    Error in matlabtest.measurement/MeasurementLoggable/logMeasurement (line 86)
                    label = validateLabel(label,'logMeasurement');
    
    Error in tMeasurementsWithLabel/testLogIllegalTag (line 135)
                testCase.logMeasurement(TimeMeasurement(42),42);
    
    Error in matlab.unittest/TestRunner/evaluateMethodCore (line 843)
                        notifyStart();
    
    Error in matlab.unittest/TestRunner/evaluateMethodsOnTestContent (line 788)
            
    
    Error in matlab.unittest/TestRunner/runTestMethod (line 1139)
                runner.evaluateMethodCore(pluginData.Method, pluginData.Content, pluginData.Arguments);
    
    Error in matlab.unittest/TestRunner/invokeTestContentOperatorMethod_ (line 891)
            end
    
    Error in matlab.unittest.plugins/TestRunnerPlugin/runTestMethod (line 636)
                iter.CurrentOperator.invokeTestContentOperatorMethod_(@runTestMethod, pluginData, iter);
    
    Error in matlab.unittest.measurement/MeasurementPlugin/runTestMethod (line 118)
            end
    
    Error in matlab.unittest.plugins/TestRunnerPlugin/invokeTestContentOperatorMethod_ (line 713)
                    [varargout{1:nargout}] = method(plugin, pluginData);
    
    Error in matlab.unittest/TestRunner/evaluateMethodOnPlugins (line 747)
                end
    
    Error in matlab.unittest/TestRunner/runTest (line 1086)
                    end
    
    Error in matlab.unittest/TestRunner/repeatTest (line 473)
                end
    
    Error in matlab.unittest/TestRunner/runSharedTestCase (line 429)
                cleanup.cancelAndInvoke;
    
    Error in matlab.unittest/TestRunner/runTestClass (line 996)
            
    
    Error in matlab.unittest/TestRunner/invokeTestContentOperatorMethod_ (line 891)
            end
    
    Error in matlab.unittest.plugins/TestRunnerPlugin/runTestClass (line 410)
                iter.CurrentOperator.invokeTestContentOperatorMethod_(@runTestClass, pluginData, iter);
    
    Error in matlab.unittest.plugins.testrunprogress/ConciseProgressPlugin/runTestClass (line 65)
                runTestClass@matlab.unittest.plugins.TestRunnerPlugin(plugin, pluginData);
    
    Error in matlab.unittest.plugins/TestRunnerPlugin/invokeTestContentOperatorMethod_ (line 713)
                    [varargout{1:nargout}] = method(plugin, pluginData);
    
    Error in matlab.unittest/TestRunner/evaluateMethodOnPlugins (line 747)
                end
    
    Error in matlab.unittest/TestRunner/runTestSuite (line 933)
                    % Tear down fixture no longer needed.
    
    Error in matlab.unittest/TestRunner/invokeTestContentOperatorMethod_ (line 891)
            end
    
    Error in matlab.unittest.plugins/TestRunnerPlugin/runTestSuite (line 253)
                iter.CurrentOperator.invokeTestContentOperatorMethod_(@runTestSuite, pluginData, iter);
    
    Error in matlab.unittest.plugins/FailureDiagnosticsPlugin/runTestSuite (line 116)
                runTestSuite@matlab.unittest.plugins.TestRunnerPlugin(plugin, pluginData);
    
    Error in matlab.unittest.plugins/TestRunnerPlugin/invokeTestContentOperatorMethod_ (line 713)
                    [varargout{1:nargout}] = method(plugin, pluginData);
    
    Error in matlab.unittest.plugins/TestRunnerPlugin/runTestSuite (line 253)
                iter.CurrentOperator.invokeTestContentOperatorMethod_(@runTestSuite, pluginData, iter);
    
    Error in matlab.unittest.plugins/DiagnosticsRecordingPlugin/runTestSuite (line 205)
            end
    
    Error in matlab.unittest.plugins/TestRunnerPlugin/invokeTestContentOperatorMethod_ (line 713)
                    [varargout{1:nargout}] = method(plugin, pluginData);
    
    Error in matlab.unittest.plugins/TestRunnerPlugin/runTestSuite (line 253)
                iter.CurrentOperator.invokeTestContentOperatorMethod_(@runTestSuite, pluginData, iter);
    
    Error in matlab.unittest.measurement/MeasurementPlugin/runTestSuite (line 75)
                    plugin.Operator.Result = MeasurementResult(suiteNames);                
    
    Error in matlab.unittest.plugins/TestRunnerPlugin/invokeTestContentOperatorMethod_ (line 713)
                    [varargout{1:nargout}] = method(plugin, pluginData);
    
    Error in matlab.unittest/TestRunner/evaluateMethodOnPlugins (line 747)
                end
    
    Error in matlab.unittest/TestRunner/runRepeatedly (line 380)
        
    
    Error in matlab.perftest/FrequentistTimeExperiment/doRun (line 137)
                runner.runRepeatedly(suite, maxMeasurements, ...
    
    Error in matlab.perftest/TimeExperiment/run (line 179)
                experiment.doRun(operator, experiment.TestRunner, suite, runIdentifier);
    
    Error in runperf (line 48)
    results = experiment.run(suites);</error>
      </testcase>
      <testcase classname="tMeasurementsWithLabel/testLogIllegalTag" name="tMeasurementsWithLabel/testLogIllegalTag" time="NaN">
         <error>Error occurred in tMeasurementsWithLabel/testLogIllegalTag and it did not run to completion.

    ---------
    Error ID:
    ---------
    'MATLAB:logMeasurement:invalidType'

    --------------
    Error Details:
    --------------
    Error using logMeasurement
    Expected input to be one of these types:
    
    char, string
    
    Instead its type was double.
    
    Error in matlab.unittest.measurement.internal/validateLabel (line 5)
    validateattributes(input,{'char','string'},{'scalartext'},funcname);
    
    Error in matlabtest.measurement/MeasurementLoggable/logMeasurement (line 86)
                    label = validateLabel(label,'logMeasurement');
    
    Error in tMeasurementsWithLabel/testLogIllegalTag (line 135)
                testCase.logMeasurement(TimeMeasurement(42),42);
    
    Error in matlab.unittest/TestRunner/evaluateMethodCore (line 843)
                        notifyStart();
    
    Error in matlab.unittest/TestRunner/evaluateMethodsOnTestContent (line 788)
            
    
    Error in matlab.unittest/TestRunner/runTestMethod (line 1139)
                runner.evaluateMethodCore(pluginData.Method, pluginData.Content, pluginData.Arguments);
    
    Error in matlab.unittest/TestRunner/invokeTestContentOperatorMethod_ (line 891)
            end
    
    Error in matlab.unittest.plugins/TestRunnerPlugin/runTestMethod (line 636)
                iter.CurrentOperator.invokeTestContentOperatorMethod_(@runTestMethod, pluginData, iter);
    
    Error in matlab.unittest.measurement/MeasurementPlugin/runTestMethod (line 118)
            end
    
    Error in matlab.unittest.plugins/TestRunnerPlugin/invokeTestContentOperatorMethod_ (line 713)
                    [varargout{1:nargout}] = method(plugin, pluginData);
    
    Error in matlab.unittest/TestRunner/evaluateMethodOnPlugins (line 747)
                end
    
    Error in matlab.unittest/TestRunner/runTest (line 1086)
                    end
    
    Error in matlab.unittest/TestRunner/repeatTest (line 473)
                end
    
    Error in matlab.unittest/TestRunner/runSharedTestCase (line 429)
                cleanup.cancelAndInvoke;
    
    Error in matlab.unittest/TestRunner/runTestClass (line 996)
            
    
    Error in matlab.unittest/TestRunner/invokeTestContentOperatorMethod_ (line 891)
            end
    
    Error in matlab.unittest.plugins/TestRunnerPlugin/runTestClass (line 410)
                iter.CurrentOperator.invokeTestContentOperatorMethod_(@runTestClass, pluginData, iter);
    
    Error in matlab.unittest.plugins.testrunprogress/ConciseProgressPlugin/runTestClass (line 65)
                runTestClass@matlab.unittest.plugins.TestRunnerPlugin(plugin, pluginData);
    
    Error in matlab.unittest.plugins/TestRunnerPlugin/invokeTestContentOperatorMethod_ (line 713)
                    [varargout{1:nargout}] = method(plugin, pluginData);
    
    Error in matlab.unittest/TestRunner/evaluateMethodOnPlugins (line 747)
                end
    
    Error in matlab.unittest/TestRunner/runTestSuite (line 933)
                    % Tear down fixture no longer needed.
    
    Error in matlab.unittest/TestRunner/invokeTestContentOperatorMethod_ (line 891)
            end
    
    Error in matlab.unittest.plugins/TestRunnerPlugin/runTestSuite (line 253)
                iter.CurrentOperator.invokeTestContentOperatorMethod_(@runTestSuite, pluginData, iter);
    
    Error in matlab.unittest.plugins/FailureDiagnosticsPlugin/runTestSuite (line 116)
                runTestSuite@matlab.unittest.plugins.TestRunnerPlugin(plugin, pluginData);
    
    Error in matlab.unittest.plugins/TestRunnerPlugin/invokeTestContentOperatorMethod_ (line 713)
                    [varargout{1:nargout}] = method(plugin, pluginData);
    
    Error in matlab.unittest.plugins/TestRunnerPlugin/runTestSuite (line 253)
                iter.CurrentOperator.invokeTestContentOperatorMethod_(@runTestSuite, pluginData, iter);
    
    Error in matlab.unittest.plugins/DiagnosticsRecordingPlugin/runTestSuite (line 205)
            end
    
    Error in matlab.unittest.plugins/TestRunnerPlugin/invokeTestContentOperatorMethod_ (line 713)
                    [varargout{1:nargout}] = method(plugin, pluginData);
    
    Error in matlab.unittest.plugins/TestRunnerPlugin/runTestSuite (line 253)
                iter.CurrentOperator.invokeTestContentOperatorMethod_(@runTestSuite, pluginData, iter);
    
    Error in matlab.unittest.measurement/MeasurementPlugin/runTestSuite (line 75)
                    plugin.Operator.Result = MeasurementResult(suiteNames);                
    
    Error in matlab.unittest.plugins/TestRunnerPlugin/invokeTestContentOperatorMethod_ (line 713)
                    [varargout{1:nargout}] = method(plugin, pluginData);
    
    Error in matlab.unittest/TestRunner/evaluateMethodOnPlugins (line 747)
                end
    
    Error in matlab.unittest/TestRunner/runRepeatedly (line 380)
        
    
    Error in matlab.perftest/FrequentistTimeExperiment/doRun (line 137)
                runner.runRepeatedly(suite, maxMeasurements, ...
    
    Error in matlab.perftest/TimeExperiment/run (line 179)
                experiment.doRun(operator, experiment.TestRunner, suite, runIdentifier);
    
    Error in runperf (line 48)
    results = experiment.run(suites);</error>
      </testcase>
   </testsuite>
   <testsuite errors="0" failures="4" name="tMeasurementsWithLabel/testUnmatchingTag" skipped="0" tests="4" time="0">
      <testcase classname="tMeasurementsWithLabel/testUnmatchingTag" name="tMeasurementsWithLabel/testUnmatchingTag" time="NaN">
         <failure type="AssertionFailure">Assertion failed in tMeasurementsWithLabel/testUnmatchingTag and it did not run to completion.

    ---------------------
    Framework Diagnostic:
    ---------------------
    tMeasurementsWithLabel/testUnmatchingTag attempted to record measurements in an unsupported manner.</failure>
      </testcase>
      <testcase classname="tMeasurementsWithLabel/testUnmatchingTag" name="tMeasurementsWithLabel/testUnmatchingTag" time="NaN">
         <failure type="AssertionFailure">Assertion failed in tMeasurementsWithLabel/testUnmatchingTag and it did not run to completion.

    ---------------------
    Framework Diagnostic:
    ---------------------
    tMeasurementsWithLabel/testUnmatchingTag attempted to record measurements in an unsupported manner.</failure>
      </testcase>
      <testcase classname="tMeasurementsWithLabel/testUnmatchingTag" name="tMeasurementsWithLabel/testUnmatchingTag" time="NaN">
         <failure type="AssertionFailure">Assertion failed in tMeasurementsWithLabel/testUnmatchingTag and it did not run to completion.

    ---------------------
    Framework Diagnostic:
    ---------------------
    tMeasurementsWithLabel/testUnmatchingTag attempted to record measurements in an unsupported manner.</failure>
      </testcase>
      <testcase classname="tMeasurementsWithLabel/testUnmatchingTag" name="tMeasurementsWithLabel/testUnmatchingTag" time="NaN">
         <failure type="AssertionFailure">Assertion failed in tMeasurementsWithLabel/testUnmatchingTag and it did not run to completion.

    ---------------------
    Framework Diagnostic:
    ---------------------
    tMeasurementsWithLabel/testUnmatchingTag attempted to record measurements in an unsupported manner.</failure>
      </testcase>
   </testsuite>
   <testsuite errors="0" failures="0" name="tMeasurementsWithLabel/testFrequentist" skipped="0" tests="22" time="0">
      <testcase classname="tMeasurementsWithLabel/testFrequentist" name="tMeasurementsWithLabel/testFrequentist" time="0.001363"/>
      <testcase classname="tMeasurementsWithLabel/testFrequentist" name="tMeasurementsWithLabel/testFrequentist &lt;logged&gt;" time="1"/>
      <testcase classname="tMeasurementsWithLabel/testFrequentist" name="tMeasurementsWithLabel/testFrequentist" time="0.0010481"/>
      <testcase classname="tMeasurementsWithLabel/testFrequentist" name="tMeasurementsWithLabel/testFrequentist &lt;logged&gt;" time="1"/>
      <testcase classname="tMeasurementsWithLabel/testFrequentist" name="tMeasurementsWithLabel/testFrequentist" time="0.0010463"/>
      <testcase classname="tMeasurementsWithLabel/testFrequentist" name="tMeasurementsWithLabel/testFrequentist &lt;logged&gt;" time="1"/>
      <testcase classname="tMeasurementsWithLabel/testFrequentist" name="tMeasurementsWithLabel/testFrequentist" time="0.0010534"/>
      <testcase classname="tMeasurementsWithLabel/testFrequentist" name="tMeasurementsWithLabel/testFrequentist &lt;logged&gt;" time="1"/>
      <testcase classname="tMeasurementsWithLabel/testFrequentist" name="tMeasurementsWithLabel/testFrequentist" time="0.0010428"/>
      <testcase classname="tMeasurementsWithLabel/testFrequentist" name="tMeasurementsWithLabel/testFrequentist &lt;logged&gt;" time="1"/>
      <testcase classname="tMeasurementsWithLabel/testFrequentist" name="tMeasurementsWithLabel/testFrequentist" time="0.0010991"/>
      <testcase classname="tMeasurementsWithLabel/testFrequentist" name="tMeasurementsWithLabel/testFrequentist &lt;logged&gt;" time="1"/>
      <testcase classname="tMeasurementsWithLabel/testFrequentist" name="tMeasurementsWithLabel/testFrequentist" time="0.0010566"/>
      <testcase classname="tMeasurementsWithLabel/testFrequentist" name="tMeasurementsWithLabel/testFrequentist &lt;logged&gt;" time="1"/>
      <testcase classname="tMeasurementsWithLabel/testFrequentist" name="tMeasurementsWithLabel/testFrequentist" time="0.0010501"/>
      <testcase classname="tMeasurementsWithLabel/testFrequentist" name="tMeasurementsWithLabel/testFrequentist &lt;logged&gt;" time="1"/>
      <testcase classname="tMeasurementsWithLabel/testFrequentist" name="tMeasurementsWithLabel/testFrequentist" time="0.0010454"/>
      <testcase classname="tMeasurementsWithLabel/testFrequentist" name="tMeasurementsWithLabel/testFrequentist &lt;logged&gt;" time="1"/>
      <testcase classname="tMeasurementsWithLabel/testFrequentist" name="tMeasurementsWithLabel/testFrequentist" time="0.0010492"/>
      <testcase classname="tMeasurementsWithLabel/testFrequentist" name="tMeasurementsWithLabel/testFrequentist &lt;logged&gt;" time="1"/>
      <testcase classname="tMeasurementsWithLabel/testFrequentist" name="tMeasurementsWithLabel/testFrequentist" time="0.0010457"/>
      <testcase classname="tMeasurementsWithLabel/testFrequentist" name="tMeasurementsWithLabel/testFrequentist &lt;logged&gt;" time="1"/>
   </testsuite>
   <testsuite errors="0" failures="0" name="tMeasurementsWithLabel/testdiff" skipped="0" tests="4" time="0">
      <testcase classname="tMeasurementsWithLabel/testdiff" name="tMeasurementsWithLabel/testdiff &lt;diff&gt;" time="0"/>
      <testcase classname="tMeasurementsWithLabel/testdiff" name="tMeasurementsWithLabel/testdiff &lt;diff&gt;" time="0"/>
      <testcase classname="tMeasurementsWithLabel/testdiff" name="tMeasurementsWithLabel/testdiff &lt;diff&gt;" time="0"/>
      <testcase classname="tMeasurementsWithLabel/testdiff" name="tMeasurementsWithLabel/testdiff &lt;diff&gt;" time="0"/>
   </testsuite>
</testsuites>