<?xml version="1.0" encoding="utf-8"?>
<testsuites>
   <testsuite errors="0" failures="0" name="tMeasurementsWithLabel/testImplicit123" skipped="0" tests="4" time="0">
      <testcase classname="tMeasurementsWithLabel/testImplicit123" name="tMeasurementsWithLabel/testImplicit123" time="0.012728" timestamp="02-Mar-2018 10:35:37"/>
      <testcase classname="tMeasurementsWithLabel/testImplicit123" name="tMeasurementsWithLabel/testImplicit123" time="0.013199" timestamp="02-Mar-2018 10:35:37"/>
      <testcase classname="tMeasurementsWithLabel/testImplicit123" name="tMeasurementsWithLabel/testImplicit123" time="0.012341" timestamp="02-Mar-2018 10:35:37"/>
      <testcase classname="tMeasurementsWithLabel/testImplicit123" name="tMeasurementsWithLabel/testImplicit123" time="0.012435" timestamp="02-Mar-2018 10:35:37"/>
   </testsuite>
   <testsuite errors="0" failures="0" name="tMeasurementsWithLabel/test0333" skipped="0" tests="4" time="0">
      <testcase classname="tMeasurementsWithLabel/test0333" name="tMeasurementsWithLabel/test0333" time="0.034297" timestamp="02-Mar-2018 10:35:37"/>
      <testcase classname="tMeasurementsWithLabel/test0333" name="tMeasurementsWithLabel/test0333" time="0.033477" timestamp="02-Mar-2018 10:35:37"/>
      <testcase classname="tMeasurementsWithLabel/test0333" name="tMeasurementsWithLabel/test0333" time="0.033518" timestamp="02-Mar-2018 10:35:38"/>
      <testcase classname="tMeasurementsWithLabel/test0333" name="tMeasurementsWithLabel/test0333" time="0.033571" timestamp="02-Mar-2018 10:35:38"/>
   </testsuite>
   <testsuite errors="0" failures="0" name="tMeasurementsWithLabel/test0444" skipped="0" tests="4" time="0">
      <testcase classname="tMeasurementsWithLabel/test0444" name="tMeasurementsWithLabel/test0444" time="0.0444" timestamp="02-Mar-2018 10:35:38"/>
      <testcase classname="tMeasurementsWithLabel/test0444" name="tMeasurementsWithLabel/test0444" time="0.0444" timestamp="02-Mar-2018 10:35:38"/>
      <testcase classname="tMeasurementsWithLabel/test0444" name="tMeasurementsWithLabel/test0444" time="0.0444" timestamp="02-Mar-2018 10:35:38"/>
      <testcase classname="tMeasurementsWithLabel/test0444" name="tMeasurementsWithLabel/test0444" time="0.0444" timestamp="02-Mar-2018 10:35:38"/>
   </testsuite>
   <testsuite errors="0" failures="0" name="tMeasurementsWithLabel/testNatick_456" skipped="0" tests="4" time="0">
      <testcase classname="tMeasurementsWithLabel/testNatick_456" name="tMeasurementsWithLabel/testNatick_456 &lt;Natick&gt;" time="0.049332" timestamp="02-Mar-2018 10:35:38"/>
      <testcase classname="tMeasurementsWithLabel/testNatick_456" name="tMeasurementsWithLabel/testNatick_456 &lt;Natick&gt;" time="0.046211" timestamp="02-Mar-2018 10:35:38"/>
      <testcase classname="tMeasurementsWithLabel/testNatick_456" name="tMeasurementsWithLabel/testNatick_456 &lt;Natick&gt;" time="0.047696" timestamp="02-Mar-2018 10:35:38"/>
      <testcase classname="tMeasurementsWithLabel/testNatick_456" name="tMeasurementsWithLabel/testNatick_456 &lt;Natick&gt;" time="0.046597" timestamp="02-Mar-2018 10:35:38"/>
   </testsuite>
   <testsuite errors="0" failures="0" name="tMeasurementsWithLabel/testNatick_2017" skipped="0" tests="4" time="0">
      <testcase classname="tMeasurementsWithLabel/testNatick_2017" name="tMeasurementsWithLabel/testNatick_2017 &lt;Framingham&gt;" time="0.2017" timestamp="02-Mar-2018 10:35:39"/>
      <testcase classname="tMeasurementsWithLabel/testNatick_2017" name="tMeasurementsWithLabel/testNatick_2017 &lt;Framingham&gt;" time="0.2017" timestamp="02-Mar-2018 10:35:39"/>
      <testcase classname="tMeasurementsWithLabel/testNatick_2017" name="tMeasurementsWithLabel/testNatick_2017 &lt;Framingham&gt;" time="0.2017" timestamp="02-Mar-2018 10:35:39"/>
      <testcase classname="tMeasurementsWithLabel/testNatick_2017" name="tMeasurementsWithLabel/testNatick_2017 &lt;Framingham&gt;" time="0.2017" timestamp="02-Mar-2018 10:35:39"/>
   </testsuite>
   <testsuite errors="0" failures="0" name="tMeasurementsWithLabel/testPi_31416" skipped="0" tests="4" time="0">
      <testcase classname="tMeasurementsWithLabel/testPi_31416" name="tMeasurementsWithLabel/testPi_31416 &lt;Pi&gt;" time="0.31889" timestamp="02-Mar-2018 10:35:40"/>
      <testcase classname="tMeasurementsWithLabel/testPi_31416" name="tMeasurementsWithLabel/testPi_31416 &lt;Pi&gt;" time="0.31548" timestamp="02-Mar-2018 10:35:41"/>
      <testcase classname="tMeasurementsWithLabel/testPi_31416" name="tMeasurementsWithLabel/testPi_31416 &lt;Pi&gt;" time="0.31578" timestamp="02-Mar-2018 10:35:41"/>
      <testcase classname="tMeasurementsWithLabel/testPi_31416" name="tMeasurementsWithLabel/testPi_31416 &lt;Pi&gt;" time="0.31551" timestamp="02-Mar-2018 10:35:41"/>
   </testsuite>
   <testsuite errors="0" failures="0" name="tMeasurementsWithLabel/testOlympic" skipped="0" tests="12" time="0">
      <testcase classname="tMeasurementsWithLabel/testOlympic" name="tMeasurementsWithLabel/testOlympic &lt;UB_100m&gt;" time="9.58" timestamp="02-Mar-2018 10:35:42"/>
      <testcase classname="tMeasurementsWithLabel/testOlympic" name="tMeasurementsWithLabel/testOlympic &lt;UB_200m&gt;" time="19.19" timestamp="02-Mar-2018 10:35:42"/>
      <testcase classname="tMeasurementsWithLabel/testOlympic" name="tMeasurementsWithLabel/testOlympic &lt;Ratio&gt;" time="2.0031" timestamp="02-Mar-2018 10:35:42"/>
      <testcase classname="tMeasurementsWithLabel/testOlympic" name="tMeasurementsWithLabel/testOlympic &lt;UB_100m&gt;" time="9.58" timestamp="02-Mar-2018 10:35:42"/>
      <testcase classname="tMeasurementsWithLabel/testOlympic" name="tMeasurementsWithLabel/testOlympic &lt;UB_200m&gt;" time="19.19" timestamp="02-Mar-2018 10:35:42"/>
      <testcase classname="tMeasurementsWithLabel/testOlympic" name="tMeasurementsWithLabel/testOlympic &lt;Ratio&gt;" time="2.0031" timestamp="02-Mar-2018 10:35:42"/>
      <testcase classname="tMeasurementsWithLabel/testOlympic" name="tMeasurementsWithLabel/testOlympic &lt;UB_100m&gt;" time="9.58" timestamp="02-Mar-2018 10:35:42"/>
      <testcase classname="tMeasurementsWithLabel/testOlympic" name="tMeasurementsWithLabel/testOlympic &lt;UB_200m&gt;" time="19.19" timestamp="02-Mar-2018 10:35:42"/>
      <testcase classname="tMeasurementsWithLabel/testOlympic" name="tMeasurementsWithLabel/testOlympic &lt;Ratio&gt;" time="2.0031" timestamp="02-Mar-2018 10:35:42"/>
      <testcase classname="tMeasurementsWithLabel/testOlympic" name="tMeasurementsWithLabel/testOlympic &lt;UB_100m&gt;" time="9.58" timestamp="02-Mar-2018 10:35:42"/>
      <testcase classname="tMeasurementsWithLabel/testOlympic" name="tMeasurementsWithLabel/testOlympic &lt;UB_200m&gt;" time="19.19" timestamp="02-Mar-2018 10:35:42"/>
      <testcase classname="tMeasurementsWithLabel/testOlympic" name="tMeasurementsWithLabel/testOlympic &lt;Ratio&gt;" time="2.0031" timestamp="02-Mar-2018 10:35:42"/>
   </testsuite>
   <testsuite errors="0" failures="0" name="tMeasurementsWithLabel/testMean(Size=value1)" skipped="0" tests="64" time="0">
      <testcase classname="tMeasurementsWithLabel/testMean(Size=value1)" name="tMeasurementsWithLabel/testMean(Size=value1)" time="0.0045468" timestamp="02-Mar-2018 10:35:42"/>
      <testcase classname="tMeasurementsWithLabel/testMean(Size=value1)" name="tMeasurementsWithLabel/testMean(Size=value1) &lt;ChangQingsAlgorithm&gt;" time="0.08009" timestamp="02-Mar-2018 10:35:43"/>
      <testcase classname="tMeasurementsWithLabel/testMean(Size=value1)" name="tMeasurementsWithLabel/testMean(Size=value1)" time="0.0021715" timestamp="02-Mar-2018 10:35:43"/>
      <testcase classname="tMeasurementsWithLabel/testMean(Size=value1)" name="tMeasurementsWithLabel/testMean(Size=value1) &lt;ChangQingsAlgorithm&gt;" time="0.077181" timestamp="02-Mar-2018 10:35:43"/>
      <testcase classname="tMeasurementsWithLabel/testMean(Size=value1)" name="tMeasurementsWithLabel/testMean(Size=value1)" time="0.0020909" timestamp="02-Mar-2018 10:35:43"/>
      <testcase classname="tMeasurementsWithLabel/testMean(Size=value1)" name="tMeasurementsWithLabel/testMean(Size=value1) &lt;ChangQingsAlgorithm&gt;" time="0.077758" timestamp="02-Mar-2018 10:35:43"/>
      <testcase classname="tMeasurementsWithLabel/testMean(Size=value1)" name="tMeasurementsWithLabel/testMean(Size=value1)" time="0.0020615" timestamp="02-Mar-2018 10:35:43"/>
      <testcase classname="tMeasurementsWithLabel/testMean(Size=value1)" name="tMeasurementsWithLabel/testMean(Size=value1) &lt;ChangQingsAlgorithm&gt;" time="0.077249" timestamp="02-Mar-2018 10:35:43"/>
      <testcase classname="tMeasurementsWithLabel/testMean(Size=value1)" name="tMeasurementsWithLabel/testMean(Size=value1)" time="0.0020692" timestamp="02-Mar-2018 10:35:43"/>
      <testcase classname="tMeasurementsWithLabel/testMean(Size=value1)" name="tMeasurementsWithLabel/testMean(Size=value1) &lt;ChangQingsAlgorithm&gt;" time="0.075676" timestamp="02-Mar-2018 10:35:43"/>
      <testcase classname="tMeasurementsWithLabel/testMean(Size=value1)" name="tMeasurementsWithLabel/testMean(Size=value1)" time="0.0021008" timestamp="02-Mar-2018 10:35:43"/>
      <testcase classname="tMeasurementsWithLabel/testMean(Size=value1)" name="tMeasurementsWithLabel/testMean(Size=value1) &lt;ChangQingsAlgorithm&gt;" time="0.075891" timestamp="02-Mar-2018 10:35:43"/>
      <testcase classname="tMeasurementsWithLabel/testMean(Size=value1)" name="tMeasurementsWithLabel/testMean(Size=value1)" time="0.0021102" timestamp="02-Mar-2018 10:35:43"/>
      <testcase classname="tMeasurementsWithLabel/testMean(Size=value1)" name="tMeasurementsWithLabel/testMean(Size=value1) &lt;ChangQingsAlgorithm&gt;" time="0.076581" timestamp="02-Mar-2018 10:35:43"/>
      <testcase classname="tMeasurementsWithLabel/testMean(Size=value1)" name="tMeasurementsWithLabel/testMean(Size=value1)" time="0.0020733" timestamp="02-Mar-2018 10:35:43"/>
      <testcase classname="tMeasurementsWithLabel/testMean(Size=value1)" name="tMeasurementsWithLabel/testMean(Size=value1) &lt;ChangQingsAlgorithm&gt;" time="0.081531" timestamp="02-Mar-2018 10:35:44"/>
      <testcase classname="tMeasurementsWithLabel/testMean(Size=value1)" name="tMeasurementsWithLabel/testMean(Size=value1)" time="0.0019876" timestamp="02-Mar-2018 10:35:44"/>
      <testcase classname="tMeasurementsWithLabel/testMean(Size=value1)" name="tMeasurementsWithLabel/testMean(Size=value1) &lt;ChangQingsAlgorithm&gt;" time="0.076886" timestamp="02-Mar-2018 10:35:44"/>
      <testcase classname="tMeasurementsWithLabel/testMean(Size=value1)" name="tMeasurementsWithLabel/testMean(Size=value1)" time="0.0021302" timestamp="02-Mar-2018 10:35:44"/>
      <testcase classname="tMeasurementsWithLabel/testMean(Size=value1)" name="tMeasurementsWithLabel/testMean(Size=value1) &lt;ChangQingsAlgorithm&gt;" time="0.076473" timestamp="02-Mar-2018 10:35:44"/>
      <testcase classname="tMeasurementsWithLabel/testMean(Size=value1)" name="tMeasurementsWithLabel/testMean(Size=value1)" time="0.0020991" timestamp="02-Mar-2018 10:35:44"/>
      <testcase classname="tMeasurementsWithLabel/testMean(Size=value1)" name="tMeasurementsWithLabel/testMean(Size=value1) &lt;ChangQingsAlgorithm&gt;" time="0.076095" timestamp="02-Mar-2018 10:35:44"/>
      <testcase classname="tMeasurementsWithLabel/testMean(Size=value1)" name="tMeasurementsWithLabel/testMean(Size=value1)" time="0.0021645" timestamp="02-Mar-2018 10:35:44"/>
      <testcase classname="tMeasurementsWithLabel/testMean(Size=value1)" name="tMeasurementsWithLabel/testMean(Size=value1) &lt;ChangQingsAlgorithm&gt;" time="0.075728" timestamp="02-Mar-2018 10:35:44"/>
      <testcase classname="tMeasurementsWithLabel/testMean(Size=value1)" name="tMeasurementsWithLabel/testMean(Size=value1)" time="0.0020788" timestamp="02-Mar-2018 10:35:44"/>
      <testcase classname="tMeasurementsWithLabel/testMean(Size=value1)" name="tMeasurementsWithLabel/testMean(Size=value1) &lt;ChangQingsAlgorithm&gt;" time="0.076103" timestamp="02-Mar-2018 10:35:44"/>
      <testcase classname="tMeasurementsWithLabel/testMean(Size=value1)" name="tMeasurementsWithLabel/testMean(Size=value1)" time="0.0020762" timestamp="02-Mar-2018 10:35:44"/>
      <testcase classname="tMeasurementsWithLabel/testMean(Size=value1)" name="tMeasurementsWithLabel/testMean(Size=value1) &lt;ChangQingsAlgorithm&gt;" time="0.075776" timestamp="02-Mar-2018 10:35:44"/>
      <testcase classname="tMeasurementsWithLabel/testMean(Size=value1)" name="tMeasurementsWithLabel/testMean(Size=value1)" time="0.002168" timestamp="02-Mar-2018 10:35:44"/>
      <testcase classname="tMeasurementsWithLabel/testMean(Size=value1)" name="tMeasurementsWithLabel/testMean(Size=value1) &lt;ChangQingsAlgorithm&gt;" time="0.075656" timestamp="02-Mar-2018 10:35:45"/>
      <testcase classname="tMeasurementsWithLabel/testMean(Size=value1)" name="tMeasurementsWithLabel/testMean(Size=value1)" time="0.0021085" timestamp="02-Mar-2018 10:35:45"/>
      <testcase classname="tMeasurementsWithLabel/testMean(Size=value1)" name="tMeasurementsWithLabel/testMean(Size=value1) &lt;ChangQingsAlgorithm&gt;" time="0.082299" timestamp="02-Mar-2018 10:35:45"/>
      <testcase classname="tMeasurementsWithLabel/testMean(Size=value1)" name="tMeasurementsWithLabel/testMean(Size=value1)" time="0.0021489" timestamp="02-Mar-2018 10:35:45"/>
      <testcase classname="tMeasurementsWithLabel/testMean(Size=value1)" name="tMeasurementsWithLabel/testMean(Size=value1) &lt;ChangQingsAlgorithm&gt;" time="0.085773" timestamp="02-Mar-2018 10:35:45"/>
      <testcase classname="tMeasurementsWithLabel/testMean(Size=value1)" name="tMeasurementsWithLabel/testMean(Size=value1)" time="0.0022624" timestamp="02-Mar-2018 10:35:45"/>
      <testcase classname="tMeasurementsWithLabel/testMean(Size=value1)" name="tMeasurementsWithLabel/testMean(Size=value1) &lt;ChangQingsAlgorithm&gt;" time="0.086404" timestamp="02-Mar-2018 10:35:45"/>
      <testcase classname="tMeasurementsWithLabel/testMean(Size=value1)" name="tMeasurementsWithLabel/testMean(Size=value1)" time="0.0021249" timestamp="02-Mar-2018 10:35:45"/>
      <testcase classname="tMeasurementsWithLabel/testMean(Size=value1)" name="tMeasurementsWithLabel/testMean(Size=value1) &lt;ChangQingsAlgorithm&gt;" time="0.085937" timestamp="02-Mar-2018 10:35:45"/>
      <testcase classname="tMeasurementsWithLabel/testMean(Size=value1)" name="tMeasurementsWithLabel/testMean(Size=value1)" time="0.0021592" timestamp="02-Mar-2018 10:35:45"/>
      <testcase classname="tMeasurementsWithLabel/testMean(Size=value1)" name="tMeasurementsWithLabel/testMean(Size=value1) &lt;ChangQingsAlgorithm&gt;" time="0.10386" timestamp="02-Mar-2018 10:35:45"/>
      <testcase classname="tMeasurementsWithLabel/testMean(Size=value1)" name="tMeasurementsWithLabel/testMean(Size=value1)" time="0.0021419" timestamp="02-Mar-2018 10:35:45"/>
      <testcase classname="tMeasurementsWithLabel/testMean(Size=value1)" name="tMeasurementsWithLabel/testMean(Size=value1) &lt;ChangQingsAlgorithm&gt;" time="0.085349" timestamp="02-Mar-2018 10:35:46"/>
      <testcase classname="tMeasurementsWithLabel/testMean(Size=value1)" name="tMeasurementsWithLabel/testMean(Size=value1)" time="0.0023542" timestamp="02-Mar-2018 10:35:46"/>
      <testcase classname="tMeasurementsWithLabel/testMean(Size=value1)" name="tMeasurementsWithLabel/testMean(Size=value1) &lt;ChangQingsAlgorithm&gt;" time="0.096606" timestamp="02-Mar-2018 10:35:46"/>
      <testcase classname="tMeasurementsWithLabel/testMean(Size=value1)" name="tMeasurementsWithLabel/testMean(Size=value1)" time="0.0021991" timestamp="02-Mar-2018 10:35:46"/>
      <testcase classname="tMeasurementsWithLabel/testMean(Size=value1)" name="tMeasurementsWithLabel/testMean(Size=value1) &lt;ChangQingsAlgorithm&gt;" time="0.086059" timestamp="02-Mar-2018 10:35:46"/>
      <testcase classname="tMeasurementsWithLabel/testMean(Size=value1)" name="tMeasurementsWithLabel/testMean(Size=value1)" time="0.0021997" timestamp="02-Mar-2018 10:35:46"/>
      <testcase classname="tMeasurementsWithLabel/testMean(Size=value1)" name="tMeasurementsWithLabel/testMean(Size=value1) &lt;ChangQingsAlgorithm&gt;" time="0.08719" timestamp="02-Mar-2018 10:35:46"/>
      <testcase classname="tMeasurementsWithLabel/testMean(Size=value1)" name="tMeasurementsWithLabel/testMean(Size=value1)" time="0.0022029" timestamp="02-Mar-2018 10:35:46"/>
      <testcase classname="tMeasurementsWithLabel/testMean(Size=value1)" name="tMeasurementsWithLabel/testMean(Size=value1) &lt;ChangQingsAlgorithm&gt;" time="0.087094" timestamp="02-Mar-2018 10:35:46"/>
      <testcase classname="tMeasurementsWithLabel/testMean(Size=value1)" name="tMeasurementsWithLabel/testMean(Size=value1)" time="0.002139" timestamp="02-Mar-2018 10:35:46"/>
      <testcase classname="tMeasurementsWithLabel/testMean(Size=value1)" name="tMeasurementsWithLabel/testMean(Size=value1) &lt;ChangQingsAlgorithm&gt;" time="0.086421" timestamp="02-Mar-2018 10:35:46"/>
      <testcase classname="tMeasurementsWithLabel/testMean(Size=value1)" name="tMeasurementsWithLabel/testMean(Size=value1)" time="0.0021425" timestamp="02-Mar-2018 10:35:46"/>
      <testcase classname="tMeasurementsWithLabel/testMean(Size=value1)" name="tMeasurementsWithLabel/testMean(Size=value1) &lt;ChangQingsAlgorithm&gt;" time="0.085668" timestamp="02-Mar-2018 10:35:46"/>
      <testcase classname="tMeasurementsWithLabel/testMean(Size=value1)" name="tMeasurementsWithLabel/testMean(Size=value1)" time="0.0020847" timestamp="02-Mar-2018 10:35:47"/>
      <testcase classname="tMeasurementsWithLabel/testMean(Size=value1)" name="tMeasurementsWithLabel/testMean(Size=value1) &lt;ChangQingsAlgorithm&gt;" time="0.11252" timestamp="02-Mar-2018 10:35:47"/>
      <testcase classname="tMeasurementsWithLabel/testMean(Size=value1)" name="tMeasurementsWithLabel/testMean(Size=value1)" time="0.002102" timestamp="02-Mar-2018 10:35:47"/>
      <testcase classname="tMeasurementsWithLabel/testMean(Size=value1)" name="tMeasurementsWithLabel/testMean(Size=value1) &lt;ChangQingsAlgorithm&gt;" time="0.083192" timestamp="02-Mar-2018 10:35:47"/>
      <testcase classname="tMeasurementsWithLabel/testMean(Size=value1)" name="tMeasurementsWithLabel/testMean(Size=value1)" time="0.0022765" timestamp="02-Mar-2018 10:35:47"/>
      <testcase classname="tMeasurementsWithLabel/testMean(Size=value1)" name="tMeasurementsWithLabel/testMean(Size=value1) &lt;ChangQingsAlgorithm&gt;" time="0.086738" timestamp="02-Mar-2018 10:35:47"/>
      <testcase classname="tMeasurementsWithLabel/testMean(Size=value1)" name="tMeasurementsWithLabel/testMean(Size=value1)" time="0.0022442" timestamp="02-Mar-2018 10:35:47"/>
      <testcase classname="tMeasurementsWithLabel/testMean(Size=value1)" name="tMeasurementsWithLabel/testMean(Size=value1) &lt;ChangQingsAlgorithm&gt;" time="0.086388" timestamp="02-Mar-2018 10:35:47"/>
      <testcase classname="tMeasurementsWithLabel/testMean(Size=value1)" name="tMeasurementsWithLabel/testMean(Size=value1)" time="0.0021351" timestamp="02-Mar-2018 10:35:47"/>
      <testcase classname="tMeasurementsWithLabel/testMean(Size=value1)" name="tMeasurementsWithLabel/testMean(Size=value1) &lt;ChangQingsAlgorithm&gt;" time="0.081894" timestamp="02-Mar-2018 10:35:47"/>
   </testsuite>
   <testsuite errors="0" failures="0" name="tMeasurementsWithLabel/testMean(Size=value2)" skipped="0" tests="64" time="0">
      <testcase classname="tMeasurementsWithLabel/testMean(Size=value2)" name="tMeasurementsWithLabel/testMean(Size=value2)" time="0.007674" timestamp="02-Mar-2018 10:35:50"/>
      <testcase classname="tMeasurementsWithLabel/testMean(Size=value2)" name="tMeasurementsWithLabel/testMean(Size=value2) &lt;ChangQingsAlgorithm&gt;" time="0.44101" timestamp="02-Mar-2018 10:35:50"/>
      <testcase classname="tMeasurementsWithLabel/testMean(Size=value2)" name="tMeasurementsWithLabel/testMean(Size=value2)" time="0.0076174" timestamp="02-Mar-2018 10:35:50"/>
      <testcase classname="tMeasurementsWithLabel/testMean(Size=value2)" name="tMeasurementsWithLabel/testMean(Size=value2) &lt;ChangQingsAlgorithm&gt;" time="0.3749" timestamp="02-Mar-2018 10:35:51"/>
      <testcase classname="tMeasurementsWithLabel/testMean(Size=value2)" name="tMeasurementsWithLabel/testMean(Size=value2)" time="0.003702" timestamp="02-Mar-2018 10:35:51"/>
      <testcase classname="tMeasurementsWithLabel/testMean(Size=value2)" name="tMeasurementsWithLabel/testMean(Size=value2) &lt;ChangQingsAlgorithm&gt;" time="0.38595" timestamp="02-Mar-2018 10:35:51"/>
      <testcase classname="tMeasurementsWithLabel/testMean(Size=value2)" name="tMeasurementsWithLabel/testMean(Size=value2)" time="0.0077597" timestamp="02-Mar-2018 10:35:52"/>
      <testcase classname="tMeasurementsWithLabel/testMean(Size=value2)" name="tMeasurementsWithLabel/testMean(Size=value2) &lt;ChangQingsAlgorithm&gt;" time="0.38907" timestamp="02-Mar-2018 10:35:52"/>
      <testcase classname="tMeasurementsWithLabel/testMean(Size=value2)" name="tMeasurementsWithLabel/testMean(Size=value2)" time="0.0075042" timestamp="02-Mar-2018 10:35:52"/>
      <testcase classname="tMeasurementsWithLabel/testMean(Size=value2)" name="tMeasurementsWithLabel/testMean(Size=value2) &lt;ChangQingsAlgorithm&gt;" time="0.3764" timestamp="02-Mar-2018 10:35:52"/>
      <testcase classname="tMeasurementsWithLabel/testMean(Size=value2)" name="tMeasurementsWithLabel/testMean(Size=value2)" time="0.0076412" timestamp="02-Mar-2018 10:35:53"/>
      <testcase classname="tMeasurementsWithLabel/testMean(Size=value2)" name="tMeasurementsWithLabel/testMean(Size=value2) &lt;ChangQingsAlgorithm&gt;" time="0.41146" timestamp="02-Mar-2018 10:35:53"/>
      <testcase classname="tMeasurementsWithLabel/testMean(Size=value2)" name="tMeasurementsWithLabel/testMean(Size=value2)" time="0.007543" timestamp="02-Mar-2018 10:35:53"/>
      <testcase classname="tMeasurementsWithLabel/testMean(Size=value2)" name="tMeasurementsWithLabel/testMean(Size=value2) &lt;ChangQingsAlgorithm&gt;" time="0.37977" timestamp="02-Mar-2018 10:35:54"/>
      <testcase classname="tMeasurementsWithLabel/testMean(Size=value2)" name="tMeasurementsWithLabel/testMean(Size=value2)" time="0.006116" timestamp="02-Mar-2018 10:35:54"/>
      <testcase classname="tMeasurementsWithLabel/testMean(Size=value2)" name="tMeasurementsWithLabel/testMean(Size=value2) &lt;ChangQingsAlgorithm&gt;" time="0.38229" timestamp="02-Mar-2018 10:35:54"/>
      <testcase classname="tMeasurementsWithLabel/testMean(Size=value2)" name="tMeasurementsWithLabel/testMean(Size=value2)" time="0.0063703" timestamp="02-Mar-2018 10:35:54"/>
      <testcase classname="tMeasurementsWithLabel/testMean(Size=value2)" name="tMeasurementsWithLabel/testMean(Size=value2) &lt;ChangQingsAlgorithm&gt;" time="0.37669" timestamp="02-Mar-2018 10:35:55"/>
      <testcase classname="tMeasurementsWithLabel/testMean(Size=value2)" name="tMeasurementsWithLabel/testMean(Size=value2)" time="0.0077089" timestamp="02-Mar-2018 10:35:55"/>
      <testcase classname="tMeasurementsWithLabel/testMean(Size=value2)" name="tMeasurementsWithLabel/testMean(Size=value2) &lt;ChangQingsAlgorithm&gt;" time="0.37705" timestamp="02-Mar-2018 10:35:55"/>
      <testcase classname="tMeasurementsWithLabel/testMean(Size=value2)" name="tMeasurementsWithLabel/testMean(Size=value2)" time="0.0077934" timestamp="02-Mar-2018 10:35:56"/>
      <testcase classname="tMeasurementsWithLabel/testMean(Size=value2)" name="tMeasurementsWithLabel/testMean(Size=value2) &lt;ChangQingsAlgorithm&gt;" time="0.39378" timestamp="02-Mar-2018 10:35:56"/>
      <testcase classname="tMeasurementsWithLabel/testMean(Size=value2)" name="tMeasurementsWithLabel/testMean(Size=value2)" time="0.0046762" timestamp="02-Mar-2018 10:35:56"/>
      <testcase classname="tMeasurementsWithLabel/testMean(Size=value2)" name="tMeasurementsWithLabel/testMean(Size=value2) &lt;ChangQingsAlgorithm&gt;" time="0.38808" timestamp="02-Mar-2018 10:35:57"/>
      <testcase classname="tMeasurementsWithLabel/testMean(Size=value2)" name="tMeasurementsWithLabel/testMean(Size=value2)" time="0.0037023" timestamp="02-Mar-2018 10:35:57"/>
      <testcase classname="tMeasurementsWithLabel/testMean(Size=value2)" name="tMeasurementsWithLabel/testMean(Size=value2) &lt;ChangQingsAlgorithm&gt;" time="0.3826" timestamp="02-Mar-2018 10:35:57"/>
      <testcase classname="tMeasurementsWithLabel/testMean(Size=value2)" name="tMeasurementsWithLabel/testMean(Size=value2)" time="0.0036973" timestamp="02-Mar-2018 10:35:57"/>
      <testcase classname="tMeasurementsWithLabel/testMean(Size=value2)" name="tMeasurementsWithLabel/testMean(Size=value2) &lt;ChangQingsAlgorithm&gt;" time="0.3914" timestamp="02-Mar-2018 10:35:58"/>
      <testcase classname="tMeasurementsWithLabel/testMean(Size=value2)" name="tMeasurementsWithLabel/testMean(Size=value2)" time="0.0039008" timestamp="02-Mar-2018 10:35:58"/>
      <testcase classname="tMeasurementsWithLabel/testMean(Size=value2)" name="tMeasurementsWithLabel/testMean(Size=value2) &lt;ChangQingsAlgorithm&gt;" time="0.39035" timestamp="02-Mar-2018 10:35:58"/>
      <testcase classname="tMeasurementsWithLabel/testMean(Size=value2)" name="tMeasurementsWithLabel/testMean(Size=value2)" time="0.0079714" timestamp="02-Mar-2018 10:35:58"/>
      <testcase classname="tMeasurementsWithLabel/testMean(Size=value2)" name="tMeasurementsWithLabel/testMean(Size=value2) &lt;ChangQingsAlgorithm&gt;" time="0.38155" timestamp="02-Mar-2018 10:35:59"/>
      <testcase classname="tMeasurementsWithLabel/testMean(Size=value2)" name="tMeasurementsWithLabel/testMean(Size=value2)" time="0.0075978" timestamp="02-Mar-2018 10:35:59"/>
      <testcase classname="tMeasurementsWithLabel/testMean(Size=value2)" name="tMeasurementsWithLabel/testMean(Size=value2) &lt;ChangQingsAlgorithm&gt;" time="0.37935" timestamp="02-Mar-2018 10:35:59"/>
      <testcase classname="tMeasurementsWithLabel/testMean(Size=value2)" name="tMeasurementsWithLabel/testMean(Size=value2)" time="0.0074784" timestamp="02-Mar-2018 10:36:00"/>
      <testcase classname="tMeasurementsWithLabel/testMean(Size=value2)" name="tMeasurementsWithLabel/testMean(Size=value2) &lt;ChangQingsAlgorithm&gt;" time="0.46265" timestamp="02-Mar-2018 10:36:00"/>
      <testcase classname="tMeasurementsWithLabel/testMean(Size=value2)" name="tMeasurementsWithLabel/testMean(Size=value2)" time="0.0079764" timestamp="02-Mar-2018 10:36:00"/>
      <testcase classname="tMeasurementsWithLabel/testMean(Size=value2)" name="tMeasurementsWithLabel/testMean(Size=value2) &lt;ChangQingsAlgorithm&gt;" time="0.43711" timestamp="02-Mar-2018 10:36:01"/>
      <testcase classname="tMeasurementsWithLabel/testMean(Size=value2)" name="tMeasurementsWithLabel/testMean(Size=value2)" time="0.0076963" timestamp="02-Mar-2018 10:36:01"/>
      <testcase classname="tMeasurementsWithLabel/testMean(Size=value2)" name="tMeasurementsWithLabel/testMean(Size=value2) &lt;ChangQingsAlgorithm&gt;" time="0.39487" timestamp="02-Mar-2018 10:36:01"/>
      <testcase classname="tMeasurementsWithLabel/testMean(Size=value2)" name="tMeasurementsWithLabel/testMean(Size=value2)" time="0.0075154" timestamp="02-Mar-2018 10:36:02"/>
      <testcase classname="tMeasurementsWithLabel/testMean(Size=value2)" name="tMeasurementsWithLabel/testMean(Size=value2) &lt;ChangQingsAlgorithm&gt;" time="0.38654" timestamp="02-Mar-2018 10:36:02"/>
      <testcase classname="tMeasurementsWithLabel/testMean(Size=value2)" name="tMeasurementsWithLabel/testMean(Size=value2)" time="0.0037427" timestamp="02-Mar-2018 10:36:02"/>
      <testcase classname="tMeasurementsWithLabel/testMean(Size=value2)" name="tMeasurementsWithLabel/testMean(Size=value2) &lt;ChangQingsAlgorithm&gt;" time="0.41025" timestamp="02-Mar-2018 10:36:02"/>
      <testcase classname="tMeasurementsWithLabel/testMean(Size=value2)" name="tMeasurementsWithLabel/testMean(Size=value2)" time="0.0067116" timestamp="02-Mar-2018 10:36:03"/>
      <testcase classname="tMeasurementsWithLabel/testMean(Size=value2)" name="tMeasurementsWithLabel/testMean(Size=value2) &lt;ChangQingsAlgorithm&gt;" time="0.39416" timestamp="02-Mar-2018 10:36:03"/>
      <testcase classname="tMeasurementsWithLabel/testMean(Size=value2)" name="tMeasurementsWithLabel/testMean(Size=value2)" time="0.0074171" timestamp="02-Mar-2018 10:36:03"/>
      <testcase classname="tMeasurementsWithLabel/testMean(Size=value2)" name="tMeasurementsWithLabel/testMean(Size=value2) &lt;ChangQingsAlgorithm&gt;" time="0.40336" timestamp="02-Mar-2018 10:36:04"/>
      <testcase classname="tMeasurementsWithLabel/testMean(Size=value2)" name="tMeasurementsWithLabel/testMean(Size=value2)" time="0.0078946" timestamp="02-Mar-2018 10:36:04"/>
      <testcase classname="tMeasurementsWithLabel/testMean(Size=value2)" name="tMeasurementsWithLabel/testMean(Size=value2) &lt;ChangQingsAlgorithm&gt;" time="0.37725" timestamp="02-Mar-2018 10:36:04"/>
      <testcase classname="tMeasurementsWithLabel/testMean(Size=value2)" name="tMeasurementsWithLabel/testMean(Size=value2)" time="0.0075691" timestamp="02-Mar-2018 10:36:04"/>
      <testcase classname="tMeasurementsWithLabel/testMean(Size=value2)" name="tMeasurementsWithLabel/testMean(Size=value2) &lt;ChangQingsAlgorithm&gt;" time="0.38201" timestamp="02-Mar-2018 10:36:05"/>
      <testcase classname="tMeasurementsWithLabel/testMean(Size=value2)" name="tMeasurementsWithLabel/testMean(Size=value2)" time="0.0074913" timestamp="02-Mar-2018 10:36:05"/>
      <testcase classname="tMeasurementsWithLabel/testMean(Size=value2)" name="tMeasurementsWithLabel/testMean(Size=value2) &lt;ChangQingsAlgorithm&gt;" time="0.37487" timestamp="02-Mar-2018 10:36:05"/>
      <testcase classname="tMeasurementsWithLabel/testMean(Size=value2)" name="tMeasurementsWithLabel/testMean(Size=value2)" time="0.0079171" timestamp="02-Mar-2018 10:36:06"/>
      <testcase classname="tMeasurementsWithLabel/testMean(Size=value2)" name="tMeasurementsWithLabel/testMean(Size=value2) &lt;ChangQingsAlgorithm&gt;" time="0.44671" timestamp="02-Mar-2018 10:36:06"/>
      <testcase classname="tMeasurementsWithLabel/testMean(Size=value2)" name="tMeasurementsWithLabel/testMean(Size=value2)" time="0.007428" timestamp="02-Mar-2018 10:36:06"/>
      <testcase classname="tMeasurementsWithLabel/testMean(Size=value2)" name="tMeasurementsWithLabel/testMean(Size=value2) &lt;ChangQingsAlgorithm&gt;" time="0.41161" timestamp="02-Mar-2018 10:36:07"/>
      <testcase classname="tMeasurementsWithLabel/testMean(Size=value2)" name="tMeasurementsWithLabel/testMean(Size=value2)" time="0.0074374" timestamp="02-Mar-2018 10:36:07"/>
      <testcase classname="tMeasurementsWithLabel/testMean(Size=value2)" name="tMeasurementsWithLabel/testMean(Size=value2) &lt;ChangQingsAlgorithm&gt;" time="0.4023" timestamp="02-Mar-2018 10:36:07"/>
      <testcase classname="tMeasurementsWithLabel/testMean(Size=value2)" name="tMeasurementsWithLabel/testMean(Size=value2)" time="0.007611" timestamp="02-Mar-2018 10:36:07"/>
      <testcase classname="tMeasurementsWithLabel/testMean(Size=value2)" name="tMeasurementsWithLabel/testMean(Size=value2) &lt;ChangQingsAlgorithm&gt;" time="0.42474" timestamp="02-Mar-2018 10:36:08"/>
      <testcase classname="tMeasurementsWithLabel/testMean(Size=value2)" name="tMeasurementsWithLabel/testMean(Size=value2)" time="0.0081344" timestamp="02-Mar-2018 10:36:08"/>
      <testcase classname="tMeasurementsWithLabel/testMean(Size=value2)" name="tMeasurementsWithLabel/testMean(Size=value2) &lt;ChangQingsAlgorithm&gt;" time="0.39202" timestamp="02-Mar-2018 10:36:08"/>
   </testsuite>
   <testsuite errors="0" failures="0" name="tMeasurementsWithLabel/testLoop" skipped="0" tests="320" time="0">
      <testcase classname="tMeasurementsWithLabel/testLoop" name="tMeasurementsWithLabel/testLoop &lt;L1&gt;" time="0.0010885" timestamp="02-Mar-2018 10:36:09"/>
      <testcase classname="tMeasurementsWithLabel/testLoop" name="tMeasurementsWithLabel/testLoop &lt;L2&gt;" time="0.0020765" timestamp="02-Mar-2018 10:36:09"/>
      <testcase classname="tMeasurementsWithLabel/testLoop" name="tMeasurementsWithLabel/testLoop &lt;L3&gt;" time="0.0030759" timestamp="02-Mar-2018 10:36:09"/>
      <testcase classname="tMeasurementsWithLabel/testLoop" name="tMeasurementsWithLabel/testLoop &lt;L4&gt;" time="0.0042501" timestamp="02-Mar-2018 10:36:09"/>
      <testcase classname="tMeasurementsWithLabel/testLoop" name="tMeasurementsWithLabel/testLoop &lt;L5&gt;" time="0.005082" timestamp="02-Mar-2018 10:36:09"/>
      <testcase classname="tMeasurementsWithLabel/testLoop" name="tMeasurementsWithLabel/testLoop &lt;L6&gt;" time="0.0063456" timestamp="02-Mar-2018 10:36:09"/>
      <testcase classname="tMeasurementsWithLabel/testLoop" name="tMeasurementsWithLabel/testLoop &lt;L7&gt;" time="0.007082" timestamp="02-Mar-2018 10:36:09"/>
      <testcase classname="tMeasurementsWithLabel/testLoop" name="tMeasurementsWithLabel/testLoop &lt;L8&gt;" time="0.0081165" timestamp="02-Mar-2018 10:36:09"/>
      <testcase classname="tMeasurementsWithLabel/testLoop" name="tMeasurementsWithLabel/testLoop &lt;L9&gt;" time="0.0090919" timestamp="02-Mar-2018 10:36:09"/>
      <testcase classname="tMeasurementsWithLabel/testLoop" name="tMeasurementsWithLabel/testLoop &lt;L10&gt;" time="0.010101" timestamp="02-Mar-2018 10:36:09"/>
      <testcase classname="tMeasurementsWithLabel/testLoop" name="tMeasurementsWithLabel/testLoop &lt;L1&gt;" time="0.001095" timestamp="02-Mar-2018 10:36:09"/>
      <testcase classname="tMeasurementsWithLabel/testLoop" name="tMeasurementsWithLabel/testLoop &lt;L2&gt;" time="0.0021522" timestamp="02-Mar-2018 10:36:09"/>
      <testcase classname="tMeasurementsWithLabel/testLoop" name="tMeasurementsWithLabel/testLoop &lt;L3&gt;" time="0.0030785" timestamp="02-Mar-2018 10:36:09"/>
      <testcase classname="tMeasurementsWithLabel/testLoop" name="tMeasurementsWithLabel/testLoop &lt;L4&gt;" time="0.004077" timestamp="02-Mar-2018 10:36:09"/>
      <testcase classname="tMeasurementsWithLabel/testLoop" name="tMeasurementsWithLabel/testLoop &lt;L5&gt;" time="0.0050791" timestamp="02-Mar-2018 10:36:09"/>
      <testcase classname="tMeasurementsWithLabel/testLoop" name="tMeasurementsWithLabel/testLoop &lt;L6&gt;" time="0.0060714" timestamp="02-Mar-2018 10:36:09"/>
      <testcase classname="tMeasurementsWithLabel/testLoop" name="tMeasurementsWithLabel/testLoop &lt;L7&gt;" time="0.0071142" timestamp="02-Mar-2018 10:36:09"/>
      <testcase classname="tMeasurementsWithLabel/testLoop" name="tMeasurementsWithLabel/testLoop &lt;L8&gt;" time="0.008079" timestamp="02-Mar-2018 10:36:09"/>
      <testcase classname="tMeasurementsWithLabel/testLoop" name="tMeasurementsWithLabel/testLoop &lt;L9&gt;" time="0.0092127" timestamp="02-Mar-2018 10:36:09"/>
      <testcase classname="tMeasurementsWithLabel/testLoop" name="tMeasurementsWithLabel/testLoop &lt;L10&gt;" time="0.01081" timestamp="02-Mar-2018 10:36:09"/>
      <testcase classname="tMeasurementsWithLabel/testLoop" name="tMeasurementsWithLabel/testLoop &lt;L1&gt;" time="0.0010856" timestamp="02-Mar-2018 10:36:09"/>
      <testcase classname="tMeasurementsWithLabel/testLoop" name="tMeasurementsWithLabel/testLoop &lt;L2&gt;" time="0.0025741" timestamp="02-Mar-2018 10:36:09"/>
      <testcase classname="tMeasurementsWithLabel/testLoop" name="tMeasurementsWithLabel/testLoop &lt;L3&gt;" time="0.0030859" timestamp="02-Mar-2018 10:36:09"/>
      <testcase classname="tMeasurementsWithLabel/testLoop" name="tMeasurementsWithLabel/testLoop &lt;L4&gt;" time="0.0040759" timestamp="02-Mar-2018 10:36:09"/>
      <testcase classname="tMeasurementsWithLabel/testLoop" name="tMeasurementsWithLabel/testLoop &lt;L5&gt;" time="0.0050817" timestamp="02-Mar-2018 10:36:09"/>
      <testcase classname="tMeasurementsWithLabel/testLoop" name="tMeasurementsWithLabel/testLoop &lt;L6&gt;" time="0.0060811" timestamp="02-Mar-2018 10:36:09"/>
      <testcase classname="tMeasurementsWithLabel/testLoop" name="tMeasurementsWithLabel/testLoop &lt;L7&gt;" time="0.0073406" timestamp="02-Mar-2018 10:36:09"/>
      <testcase classname="tMeasurementsWithLabel/testLoop" name="tMeasurementsWithLabel/testLoop &lt;L8&gt;" time="0.0081042" timestamp="02-Mar-2018 10:36:09"/>
      <testcase classname="tMeasurementsWithLabel/testLoop" name="tMeasurementsWithLabel/testLoop &lt;L9&gt;" time="0.0094869" timestamp="02-Mar-2018 10:36:09"/>
      <testcase classname="tMeasurementsWithLabel/testLoop" name="tMeasurementsWithLabel/testLoop &lt;L10&gt;" time="0.010136" timestamp="02-Mar-2018 10:36:09"/>
      <testcase classname="tMeasurementsWithLabel/testLoop" name="tMeasurementsWithLabel/testLoop &lt;L1&gt;" time="0.0010991" timestamp="02-Mar-2018 10:36:09"/>
      <testcase classname="tMeasurementsWithLabel/testLoop" name="tMeasurementsWithLabel/testLoop &lt;L2&gt;" time="0.0026853" timestamp="02-Mar-2018 10:36:09"/>
      <testcase classname="tMeasurementsWithLabel/testLoop" name="tMeasurementsWithLabel/testLoop &lt;L3&gt;" time="0.0030727" timestamp="02-Mar-2018 10:36:09"/>
      <testcase classname="tMeasurementsWithLabel/testLoop" name="tMeasurementsWithLabel/testLoop &lt;L4&gt;" time="0.0040765" timestamp="02-Mar-2018 10:36:09"/>
      <testcase classname="tMeasurementsWithLabel/testLoop" name="tMeasurementsWithLabel/testLoop &lt;L5&gt;" time="0.0051395" timestamp="02-Mar-2018 10:36:09"/>
      <testcase classname="tMeasurementsWithLabel/testLoop" name="tMeasurementsWithLabel/testLoop &lt;L6&gt;" time="0.0067993" timestamp="02-Mar-2018 10:36:09"/>
      <testcase classname="tMeasurementsWithLabel/testLoop" name="tMeasurementsWithLabel/testLoop &lt;L7&gt;" time="0.0079479" timestamp="02-Mar-2018 10:36:09"/>
      <testcase classname="tMeasurementsWithLabel/testLoop" name="tMeasurementsWithLabel/testLoop &lt;L8&gt;" time="0.0087731" timestamp="02-Mar-2018 10:36:09"/>
      <testcase classname="tMeasurementsWithLabel/testLoop" name="tMeasurementsWithLabel/testLoop &lt;L9&gt;" time="0.0090951" timestamp="02-Mar-2018 10:36:09"/>
      <testcase classname="tMeasurementsWithLabel/testLoop" name="tMeasurementsWithLabel/testLoop &lt;L10&gt;" time="0.010112" timestamp="02-Mar-2018 10:36:09"/>
      <testcase classname="tMeasurementsWithLabel/testLoop" name="tMeasurementsWithLabel/testLoop &lt;L1&gt;" time="0.0010868" timestamp="02-Mar-2018 10:36:10"/>
      <testcase classname="tMeasurementsWithLabel/testLoop" name="tMeasurementsWithLabel/testLoop &lt;L2&gt;" time="0.0020791" timestamp="02-Mar-2018 10:36:10"/>
      <testcase classname="tMeasurementsWithLabel/testLoop" name="tMeasurementsWithLabel/testLoop &lt;L3&gt;" time="0.0030744" timestamp="02-Mar-2018 10:36:10"/>
      <testcase classname="tMeasurementsWithLabel/testLoop" name="tMeasurementsWithLabel/testLoop &lt;L4&gt;" time="0.0040791" timestamp="02-Mar-2018 10:36:10"/>
      <testcase classname="tMeasurementsWithLabel/testLoop" name="tMeasurementsWithLabel/testLoop &lt;L5&gt;" time="0.0055172" timestamp="02-Mar-2018 10:36:10"/>
      <testcase classname="tMeasurementsWithLabel/testLoop" name="tMeasurementsWithLabel/testLoop &lt;L6&gt;" time="0.0060764" timestamp="02-Mar-2018 10:36:10"/>
      <testcase classname="tMeasurementsWithLabel/testLoop" name="tMeasurementsWithLabel/testLoop &lt;L7&gt;" time="0.0070782" timestamp="02-Mar-2018 10:36:10"/>
      <testcase classname="tMeasurementsWithLabel/testLoop" name="tMeasurementsWithLabel/testLoop &lt;L8&gt;" time="0.0083077" timestamp="02-Mar-2018 10:36:10"/>
      <testcase classname="tMeasurementsWithLabel/testLoop" name="tMeasurementsWithLabel/testLoop &lt;L9&gt;" time="0.0095324" timestamp="02-Mar-2018 10:36:10"/>
      <testcase classname="tMeasurementsWithLabel/testLoop" name="tMeasurementsWithLabel/testLoop &lt;L10&gt;" time="0.010839" timestamp="02-Mar-2018 10:36:10"/>
      <testcase classname="tMeasurementsWithLabel/testLoop" name="tMeasurementsWithLabel/testLoop &lt;L1&gt;" time="0.0010882" timestamp="02-Mar-2018 10:36:10"/>
      <testcase classname="tMeasurementsWithLabel/testLoop" name="tMeasurementsWithLabel/testLoop &lt;L2&gt;" time="0.0028991" timestamp="02-Mar-2018 10:36:10"/>
      <testcase classname="tMeasurementsWithLabel/testLoop" name="tMeasurementsWithLabel/testLoop &lt;L3&gt;" time="0.0030501" timestamp="02-Mar-2018 10:36:10"/>
      <testcase classname="tMeasurementsWithLabel/testLoop" name="tMeasurementsWithLabel/testLoop &lt;L4&gt;" time="0.0045764" timestamp="02-Mar-2018 10:36:10"/>
      <testcase classname="tMeasurementsWithLabel/testLoop" name="tMeasurementsWithLabel/testLoop &lt;L5&gt;" time="0.0059052" timestamp="02-Mar-2018 10:36:10"/>
      <testcase classname="tMeasurementsWithLabel/testLoop" name="tMeasurementsWithLabel/testLoop &lt;L6&gt;" time="0.0060535" timestamp="02-Mar-2018 10:36:10"/>
      <testcase classname="tMeasurementsWithLabel/testLoop" name="tMeasurementsWithLabel/testLoop &lt;L7&gt;" time="0.0070532" timestamp="02-Mar-2018 10:36:10"/>
      <testcase classname="tMeasurementsWithLabel/testLoop" name="tMeasurementsWithLabel/testLoop &lt;L8&gt;" time="0.0081201" timestamp="02-Mar-2018 10:36:10"/>
      <testcase classname="tMeasurementsWithLabel/testLoop" name="tMeasurementsWithLabel/testLoop &lt;L9&gt;" time="0.0090632" timestamp="02-Mar-2018 10:36:10"/>
      <testcase classname="tMeasurementsWithLabel/testLoop" name="tMeasurementsWithLabel/testLoop &lt;L10&gt;" time="0.010066" timestamp="02-Mar-2018 10:36:10"/>
      <testcase classname="tMeasurementsWithLabel/testLoop" name="tMeasurementsWithLabel/testLoop &lt;L1&gt;" time="0.0010592" timestamp="02-Mar-2018 10:36:10"/>
      <testcase classname="tMeasurementsWithLabel/testLoop" name="tMeasurementsWithLabel/testLoop &lt;L2&gt;" time="0.0030002" timestamp="02-Mar-2018 10:36:10"/>
      <testcase classname="tMeasurementsWithLabel/testLoop" name="tMeasurementsWithLabel/testLoop &lt;L3&gt;" time="0.0030557" timestamp="02-Mar-2018 10:36:10"/>
      <testcase classname="tMeasurementsWithLabel/testLoop" name="tMeasurementsWithLabel/testLoop &lt;L4&gt;" time="0.0040562" timestamp="02-Mar-2018 10:36:10"/>
      <testcase classname="tMeasurementsWithLabel/testLoop" name="tMeasurementsWithLabel/testLoop &lt;L5&gt;" time="0.0057459" timestamp="02-Mar-2018 10:36:10"/>
      <testcase classname="tMeasurementsWithLabel/testLoop" name="tMeasurementsWithLabel/testLoop &lt;L6&gt;" time="0.0068679" timestamp="02-Mar-2018 10:36:10"/>
      <testcase classname="tMeasurementsWithLabel/testLoop" name="tMeasurementsWithLabel/testLoop &lt;L7&gt;" time="0.0070523" timestamp="02-Mar-2018 10:36:10"/>
      <testcase classname="tMeasurementsWithLabel/testLoop" name="tMeasurementsWithLabel/testLoop &lt;L8&gt;" time="0.0080541" timestamp="02-Mar-2018 10:36:10"/>
      <testcase classname="tMeasurementsWithLabel/testLoop" name="tMeasurementsWithLabel/testLoop &lt;L9&gt;" time="0.0090769" timestamp="02-Mar-2018 10:36:10"/>
      <testcase classname="tMeasurementsWithLabel/testLoop" name="tMeasurementsWithLabel/testLoop &lt;L10&gt;" time="0.010732" timestamp="02-Mar-2018 10:36:10"/>
      <testcase classname="tMeasurementsWithLabel/testLoop" name="tMeasurementsWithLabel/testLoop &lt;L1&gt;" time="0.0010654" timestamp="02-Mar-2018 10:36:10"/>
      <testcase classname="tMeasurementsWithLabel/testLoop" name="tMeasurementsWithLabel/testLoop &lt;L2&gt;" time="0.0024046" timestamp="02-Mar-2018 10:36:10"/>
      <testcase classname="tMeasurementsWithLabel/testLoop" name="tMeasurementsWithLabel/testLoop &lt;L3&gt;" time="0.0031721" timestamp="02-Mar-2018 10:36:10"/>
      <testcase classname="tMeasurementsWithLabel/testLoop" name="tMeasurementsWithLabel/testLoop &lt;L4&gt;" time="0.0040597" timestamp="02-Mar-2018 10:36:10"/>
      <testcase classname="tMeasurementsWithLabel/testLoop" name="tMeasurementsWithLabel/testLoop &lt;L5&gt;" time="0.0054741" timestamp="02-Mar-2018 10:36:10"/>
      <testcase classname="tMeasurementsWithLabel/testLoop" name="tMeasurementsWithLabel/testLoop &lt;L6&gt;" time="0.0068817" timestamp="02-Mar-2018 10:36:10"/>
      <testcase classname="tMeasurementsWithLabel/testLoop" name="tMeasurementsWithLabel/testLoop &lt;L7&gt;" time="0.0078969" timestamp="02-Mar-2018 10:36:10"/>
      <testcase classname="tMeasurementsWithLabel/testLoop" name="tMeasurementsWithLabel/testLoop &lt;L8&gt;" time="0.0081271" timestamp="02-Mar-2018 10:36:10"/>
      <testcase classname="tMeasurementsWithLabel/testLoop" name="tMeasurementsWithLabel/testLoop &lt;L9&gt;" time="0.0090649" timestamp="02-Mar-2018 10:36:10"/>
      <testcase classname="tMeasurementsWithLabel/testLoop" name="tMeasurementsWithLabel/testLoop &lt;L10&gt;" time="0.010058" timestamp="02-Mar-2018 10:36:10"/>
      <testcase classname="tMeasurementsWithLabel/testLoop" name="tMeasurementsWithLabel/testLoop &lt;L1&gt;" time="0.0010665" timestamp="02-Mar-2018 10:36:10"/>
      <testcase classname="tMeasurementsWithLabel/testLoop" name="tMeasurementsWithLabel/testLoop &lt;L2&gt;" time="0.0020959" timestamp="02-Mar-2018 10:36:10"/>
      <testcase classname="tMeasurementsWithLabel/testLoop" name="tMeasurementsWithLabel/testLoop &lt;L3&gt;" time="0.0033055" timestamp="02-Mar-2018 10:36:10"/>
      <testcase classname="tMeasurementsWithLabel/testLoop" name="tMeasurementsWithLabel/testLoop &lt;L4&gt;" time="0.0041316" timestamp="02-Mar-2018 10:36:10"/>
      <testcase classname="tMeasurementsWithLabel/testLoop" name="tMeasurementsWithLabel/testLoop &lt;L5&gt;" time="0.0052879" timestamp="02-Mar-2018 10:36:10"/>
      <testcase classname="tMeasurementsWithLabel/testLoop" name="tMeasurementsWithLabel/testLoop &lt;L6&gt;" time="0.0061266" timestamp="02-Mar-2018 10:36:10"/>
      <testcase classname="tMeasurementsWithLabel/testLoop" name="tMeasurementsWithLabel/testLoop &lt;L7&gt;" time="0.0070512" timestamp="02-Mar-2018 10:36:10"/>
      <testcase classname="tMeasurementsWithLabel/testLoop" name="tMeasurementsWithLabel/testLoop &lt;L8&gt;" time="0.0080512" timestamp="02-Mar-2018 10:36:10"/>
      <testcase classname="tMeasurementsWithLabel/testLoop" name="tMeasurementsWithLabel/testLoop &lt;L9&gt;" time="0.0090582" timestamp="02-Mar-2018 10:36:10"/>
      <testcase classname="tMeasurementsWithLabel/testLoop" name="tMeasurementsWithLabel/testLoop &lt;L10&gt;" time="0.010549" timestamp="02-Mar-2018 10:36:10"/>
      <testcase classname="tMeasurementsWithLabel/testLoop" name="tMeasurementsWithLabel/testLoop &lt;L1&gt;" time="0.0010877" timestamp="02-Mar-2018 10:36:10"/>
      <testcase classname="tMeasurementsWithLabel/testLoop" name="tMeasurementsWithLabel/testLoop &lt;L2&gt;" time="0.0023193" timestamp="02-Mar-2018 10:36:10"/>
      <testcase classname="tMeasurementsWithLabel/testLoop" name="tMeasurementsWithLabel/testLoop &lt;L3&gt;" time="0.0033498" timestamp="02-Mar-2018 10:36:10"/>
      <testcase classname="tMeasurementsWithLabel/testLoop" name="tMeasurementsWithLabel/testLoop &lt;L4&gt;" time="0.0044803" timestamp="02-Mar-2018 10:36:10"/>
      <testcase classname="tMeasurementsWithLabel/testLoop" name="tMeasurementsWithLabel/testLoop &lt;L5&gt;" time="0.005177" timestamp="02-Mar-2018 10:36:10"/>
      <testcase classname="tMeasurementsWithLabel/testLoop" name="tMeasurementsWithLabel/testLoop &lt;L6&gt;" time="0.0064292" timestamp="02-Mar-2018 10:36:10"/>
      <testcase classname="tMeasurementsWithLabel/testLoop" name="tMeasurementsWithLabel/testLoop &lt;L7&gt;" time="0.0071207" timestamp="02-Mar-2018 10:36:10"/>
      <testcase classname="tMeasurementsWithLabel/testLoop" name="tMeasurementsWithLabel/testLoop &lt;L8&gt;" time="0.0081259" timestamp="02-Mar-2018 10:36:10"/>
      <testcase classname="tMeasurementsWithLabel/testLoop" name="tMeasurementsWithLabel/testLoop &lt;L9&gt;" time="0.0091268" timestamp="02-Mar-2018 10:36:10"/>
      <testcase classname="tMeasurementsWithLabel/testLoop" name="tMeasurementsWithLabel/testLoop &lt;L10&gt;" time="0.010143" timestamp="02-Mar-2018 10:36:10"/>
      <testcase classname="tMeasurementsWithLabel/testLoop" name="tMeasurementsWithLabel/testLoop &lt;L1&gt;" time="0.0010745" timestamp="02-Mar-2018 10:36:10"/>
      <testcase classname="tMeasurementsWithLabel/testLoop" name="tMeasurementsWithLabel/testLoop &lt;L2&gt;" time="0.0030938" timestamp="02-Mar-2018 10:36:10"/>
      <testcase classname="tMeasurementsWithLabel/testLoop" name="tMeasurementsWithLabel/testLoop &lt;L3&gt;" time="0.0030618" timestamp="02-Mar-2018 10:36:10"/>
      <testcase classname="tMeasurementsWithLabel/testLoop" name="tMeasurementsWithLabel/testLoop &lt;L4&gt;" time="0.004063" timestamp="02-Mar-2018 10:36:10"/>
      <testcase classname="tMeasurementsWithLabel/testLoop" name="tMeasurementsWithLabel/testLoop &lt;L5&gt;" time="0.0050958" timestamp="02-Mar-2018 10:36:10"/>
      <testcase classname="tMeasurementsWithLabel/testLoop" name="tMeasurementsWithLabel/testLoop &lt;L6&gt;" time="0.0060618" timestamp="02-Mar-2018 10:36:10"/>
      <testcase classname="tMeasurementsWithLabel/testLoop" name="tMeasurementsWithLabel/testLoop &lt;L7&gt;" time="0.0070691" timestamp="02-Mar-2018 10:36:10"/>
      <testcase classname="tMeasurementsWithLabel/testLoop" name="tMeasurementsWithLabel/testLoop &lt;L8&gt;" time="0.0080685" timestamp="02-Mar-2018 10:36:10"/>
      <testcase classname="tMeasurementsWithLabel/testLoop" name="tMeasurementsWithLabel/testLoop &lt;L9&gt;" time="0.0090632" timestamp="02-Mar-2018 10:36:10"/>
      <testcase classname="tMeasurementsWithLabel/testLoop" name="tMeasurementsWithLabel/testLoop &lt;L10&gt;" time="0.01007" timestamp="02-Mar-2018 10:36:10"/>
      <testcase classname="tMeasurementsWithLabel/testLoop" name="tMeasurementsWithLabel/testLoop &lt;L1&gt;" time="0.0010689" timestamp="02-Mar-2018 10:36:11"/>
      <testcase classname="tMeasurementsWithLabel/testLoop" name="tMeasurementsWithLabel/testLoop &lt;L2&gt;" time="0.0027381" timestamp="02-Mar-2018 10:36:11"/>
      <testcase classname="tMeasurementsWithLabel/testLoop" name="tMeasurementsWithLabel/testLoop &lt;L3&gt;" time="0.0030489" timestamp="02-Mar-2018 10:36:11"/>
      <testcase classname="tMeasurementsWithLabel/testLoop" name="tMeasurementsWithLabel/testLoop &lt;L4&gt;" time="0.0047213" timestamp="02-Mar-2018 10:36:11"/>
      <testcase classname="tMeasurementsWithLabel/testLoop" name="tMeasurementsWithLabel/testLoop &lt;L5&gt;" time="0.0058113" timestamp="02-Mar-2018 10:36:11"/>
      <testcase classname="tMeasurementsWithLabel/testLoop" name="tMeasurementsWithLabel/testLoop &lt;L6&gt;" time="0.00605" timestamp="02-Mar-2018 10:36:11"/>
      <testcase classname="tMeasurementsWithLabel/testLoop" name="tMeasurementsWithLabel/testLoop &lt;L7&gt;" time="0.0078893" timestamp="02-Mar-2018 10:36:11"/>
      <testcase classname="tMeasurementsWithLabel/testLoop" name="tMeasurementsWithLabel/testLoop &lt;L8&gt;" time="0.0081573" timestamp="02-Mar-2018 10:36:11"/>
      <testcase classname="tMeasurementsWithLabel/testLoop" name="tMeasurementsWithLabel/testLoop &lt;L9&gt;" time="0.0091077" timestamp="02-Mar-2018 10:36:11"/>
      <testcase classname="tMeasurementsWithLabel/testLoop" name="tMeasurementsWithLabel/testLoop &lt;L10&gt;" time="0.010076" timestamp="02-Mar-2018 10:36:11"/>
      <testcase classname="tMeasurementsWithLabel/testLoop" name="tMeasurementsWithLabel/testLoop &lt;L1&gt;" time="0.0010674" timestamp="02-Mar-2018 10:36:11"/>
      <testcase classname="tMeasurementsWithLabel/testLoop" name="tMeasurementsWithLabel/testLoop &lt;L2&gt;" time="0.0021847" timestamp="02-Mar-2018 10:36:11"/>
      <testcase classname="tMeasurementsWithLabel/testLoop" name="tMeasurementsWithLabel/testLoop &lt;L3&gt;" time="0.0030598" timestamp="02-Mar-2018 10:36:11"/>
      <testcase classname="tMeasurementsWithLabel/testLoop" name="tMeasurementsWithLabel/testLoop &lt;L4&gt;" time="0.0040603" timestamp="02-Mar-2018 10:36:11"/>
      <testcase classname="tMeasurementsWithLabel/testLoop" name="tMeasurementsWithLabel/testLoop &lt;L5&gt;" time="0.0052272" timestamp="02-Mar-2018 10:36:11"/>
      <testcase classname="tMeasurementsWithLabel/testLoop" name="tMeasurementsWithLabel/testLoop &lt;L6&gt;" time="0.0060518" timestamp="02-Mar-2018 10:36:11"/>
      <testcase classname="tMeasurementsWithLabel/testLoop" name="tMeasurementsWithLabel/testLoop &lt;L7&gt;" time="0.0070488" timestamp="02-Mar-2018 10:36:11"/>
      <testcase classname="tMeasurementsWithLabel/testLoop" name="tMeasurementsWithLabel/testLoop &lt;L8&gt;" time="0.0080567" timestamp="02-Mar-2018 10:36:11"/>
      <testcase classname="tMeasurementsWithLabel/testLoop" name="tMeasurementsWithLabel/testLoop &lt;L9&gt;" time="0.0090593" timestamp="02-Mar-2018 10:36:11"/>
      <testcase classname="tMeasurementsWithLabel/testLoop" name="tMeasurementsWithLabel/testLoop &lt;L10&gt;" time="0.010062" timestamp="02-Mar-2018 10:36:11"/>
      <testcase classname="tMeasurementsWithLabel/testLoop" name="tMeasurementsWithLabel/testLoop &lt;L1&gt;" time="0.0010885" timestamp="02-Mar-2018 10:36:11"/>
      <testcase classname="tMeasurementsWithLabel/testLoop" name="tMeasurementsWithLabel/testLoop &lt;L2&gt;" time="0.0020639" timestamp="02-Mar-2018 10:36:11"/>
      <testcase classname="tMeasurementsWithLabel/testLoop" name="tMeasurementsWithLabel/testLoop &lt;L3&gt;" time="0.0039533" timestamp="02-Mar-2018 10:36:11"/>
      <testcase classname="tMeasurementsWithLabel/testLoop" name="tMeasurementsWithLabel/testLoop &lt;L4&gt;" time="0.004065" timestamp="02-Mar-2018 10:36:11"/>
      <testcase classname="tMeasurementsWithLabel/testLoop" name="tMeasurementsWithLabel/testLoop &lt;L5&gt;" time="0.0050568" timestamp="02-Mar-2018 10:36:11"/>
      <testcase classname="tMeasurementsWithLabel/testLoop" name="tMeasurementsWithLabel/testLoop &lt;L6&gt;" time="0.00606" timestamp="02-Mar-2018 10:36:11"/>
      <testcase classname="tMeasurementsWithLabel/testLoop" name="tMeasurementsWithLabel/testLoop &lt;L7&gt;" time="0.007045" timestamp="02-Mar-2018 10:36:11"/>
      <testcase classname="tMeasurementsWithLabel/testLoop" name="tMeasurementsWithLabel/testLoop &lt;L8&gt;" time="0.0085726" timestamp="02-Mar-2018 10:36:11"/>
      <testcase classname="tMeasurementsWithLabel/testLoop" name="tMeasurementsWithLabel/testLoop &lt;L9&gt;" time="0.0091162" timestamp="02-Mar-2018 10:36:11"/>
      <testcase classname="tMeasurementsWithLabel/testLoop" name="tMeasurementsWithLabel/testLoop &lt;L10&gt;" time="0.011232" timestamp="02-Mar-2018 10:36:11"/>
      <testcase classname="tMeasurementsWithLabel/testLoop" name="tMeasurementsWithLabel/testLoop &lt;L1&gt;" time="0.0010654" timestamp="02-Mar-2018 10:36:11"/>
      <testcase classname="tMeasurementsWithLabel/testLoop" name="tMeasurementsWithLabel/testLoop &lt;L2&gt;" time="0.0020516" timestamp="02-Mar-2018 10:36:11"/>
      <testcase classname="tMeasurementsWithLabel/testLoop" name="tMeasurementsWithLabel/testLoop &lt;L3&gt;" time="0.0037175" timestamp="02-Mar-2018 10:36:11"/>
      <testcase classname="tMeasurementsWithLabel/testLoop" name="tMeasurementsWithLabel/testLoop &lt;L4&gt;" time="0.00406" timestamp="02-Mar-2018 10:36:11"/>
      <testcase classname="tMeasurementsWithLabel/testLoop" name="tMeasurementsWithLabel/testLoop &lt;L5&gt;" time="0.005736" timestamp="02-Mar-2018 10:36:11"/>
      <testcase classname="tMeasurementsWithLabel/testLoop" name="tMeasurementsWithLabel/testLoop &lt;L6&gt;" time="0.0060491" timestamp="02-Mar-2018 10:36:11"/>
      <testcase classname="tMeasurementsWithLabel/testLoop" name="tMeasurementsWithLabel/testLoop &lt;L7&gt;" time="0.0080227" timestamp="02-Mar-2018 10:36:11"/>
      <testcase classname="tMeasurementsWithLabel/testLoop" name="tMeasurementsWithLabel/testLoop &lt;L8&gt;" time="0.0080597" timestamp="02-Mar-2018 10:36:11"/>
      <testcase classname="tMeasurementsWithLabel/testLoop" name="tMeasurementsWithLabel/testLoop &lt;L9&gt;" time="0.0090605" timestamp="02-Mar-2018 10:36:11"/>
      <testcase classname="tMeasurementsWithLabel/testLoop" name="tMeasurementsWithLabel/testLoop &lt;L10&gt;" time="0.010057" timestamp="02-Mar-2018 10:36:11"/>
      <testcase classname="tMeasurementsWithLabel/testLoop" name="tMeasurementsWithLabel/testLoop &lt;L1&gt;" time="0.0010639" timestamp="02-Mar-2018 10:36:11"/>
      <testcase classname="tMeasurementsWithLabel/testLoop" name="tMeasurementsWithLabel/testLoop &lt;L2&gt;" time="0.0020574" timestamp="02-Mar-2018 10:36:11"/>
      <testcase classname="tMeasurementsWithLabel/testLoop" name="tMeasurementsWithLabel/testLoop &lt;L3&gt;" time="0.0030568" timestamp="02-Mar-2018 10:36:11"/>
      <testcase classname="tMeasurementsWithLabel/testLoop" name="tMeasurementsWithLabel/testLoop &lt;L4&gt;" time="0.0050022" timestamp="02-Mar-2018 10:36:11"/>
      <testcase classname="tMeasurementsWithLabel/testLoop" name="tMeasurementsWithLabel/testLoop &lt;L5&gt;" time="0.005172" timestamp="02-Mar-2018 10:36:11"/>
      <testcase classname="tMeasurementsWithLabel/testLoop" name="tMeasurementsWithLabel/testLoop &lt;L6&gt;" time="0.0060556" timestamp="02-Mar-2018 10:36:11"/>
      <testcase classname="tMeasurementsWithLabel/testLoop" name="tMeasurementsWithLabel/testLoop &lt;L7&gt;" time="0.0075954" timestamp="02-Mar-2018 10:36:11"/>
      <testcase classname="tMeasurementsWithLabel/testLoop" name="tMeasurementsWithLabel/testLoop &lt;L8&gt;" time="0.0080693" timestamp="02-Mar-2018 10:36:11"/>
      <testcase classname="tMeasurementsWithLabel/testLoop" name="tMeasurementsWithLabel/testLoop &lt;L9&gt;" time="0.0090655" timestamp="02-Mar-2018 10:36:11"/>
      <testcase classname="tMeasurementsWithLabel/testLoop" name="tMeasurementsWithLabel/testLoop &lt;L10&gt;" time="0.010067" timestamp="02-Mar-2018 10:36:11"/>
      <testcase classname="tMeasurementsWithLabel/testLoop" name="tMeasurementsWithLabel/testLoop &lt;L1&gt;" time="0.0010616" timestamp="02-Mar-2018 10:36:11"/>
      <testcase classname="tMeasurementsWithLabel/testLoop" name="tMeasurementsWithLabel/testLoop &lt;L2&gt;" time="0.0020522" timestamp="02-Mar-2018 10:36:11"/>
      <testcase classname="tMeasurementsWithLabel/testLoop" name="tMeasurementsWithLabel/testLoop &lt;L3&gt;" time="0.0030495" timestamp="02-Mar-2018 10:36:11"/>
      <testcase classname="tMeasurementsWithLabel/testLoop" name="tMeasurementsWithLabel/testLoop &lt;L4&gt;" time="0.0040556" timestamp="02-Mar-2018 10:36:11"/>
      <testcase classname="tMeasurementsWithLabel/testLoop" name="tMeasurementsWithLabel/testLoop &lt;L5&gt;" time="0.0051078" timestamp="02-Mar-2018 10:36:11"/>
      <testcase classname="tMeasurementsWithLabel/testLoop" name="tMeasurementsWithLabel/testLoop &lt;L6&gt;" time="0.0060544" timestamp="02-Mar-2018 10:36:11"/>
      <testcase classname="tMeasurementsWithLabel/testLoop" name="tMeasurementsWithLabel/testLoop &lt;L7&gt;" time="0.0070699" timestamp="02-Mar-2018 10:36:11"/>
      <testcase classname="tMeasurementsWithLabel/testLoop" name="tMeasurementsWithLabel/testLoop &lt;L8&gt;" time="0.0080561" timestamp="02-Mar-2018 10:36:11"/>
      <testcase classname="tMeasurementsWithLabel/testLoop" name="tMeasurementsWithLabel/testLoop &lt;L9&gt;" time="0.0095054" timestamp="02-Mar-2018 10:36:11"/>
      <testcase classname="tMeasurementsWithLabel/testLoop" name="tMeasurementsWithLabel/testLoop &lt;L10&gt;" time="0.010061" timestamp="02-Mar-2018 10:36:11"/>
      <testcase classname="tMeasurementsWithLabel/testLoop" name="tMeasurementsWithLabel/testLoop &lt;L1&gt;" time="0.001097" timestamp="02-Mar-2018 10:36:11"/>
      <testcase classname="tMeasurementsWithLabel/testLoop" name="tMeasurementsWithLabel/testLoop &lt;L2&gt;" time="0.0020586" timestamp="02-Mar-2018 10:36:11"/>
      <testcase classname="tMeasurementsWithLabel/testLoop" name="tMeasurementsWithLabel/testLoop &lt;L3&gt;" time="0.0030533" timestamp="02-Mar-2018 10:36:11"/>
      <testcase classname="tMeasurementsWithLabel/testLoop" name="tMeasurementsWithLabel/testLoop &lt;L4&gt;" time="0.0045354" timestamp="02-Mar-2018 10:36:11"/>
      <testcase classname="tMeasurementsWithLabel/testLoop" name="tMeasurementsWithLabel/testLoop &lt;L5&gt;" time="0.0050518" timestamp="02-Mar-2018 10:36:11"/>
      <testcase classname="tMeasurementsWithLabel/testLoop" name="tMeasurementsWithLabel/testLoop &lt;L6&gt;" time="0.006109" timestamp="02-Mar-2018 10:36:11"/>
      <testcase classname="tMeasurementsWithLabel/testLoop" name="tMeasurementsWithLabel/testLoop &lt;L7&gt;" time="0.0070644" timestamp="02-Mar-2018 10:36:11"/>
      <testcase classname="tMeasurementsWithLabel/testLoop" name="tMeasurementsWithLabel/testLoop &lt;L8&gt;" time="0.0082083" timestamp="02-Mar-2018 10:36:11"/>
      <testcase classname="tMeasurementsWithLabel/testLoop" name="tMeasurementsWithLabel/testLoop &lt;L9&gt;" time="0.0097294" timestamp="02-Mar-2018 10:36:11"/>
      <testcase classname="tMeasurementsWithLabel/testLoop" name="tMeasurementsWithLabel/testLoop &lt;L10&gt;" time="0.010205" timestamp="02-Mar-2018 10:36:11"/>
      <testcase classname="tMeasurementsWithLabel/testLoop" name="tMeasurementsWithLabel/testLoop &lt;L1&gt;" time="0.0010715" timestamp="02-Mar-2018 10:36:12"/>
      <testcase classname="tMeasurementsWithLabel/testLoop" name="tMeasurementsWithLabel/testLoop &lt;L2&gt;" time="0.0020824" timestamp="02-Mar-2018 10:36:12"/>
      <testcase classname="tMeasurementsWithLabel/testLoop" name="tMeasurementsWithLabel/testLoop &lt;L3&gt;" time="0.0030527" timestamp="02-Mar-2018 10:36:12"/>
      <testcase classname="tMeasurementsWithLabel/testLoop" name="tMeasurementsWithLabel/testLoop &lt;L4&gt;" time="0.0047849" timestamp="02-Mar-2018 10:36:12"/>
      <testcase classname="tMeasurementsWithLabel/testLoop" name="tMeasurementsWithLabel/testLoop &lt;L5&gt;" time="0.0050908" timestamp="02-Mar-2018 10:36:12"/>
      <testcase classname="tMeasurementsWithLabel/testLoop" name="tMeasurementsWithLabel/testLoop &lt;L6&gt;" time="0.0060544" timestamp="02-Mar-2018 10:36:12"/>
      <testcase classname="tMeasurementsWithLabel/testLoop" name="tMeasurementsWithLabel/testLoop &lt;L7&gt;" time="0.0070658" timestamp="02-Mar-2018 10:36:12"/>
      <testcase classname="tMeasurementsWithLabel/testLoop" name="tMeasurementsWithLabel/testLoop &lt;L8&gt;" time="0.0081611" timestamp="02-Mar-2018 10:36:12"/>
      <testcase classname="tMeasurementsWithLabel/testLoop" name="tMeasurementsWithLabel/testLoop &lt;L9&gt;" time="0.0090717" timestamp="02-Mar-2018 10:36:12"/>
      <testcase classname="tMeasurementsWithLabel/testLoop" name="tMeasurementsWithLabel/testLoop &lt;L10&gt;" time="0.010562" timestamp="02-Mar-2018 10:36:12"/>
      <testcase classname="tMeasurementsWithLabel/testLoop" name="tMeasurementsWithLabel/testLoop &lt;L1&gt;" time="0.0011531" timestamp="02-Mar-2018 10:36:12"/>
      <testcase classname="tMeasurementsWithLabel/testLoop" name="tMeasurementsWithLabel/testLoop &lt;L2&gt;" time="0.0021093" timestamp="02-Mar-2018 10:36:12"/>
      <testcase classname="tMeasurementsWithLabel/testLoop" name="tMeasurementsWithLabel/testLoop &lt;L3&gt;" time="0.0031026" timestamp="02-Mar-2018 10:36:12"/>
      <testcase classname="tMeasurementsWithLabel/testLoop" name="tMeasurementsWithLabel/testLoop &lt;L4&gt;" time="0.0040738" timestamp="02-Mar-2018 10:36:12"/>
      <testcase classname="tMeasurementsWithLabel/testLoop" name="tMeasurementsWithLabel/testLoop &lt;L5&gt;" time="0.0050676" timestamp="02-Mar-2018 10:36:12"/>
      <testcase classname="tMeasurementsWithLabel/testLoop" name="tMeasurementsWithLabel/testLoop &lt;L6&gt;" time="0.0060638" timestamp="02-Mar-2018 10:36:12"/>
      <testcase classname="tMeasurementsWithLabel/testLoop" name="tMeasurementsWithLabel/testLoop &lt;L7&gt;" time="0.0071389" timestamp="02-Mar-2018 10:36:12"/>
      <testcase classname="tMeasurementsWithLabel/testLoop" name="tMeasurementsWithLabel/testLoop &lt;L8&gt;" time="0.0087558" timestamp="02-Mar-2018 10:36:12"/>
      <testcase classname="tMeasurementsWithLabel/testLoop" name="tMeasurementsWithLabel/testLoop &lt;L9&gt;" time="0.0098552" timestamp="02-Mar-2018 10:36:12"/>
      <testcase classname="tMeasurementsWithLabel/testLoop" name="tMeasurementsWithLabel/testLoop &lt;L10&gt;" time="0.010959" timestamp="02-Mar-2018 10:36:12"/>
      <testcase classname="tMeasurementsWithLabel/testLoop" name="tMeasurementsWithLabel/testLoop &lt;L1&gt;" time="0.0010935" timestamp="02-Mar-2018 10:36:12"/>
      <testcase classname="tMeasurementsWithLabel/testLoop" name="tMeasurementsWithLabel/testLoop &lt;L2&gt;" time="0.0032337" timestamp="02-Mar-2018 10:36:12"/>
      <testcase classname="tMeasurementsWithLabel/testLoop" name="tMeasurementsWithLabel/testLoop &lt;L3&gt;" time="0.0033043" timestamp="02-Mar-2018 10:36:12"/>
      <testcase classname="tMeasurementsWithLabel/testLoop" name="tMeasurementsWithLabel/testLoop &lt;L4&gt;" time="0.0041325" timestamp="02-Mar-2018 10:36:12"/>
      <testcase classname="tMeasurementsWithLabel/testLoop" name="tMeasurementsWithLabel/testLoop &lt;L5&gt;" time="0.0050767" timestamp="02-Mar-2018 10:36:12"/>
      <testcase classname="tMeasurementsWithLabel/testLoop" name="tMeasurementsWithLabel/testLoop &lt;L6&gt;" time="0.0061192" timestamp="02-Mar-2018 10:36:12"/>
      <testcase classname="tMeasurementsWithLabel/testLoop" name="tMeasurementsWithLabel/testLoop &lt;L7&gt;" time="0.0070937" timestamp="02-Mar-2018 10:36:12"/>
      <testcase classname="tMeasurementsWithLabel/testLoop" name="tMeasurementsWithLabel/testLoop &lt;L8&gt;" time="0.0080837" timestamp="02-Mar-2018 10:36:12"/>
      <testcase classname="tMeasurementsWithLabel/testLoop" name="tMeasurementsWithLabel/testLoop &lt;L9&gt;" time="0.0090831" timestamp="02-Mar-2018 10:36:12"/>
      <testcase classname="tMeasurementsWithLabel/testLoop" name="tMeasurementsWithLabel/testLoop &lt;L10&gt;" time="0.010095" timestamp="02-Mar-2018 10:36:12"/>
      <testcase classname="tMeasurementsWithLabel/testLoop" name="tMeasurementsWithLabel/testLoop &lt;L1&gt;" time="0.0010595" timestamp="02-Mar-2018 10:36:12"/>
      <testcase classname="tMeasurementsWithLabel/testLoop" name="tMeasurementsWithLabel/testLoop &lt;L2&gt;" time="0.0022457" timestamp="02-Mar-2018 10:36:12"/>
      <testcase classname="tMeasurementsWithLabel/testLoop" name="tMeasurementsWithLabel/testLoop &lt;L3&gt;" time="0.0039424" timestamp="02-Mar-2018 10:36:12"/>
      <testcase classname="tMeasurementsWithLabel/testLoop" name="tMeasurementsWithLabel/testLoop &lt;L4&gt;" time="0.0048659" timestamp="02-Mar-2018 10:36:12"/>
      <testcase classname="tMeasurementsWithLabel/testLoop" name="tMeasurementsWithLabel/testLoop &lt;L5&gt;" time="0.0058401" timestamp="02-Mar-2018 10:36:12"/>
      <testcase classname="tMeasurementsWithLabel/testLoop" name="tMeasurementsWithLabel/testLoop &lt;L6&gt;" time="0.0069834" timestamp="02-Mar-2018 10:36:12"/>
      <testcase classname="tMeasurementsWithLabel/testLoop" name="tMeasurementsWithLabel/testLoop &lt;L7&gt;" time="0.0070538" timestamp="02-Mar-2018 10:36:12"/>
      <testcase classname="tMeasurementsWithLabel/testLoop" name="tMeasurementsWithLabel/testLoop &lt;L8&gt;" time="0.0080435" timestamp="02-Mar-2018 10:36:12"/>
      <testcase classname="tMeasurementsWithLabel/testLoop" name="tMeasurementsWithLabel/testLoop &lt;L9&gt;" time="0.0090655" timestamp="02-Mar-2018 10:36:12"/>
      <testcase classname="tMeasurementsWithLabel/testLoop" name="tMeasurementsWithLabel/testLoop &lt;L10&gt;" time="0.010905" timestamp="02-Mar-2018 10:36:12"/>
      <testcase classname="tMeasurementsWithLabel/testLoop" name="tMeasurementsWithLabel/testLoop &lt;L1&gt;" time="0.0010663" timestamp="02-Mar-2018 10:36:12"/>
      <testcase classname="tMeasurementsWithLabel/testLoop" name="tMeasurementsWithLabel/testLoop &lt;L2&gt;" time="0.0020571" timestamp="02-Mar-2018 10:36:12"/>
      <testcase classname="tMeasurementsWithLabel/testLoop" name="tMeasurementsWithLabel/testLoop &lt;L3&gt;" time="0.0032644" timestamp="02-Mar-2018 10:36:12"/>
      <testcase classname="tMeasurementsWithLabel/testLoop" name="tMeasurementsWithLabel/testLoop &lt;L4&gt;" time="0.0040806" timestamp="02-Mar-2018 10:36:12"/>
      <testcase classname="tMeasurementsWithLabel/testLoop" name="tMeasurementsWithLabel/testLoop &lt;L5&gt;" time="0.0050685" timestamp="02-Mar-2018 10:36:12"/>
      <testcase classname="tMeasurementsWithLabel/testLoop" name="tMeasurementsWithLabel/testLoop &lt;L6&gt;" time="0.0060474" timestamp="02-Mar-2018 10:36:12"/>
      <testcase classname="tMeasurementsWithLabel/testLoop" name="tMeasurementsWithLabel/testLoop &lt;L7&gt;" time="0.0070482" timestamp="02-Mar-2018 10:36:12"/>
      <testcase classname="tMeasurementsWithLabel/testLoop" name="tMeasurementsWithLabel/testLoop &lt;L8&gt;" time="0.0080617" timestamp="02-Mar-2018 10:36:12"/>
      <testcase classname="tMeasurementsWithLabel/testLoop" name="tMeasurementsWithLabel/testLoop &lt;L9&gt;" time="0.0090497" timestamp="02-Mar-2018 10:36:12"/>
      <testcase classname="tMeasurementsWithLabel/testLoop" name="tMeasurementsWithLabel/testLoop &lt;L10&gt;" time="0.010065" timestamp="02-Mar-2018 10:36:12"/>
      <testcase classname="tMeasurementsWithLabel/testLoop" name="tMeasurementsWithLabel/testLoop &lt;L1&gt;" time="0.001066" timestamp="02-Mar-2018 10:36:12"/>
      <testcase classname="tMeasurementsWithLabel/testLoop" name="tMeasurementsWithLabel/testLoop &lt;L2&gt;" time="0.0029727" timestamp="02-Mar-2018 10:36:12"/>
      <testcase classname="tMeasurementsWithLabel/testLoop" name="tMeasurementsWithLabel/testLoop &lt;L3&gt;" time="0.0030571" timestamp="02-Mar-2018 10:36:12"/>
      <testcase classname="tMeasurementsWithLabel/testLoop" name="tMeasurementsWithLabel/testLoop &lt;L4&gt;" time="0.0046656" timestamp="02-Mar-2018 10:36:12"/>
      <testcase classname="tMeasurementsWithLabel/testLoop" name="tMeasurementsWithLabel/testLoop &lt;L5&gt;" time="0.0050442" timestamp="02-Mar-2018 10:36:12"/>
      <testcase classname="tMeasurementsWithLabel/testLoop" name="tMeasurementsWithLabel/testLoop &lt;L6&gt;" time="0.0060453" timestamp="02-Mar-2018 10:36:12"/>
      <testcase classname="tMeasurementsWithLabel/testLoop" name="tMeasurementsWithLabel/testLoop &lt;L7&gt;" time="0.0076737" timestamp="02-Mar-2018 10:36:12"/>
      <testcase classname="tMeasurementsWithLabel/testLoop" name="tMeasurementsWithLabel/testLoop &lt;L8&gt;" time="0.0081388" timestamp="02-Mar-2018 10:36:12"/>
      <testcase classname="tMeasurementsWithLabel/testLoop" name="tMeasurementsWithLabel/testLoop &lt;L9&gt;" time="0.0092139" timestamp="02-Mar-2018 10:36:12"/>
      <testcase classname="tMeasurementsWithLabel/testLoop" name="tMeasurementsWithLabel/testLoop &lt;L10&gt;" time="0.010411" timestamp="02-Mar-2018 10:36:12"/>
      <testcase classname="tMeasurementsWithLabel/testLoop" name="tMeasurementsWithLabel/testLoop &lt;L1&gt;" time="0.0010686" timestamp="02-Mar-2018 10:36:13"/>
      <testcase classname="tMeasurementsWithLabel/testLoop" name="tMeasurementsWithLabel/testLoop &lt;L2&gt;" time="0.0030392" timestamp="02-Mar-2018 10:36:13"/>
      <testcase classname="tMeasurementsWithLabel/testLoop" name="tMeasurementsWithLabel/testLoop &lt;L3&gt;" time="0.0030624" timestamp="02-Mar-2018 10:36:13"/>
      <testcase classname="tMeasurementsWithLabel/testLoop" name="tMeasurementsWithLabel/testLoop &lt;L4&gt;" time="0.0040545" timestamp="02-Mar-2018 10:36:13"/>
      <testcase classname="tMeasurementsWithLabel/testLoop" name="tMeasurementsWithLabel/testLoop &lt;L5&gt;" time="0.0050527" timestamp="02-Mar-2018 10:36:13"/>
      <testcase classname="tMeasurementsWithLabel/testLoop" name="tMeasurementsWithLabel/testLoop &lt;L6&gt;" time="0.00606" timestamp="02-Mar-2018 10:36:13"/>
      <testcase classname="tMeasurementsWithLabel/testLoop" name="tMeasurementsWithLabel/testLoop &lt;L7&gt;" time="0.0070638" timestamp="02-Mar-2018 10:36:13"/>
      <testcase classname="tMeasurementsWithLabel/testLoop" name="tMeasurementsWithLabel/testLoop &lt;L8&gt;" time="0.0080931" timestamp="02-Mar-2018 10:36:13"/>
      <testcase classname="tMeasurementsWithLabel/testLoop" name="tMeasurementsWithLabel/testLoop &lt;L9&gt;" time="0.0096637" timestamp="02-Mar-2018 10:36:13"/>
      <testcase classname="tMeasurementsWithLabel/testLoop" name="tMeasurementsWithLabel/testLoop &lt;L10&gt;" time="0.010251" timestamp="02-Mar-2018 10:36:13"/>
      <testcase classname="tMeasurementsWithLabel/testLoop" name="tMeasurementsWithLabel/testLoop &lt;L1&gt;" time="0.0011141" timestamp="02-Mar-2018 10:36:13"/>
      <testcase classname="tMeasurementsWithLabel/testLoop" name="tMeasurementsWithLabel/testLoop &lt;L2&gt;" time="0.0027879" timestamp="02-Mar-2018 10:36:13"/>
      <testcase classname="tMeasurementsWithLabel/testLoop" name="tMeasurementsWithLabel/testLoop &lt;L3&gt;" time="0.0037712" timestamp="02-Mar-2018 10:36:13"/>
      <testcase classname="tMeasurementsWithLabel/testLoop" name="tMeasurementsWithLabel/testLoop &lt;L4&gt;" time="0.0041278" timestamp="02-Mar-2018 10:36:13"/>
      <testcase classname="tMeasurementsWithLabel/testLoop" name="tMeasurementsWithLabel/testLoop &lt;L5&gt;" time="0.0050682" timestamp="02-Mar-2018 10:36:13"/>
      <testcase classname="tMeasurementsWithLabel/testLoop" name="tMeasurementsWithLabel/testLoop &lt;L6&gt;" time="0.006092" timestamp="02-Mar-2018 10:36:13"/>
      <testcase classname="tMeasurementsWithLabel/testLoop" name="tMeasurementsWithLabel/testLoop &lt;L7&gt;" time="0.0071174" timestamp="02-Mar-2018 10:36:13"/>
      <testcase classname="tMeasurementsWithLabel/testLoop" name="tMeasurementsWithLabel/testLoop &lt;L8&gt;" time="0.0085292" timestamp="02-Mar-2018 10:36:13"/>
      <testcase classname="tMeasurementsWithLabel/testLoop" name="tMeasurementsWithLabel/testLoop &lt;L9&gt;" time="0.0094526" timestamp="02-Mar-2018 10:36:13"/>
      <testcase classname="tMeasurementsWithLabel/testLoop" name="tMeasurementsWithLabel/testLoop &lt;L10&gt;" time="0.010419" timestamp="02-Mar-2018 10:36:13"/>
      <testcase classname="tMeasurementsWithLabel/testLoop" name="tMeasurementsWithLabel/testLoop &lt;L1&gt;" time="0.0011545" timestamp="02-Mar-2018 10:36:13"/>
      <testcase classname="tMeasurementsWithLabel/testLoop" name="tMeasurementsWithLabel/testLoop &lt;L2&gt;" time="0.0027079" timestamp="02-Mar-2018 10:36:13"/>
      <testcase classname="tMeasurementsWithLabel/testLoop" name="tMeasurementsWithLabel/testLoop &lt;L3&gt;" time="0.0032064" timestamp="02-Mar-2018 10:36:13"/>
      <testcase classname="tMeasurementsWithLabel/testLoop" name="tMeasurementsWithLabel/testLoop &lt;L4&gt;" time="0.0042615" timestamp="02-Mar-2018 10:36:13"/>
      <testcase classname="tMeasurementsWithLabel/testLoop" name="tMeasurementsWithLabel/testLoop &lt;L5&gt;" time="0.0052465" timestamp="02-Mar-2018 10:36:13"/>
      <testcase classname="tMeasurementsWithLabel/testLoop" name="tMeasurementsWithLabel/testLoop &lt;L6&gt;" time="0.0061427" timestamp="02-Mar-2018 10:36:13"/>
      <testcase classname="tMeasurementsWithLabel/testLoop" name="tMeasurementsWithLabel/testLoop &lt;L7&gt;" time="0.0071081" timestamp="02-Mar-2018 10:36:13"/>
      <testcase classname="tMeasurementsWithLabel/testLoop" name="tMeasurementsWithLabel/testLoop &lt;L8&gt;" time="0.0085142" timestamp="02-Mar-2018 10:36:13"/>
      <testcase classname="tMeasurementsWithLabel/testLoop" name="tMeasurementsWithLabel/testLoop &lt;L9&gt;" time="0.0090831" timestamp="02-Mar-2018 10:36:13"/>
      <testcase classname="tMeasurementsWithLabel/testLoop" name="tMeasurementsWithLabel/testLoop &lt;L10&gt;" time="0.010164" timestamp="02-Mar-2018 10:36:13"/>
      <testcase classname="tMeasurementsWithLabel/testLoop" name="tMeasurementsWithLabel/testLoop &lt;L1&gt;" time="0.0010692" timestamp="02-Mar-2018 10:36:13"/>
      <testcase classname="tMeasurementsWithLabel/testLoop" name="tMeasurementsWithLabel/testLoop &lt;L2&gt;" time="0.0021073" timestamp="02-Mar-2018 10:36:13"/>
      <testcase classname="tMeasurementsWithLabel/testLoop" name="tMeasurementsWithLabel/testLoop &lt;L3&gt;" time="0.0030712" timestamp="02-Mar-2018 10:36:13"/>
      <testcase classname="tMeasurementsWithLabel/testLoop" name="tMeasurementsWithLabel/testLoop &lt;L4&gt;" time="0.0047055" timestamp="02-Mar-2018 10:36:13"/>
      <testcase classname="tMeasurementsWithLabel/testLoop" name="tMeasurementsWithLabel/testLoop &lt;L5&gt;" time="0.0052239" timestamp="02-Mar-2018 10:36:13"/>
      <testcase classname="tMeasurementsWithLabel/testLoop" name="tMeasurementsWithLabel/testLoop &lt;L6&gt;" time="0.0065802" timestamp="02-Mar-2018 10:36:13"/>
      <testcase classname="tMeasurementsWithLabel/testLoop" name="tMeasurementsWithLabel/testLoop &lt;L7&gt;" time="0.0070726" timestamp="02-Mar-2018 10:36:13"/>
      <testcase classname="tMeasurementsWithLabel/testLoop" name="tMeasurementsWithLabel/testLoop &lt;L8&gt;" time="0.0080582" timestamp="02-Mar-2018 10:36:13"/>
      <testcase classname="tMeasurementsWithLabel/testLoop" name="tMeasurementsWithLabel/testLoop &lt;L9&gt;" time="0.0090702" timestamp="02-Mar-2018 10:36:13"/>
      <testcase classname="tMeasurementsWithLabel/testLoop" name="tMeasurementsWithLabel/testLoop &lt;L10&gt;" time="0.010063" timestamp="02-Mar-2018 10:36:13"/>
      <testcase classname="tMeasurementsWithLabel/testLoop" name="tMeasurementsWithLabel/testLoop &lt;L1&gt;" time="0.0010619" timestamp="02-Mar-2018 10:36:13"/>
      <testcase classname="tMeasurementsWithLabel/testLoop" name="tMeasurementsWithLabel/testLoop &lt;L2&gt;" time="0.0020489" timestamp="02-Mar-2018 10:36:13"/>
      <testcase classname="tMeasurementsWithLabel/testLoop" name="tMeasurementsWithLabel/testLoop &lt;L3&gt;" time="0.0032477" timestamp="02-Mar-2018 10:36:13"/>
      <testcase classname="tMeasurementsWithLabel/testLoop" name="tMeasurementsWithLabel/testLoop &lt;L4&gt;" time="0.0048371" timestamp="02-Mar-2018 10:36:13"/>
      <testcase classname="tMeasurementsWithLabel/testLoop" name="tMeasurementsWithLabel/testLoop &lt;L5&gt;" time="0.0050553" timestamp="02-Mar-2018 10:36:13"/>
      <testcase classname="tMeasurementsWithLabel/testLoop" name="tMeasurementsWithLabel/testLoop &lt;L6&gt;" time="0.0060541" timestamp="02-Mar-2018 10:36:13"/>
      <testcase classname="tMeasurementsWithLabel/testLoop" name="tMeasurementsWithLabel/testLoop &lt;L7&gt;" time="0.0070544" timestamp="02-Mar-2018 10:36:13"/>
      <testcase classname="tMeasurementsWithLabel/testLoop" name="tMeasurementsWithLabel/testLoop &lt;L8&gt;" time="0.0082294" timestamp="02-Mar-2018 10:36:13"/>
      <testcase classname="tMeasurementsWithLabel/testLoop" name="tMeasurementsWithLabel/testLoop &lt;L9&gt;" time="0.0092632" timestamp="02-Mar-2018 10:36:13"/>
      <testcase classname="tMeasurementsWithLabel/testLoop" name="tMeasurementsWithLabel/testLoop &lt;L10&gt;" time="0.010684" timestamp="02-Mar-2018 10:36:13"/>
      <testcase classname="tMeasurementsWithLabel/testLoop" name="tMeasurementsWithLabel/testLoop &lt;L1&gt;" time="0.0011434" timestamp="02-Mar-2018 10:36:14"/>
      <testcase classname="tMeasurementsWithLabel/testLoop" name="tMeasurementsWithLabel/testLoop &lt;L2&gt;" time="0.0021269" timestamp="02-Mar-2018 10:36:14"/>
      <testcase classname="tMeasurementsWithLabel/testLoop" name="tMeasurementsWithLabel/testLoop &lt;L3&gt;" time="0.0031988" timestamp="02-Mar-2018 10:36:14"/>
      <testcase classname="tMeasurementsWithLabel/testLoop" name="tMeasurementsWithLabel/testLoop &lt;L4&gt;" time="0.0041375" timestamp="02-Mar-2018 10:36:14"/>
      <testcase classname="tMeasurementsWithLabel/testLoop" name="tMeasurementsWithLabel/testLoop &lt;L5&gt;" time="0.0055849" timestamp="02-Mar-2018 10:36:14"/>
      <testcase classname="tMeasurementsWithLabel/testLoop" name="tMeasurementsWithLabel/testLoop &lt;L6&gt;" time="0.0066095" timestamp="02-Mar-2018 10:36:14"/>
      <testcase classname="tMeasurementsWithLabel/testLoop" name="tMeasurementsWithLabel/testLoop &lt;L7&gt;" time="0.007533" timestamp="02-Mar-2018 10:36:14"/>
      <testcase classname="tMeasurementsWithLabel/testLoop" name="tMeasurementsWithLabel/testLoop &lt;L8&gt;" time="0.0082465" timestamp="02-Mar-2018 10:36:14"/>
[...]
            end
    
    Error in matlab.unittest.plugins/TestRunnerPlugin/runTestSuite (line 253)
                iter.CurrentOperator.invokeTestContentOperatorMethod_(@runTestSuite, pluginData, iter);
    
    Error in matlab.unittest.plugins/FailureDiagnosticsPlugin/runTestSuite (line 116)
                runTestSuite@matlab.unittest.plugins.TestRunnerPlugin(plugin, pluginData);
    
    Error in matlab.unittest.plugins/TestRunnerPlugin/invokeTestContentOperatorMethod_ (line 713)
                    [varargout{1:nargout}] = method(plugin, pluginData);
    
    Error in matlab.unittest.plugins/TestRunnerPlugin/runTestSuite (line 253)
                iter.CurrentOperator.invokeTestContentOperatorMethod_(@runTestSuite, pluginData, iter);
    
    Error in matlab.unittest.plugins/DiagnosticsRecordingPlugin/runTestSuite (line 205)
            end
    
    Error in matlab.unittest.plugins/TestRunnerPlugin/invokeTestContentOperatorMethod_ (line 713)
                    [varargout{1:nargout}] = method(plugin, pluginData);
    
    Error in matlab.unittest.plugins/TestRunnerPlugin/runTestSuite (line 253)
                iter.CurrentOperator.invokeTestContentOperatorMethod_(@runTestSuite, pluginData, iter);
    
    Error in matlab.unittest.measurement/MeasurementPlugin/runTestSuite (line 75)
                    plugin.Operator.Result = MeasurementResult(suiteNames);                
    
    Error in matlab.unittest.plugins/TestRunnerPlugin/invokeTestContentOperatorMethod_ (line 713)
                    [varargout{1:nargout}] = method(plugin, pluginData);
    
    Error in matlab.unittest/TestRunner/evaluateMethodOnPlugins (line 747)
                end
    
    Error in matlab.unittest/TestRunner/runRepeatedly (line 380)
        
    
    Error in matlab.perftest/FrequentistTimeExperiment/doRun (line 137)
                runner.runRepeatedly(suite, maxMeasurements, ...
    
    Error in matlab.perftest/TimeExperiment/run (line 179)
                experiment.doRun(operator, experiment.TestRunner, suite, runIdentifier);
    
    Error in runperf (line 48)
    results = experiment.run(suites);</error>
      </testcase>
      <testcase classname="tMeasurementsWithLabel/testLogIllegalTag" name="tMeasurementsWithLabel/testLogIllegalTag" time="NaN" timestamp="">
         <error>Error occurred in tMeasurementsWithLabel/testLogIllegalTag and it did not run to completion.

    ---------
    Error ID:
    ---------
    'MATLAB:logMeasurement:invalidType'

    --------------
    Error Details:
    --------------
    Error using logMeasurement
    Expected input to be one of these types:
    
    char, string
    
    Instead its type was double.
    
    Error in matlab.unittest.measurement.internal/validateLabel (line 5)
    validateattributes(input,{'char','string'},{'scalartext'},funcname);
    
    Error in matlabtest.measurement/MeasurementLoggable/logMeasurement (line 86)
                    label = validateLabel(label,'logMeasurement');
    
    Error in tMeasurementsWithLabel/testLogIllegalTag (line 135)
                testCase.logMeasurement(TimeMeasurement(42),42);
    
    Error in matlab.unittest/TestRunner/evaluateMethodCore (line 843)
                        notifyStart();
    
    Error in matlab.unittest/TestRunner/evaluateMethodsOnTestContent (line 788)
            
    
    Error in matlab.unittest/TestRunner/runTestMethod (line 1139)
                runner.evaluateMethodCore(pluginData.Method, pluginData.Content, pluginData.Arguments);
    
    Error in matlab.unittest/TestRunner/invokeTestContentOperatorMethod_ (line 891)
            end
    
    Error in matlab.unittest.plugins/TestRunnerPlugin/runTestMethod (line 636)
                iter.CurrentOperator.invokeTestContentOperatorMethod_(@runTestMethod, pluginData, iter);
    
    Error in matlab.unittest.measurement/MeasurementPlugin/runTestMethod (line 118)
            end
    
    Error in matlab.unittest.plugins/TestRunnerPlugin/invokeTestContentOperatorMethod_ (line 713)
                    [varargout{1:nargout}] = method(plugin, pluginData);
    
    Error in matlab.unittest/TestRunner/evaluateMethodOnPlugins (line 747)
                end
    
    Error in matlab.unittest/TestRunner/runTest (line 1086)
                    end
    
    Error in matlab.unittest/TestRunner/repeatTest (line 473)
                end
    
    Error in matlab.unittest/TestRunner/runSharedTestCase (line 429)
                cleanup.cancelAndInvoke;
    
    Error in matlab.unittest/TestRunner/runTestClass (line 996)
            
    
    Error in matlab.unittest/TestRunner/invokeTestContentOperatorMethod_ (line 891)
            end
    
    Error in matlab.unittest.plugins/TestRunnerPlugin/runTestClass (line 410)
                iter.CurrentOperator.invokeTestContentOperatorMethod_(@runTestClass, pluginData, iter);
    
    Error in matlab.unittest.plugins.testrunprogress/ConciseProgressPlugin/runTestClass (line 65)
                runTestClass@matlab.unittest.plugins.TestRunnerPlugin(plugin, pluginData);
    
    Error in matlab.unittest.plugins/TestRunnerPlugin/invokeTestContentOperatorMethod_ (line 713)
                    [varargout{1:nargout}] = method(plugin, pluginData);
    
    Error in matlab.unittest/TestRunner/evaluateMethodOnPlugins (line 747)
                end
    
    Error in matlab.unittest/TestRunner/runTestSuite (line 933)
                    % Tear down fixture no longer needed.
    
    Error in matlab.unittest/TestRunner/invokeTestContentOperatorMethod_ (line 891)
            end
    
    Error in matlab.unittest.plugins/TestRunnerPlugin/runTestSuite (line 253)
                iter.CurrentOperator.invokeTestContentOperatorMethod_(@runTestSuite, pluginData, iter);
    
    Error in matlab.unittest.plugins/FailureDiagnosticsPlugin/runTestSuite (line 116)
                runTestSuite@matlab.unittest.plugins.TestRunnerPlugin(plugin, pluginData);
    
    Error in matlab.unittest.plugins/TestRunnerPlugin/invokeTestContentOperatorMethod_ (line 713)
                    [varargout{1:nargout}] = method(plugin, pluginData);
    
    Error in matlab.unittest.plugins/TestRunnerPlugin/runTestSuite (line 253)
                iter.CurrentOperator.invokeTestContentOperatorMethod_(@runTestSuite, pluginData, iter);
    
    Error in matlab.unittest.plugins/DiagnosticsRecordingPlugin/runTestSuite (line 205)
            end
    
    Error in matlab.unittest.plugins/TestRunnerPlugin/invokeTestContentOperatorMethod_ (line 713)
                    [varargout{1:nargout}] = method(plugin, pluginData);
    
    Error in matlab.unittest.plugins/TestRunnerPlugin/runTestSuite (line 253)
                iter.CurrentOperator.invokeTestContentOperatorMethod_(@runTestSuite, pluginData, iter);
    
    Error in matlab.unittest.measurement/MeasurementPlugin/runTestSuite (line 75)
                    plugin.Operator.Result = MeasurementResult(suiteNames);                
    
    Error in matlab.unittest.plugins/TestRunnerPlugin/invokeTestContentOperatorMethod_ (line 713)
                    [varargout{1:nargout}] = method(plugin, pluginData);
    
    Error in matlab.unittest/TestRunner/evaluateMethodOnPlugins (line 747)
                end
    
    Error in matlab.unittest/TestRunner/runRepeatedly (line 380)
        
    
    Error in matlab.perftest/FrequentistTimeExperiment/doRun (line 137)
                runner.runRepeatedly(suite, maxMeasurements, ...
    
    Error in matlab.perftest/TimeExperiment/run (line 179)
                experiment.doRun(operator, experiment.TestRunner, suite, runIdentifier);
    
    Error in runperf (line 48)
    results = experiment.run(suites);</error>
      </testcase>
      <testcase classname="tMeasurementsWithLabel/testLogIllegalTag" name="tMeasurementsWithLabel/testLogIllegalTag" time="NaN" timestamp="">
         <error>Error occurred in tMeasurementsWithLabel/testLogIllegalTag and it did not run to completion.

    ---------
    Error ID:
    ---------
    'MATLAB:logMeasurement:invalidType'

    --------------
    Error Details:
    --------------
    Error using logMeasurement
    Expected input to be one of these types:
    
    char, string
    
    Instead its type was double.
    
    Error in matlab.unittest.measurement.internal/validateLabel (line 5)
    validateattributes(input,{'char','string'},{'scalartext'},funcname);
    
    Error in matlabtest.measurement/MeasurementLoggable/logMeasurement (line 86)
                    label = validateLabel(label,'logMeasurement');
    
    Error in tMeasurementsWithLabel/testLogIllegalTag (line 135)
                testCase.logMeasurement(TimeMeasurement(42),42);
    
    Error in matlab.unittest/TestRunner/evaluateMethodCore (line 843)
                        notifyStart();
    
    Error in matlab.unittest/TestRunner/evaluateMethodsOnTestContent (line 788)
            
    
    Error in matlab.unittest/TestRunner/runTestMethod (line 1139)
                runner.evaluateMethodCore(pluginData.Method, pluginData.Content, pluginData.Arguments);
    
    Error in matlab.unittest/TestRunner/invokeTestContentOperatorMethod_ (line 891)
            end
    
    Error in matlab.unittest.plugins/TestRunnerPlugin/runTestMethod (line 636)
                iter.CurrentOperator.invokeTestContentOperatorMethod_(@runTestMethod, pluginData, iter);
    
    Error in matlab.unittest.measurement/MeasurementPlugin/runTestMethod (line 118)
            end
    
    Error in matlab.unittest.plugins/TestRunnerPlugin/invokeTestContentOperatorMethod_ (line 713)
                    [varargout{1:nargout}] = method(plugin, pluginData);
    
    Error in matlab.unittest/TestRunner/evaluateMethodOnPlugins (line 747)
                end
    
    Error in matlab.unittest/TestRunner/runTest (line 1086)
                    end
    
    Error in matlab.unittest/TestRunner/repeatTest (line 473)
                end
    
    Error in matlab.unittest/TestRunner/runSharedTestCase (line 429)
                cleanup.cancelAndInvoke;
    
    Error in matlab.unittest/TestRunner/runTestClass (line 996)
            
    
    Error in matlab.unittest/TestRunner/invokeTestContentOperatorMethod_ (line 891)
            end
    
    Error in matlab.unittest.plugins/TestRunnerPlugin/runTestClass (line 410)
                iter.CurrentOperator.invokeTestContentOperatorMethod_(@runTestClass, pluginData, iter);
    
    Error in matlab.unittest.plugins.testrunprogress/ConciseProgressPlugin/runTestClass (line 65)
                runTestClass@matlab.unittest.plugins.TestRunnerPlugin(plugin, pluginData);
    
    Error in matlab.unittest.plugins/TestRunnerPlugin/invokeTestContentOperatorMethod_ (line 713)
                    [varargout{1:nargout}] = method(plugin, pluginData);
    
    Error in matlab.unittest/TestRunner/evaluateMethodOnPlugins (line 747)
                end
    
    Error in matlab.unittest/TestRunner/runTestSuite (line 933)
                    % Tear down fixture no longer needed.
    
    Error in matlab.unittest/TestRunner/invokeTestContentOperatorMethod_ (line 891)
            end
    
    Error in matlab.unittest.plugins/TestRunnerPlugin/runTestSuite (line 253)
                iter.CurrentOperator.invokeTestContentOperatorMethod_(@runTestSuite, pluginData, iter);
    
    Error in matlab.unittest.plugins/FailureDiagnosticsPlugin/runTestSuite (line 116)
                runTestSuite@matlab.unittest.plugins.TestRunnerPlugin(plugin, pluginData);
    
    Error in matlab.unittest.plugins/TestRunnerPlugin/invokeTestContentOperatorMethod_ (line 713)
                    [varargout{1:nargout}] = method(plugin, pluginData);
    
    Error in matlab.unittest.plugins/TestRunnerPlugin/runTestSuite (line 253)
                iter.CurrentOperator.invokeTestContentOperatorMethod_(@runTestSuite, pluginData, iter);
    
    Error in matlab.unittest.plugins/DiagnosticsRecordingPlugin/runTestSuite (line 205)
            end
    
    Error in matlab.unittest.plugins/TestRunnerPlugin/invokeTestContentOperatorMethod_ (line 713)
                    [varargout{1:nargout}] = method(plugin, pluginData);
    
    Error in matlab.unittest.plugins/TestRunnerPlugin/runTestSuite (line 253)
                iter.CurrentOperator.invokeTestContentOperatorMethod_(@runTestSuite, pluginData, iter);
    
    Error in matlab.unittest.measurement/MeasurementPlugin/runTestSuite (line 75)
                    plugin.Operator.Result = MeasurementResult(suiteNames);                
    
    Error in matlab.unittest.plugins/TestRunnerPlugin/invokeTestContentOperatorMethod_ (line 713)
                    [varargout{1:nargout}] = method(plugin, pluginData);
    
    Error in matlab.unittest/TestRunner/evaluateMethodOnPlugins (line 747)
                end
    
    Error in matlab.unittest/TestRunner/runRepeatedly (line 380)
        
    
    Error in matlab.perftest/FrequentistTimeExperiment/doRun (line 137)
                runner.runRepeatedly(suite, maxMeasurements, ...
    
    Error in matlab.perftest/TimeExperiment/run (line 179)
                experiment.doRun(operator, experiment.TestRunner, suite, runIdentifier);
    
    Error in runperf (line 48)
    results = experiment.run(suites);</error>
      </testcase>
   </testsuite>
   <testsuite errors="0" failures="4" name="tMeasurementsWithLabel/testUnmatchingTag" skipped="0" tests="4" time="0">
      <testcase classname="tMeasurementsWithLabel/testUnmatchingTag" name="tMeasurementsWithLabel/testUnmatchingTag" time="NaN" timestamp="">
         <failure type="AssertionFailure">Assertion failed in tMeasurementsWithLabel/testUnmatchingTag and it did not run to completion.

    ---------------------
    Framework Diagnostic:
    ---------------------
    tMeasurementsWithLabel/testUnmatchingTag attempted to record measurements in an unsupported manner.</failure>
      </testcase>
      <testcase classname="tMeasurementsWithLabel/testUnmatchingTag" name="tMeasurementsWithLabel/testUnmatchingTag" time="NaN" timestamp="">
         <failure type="AssertionFailure">Assertion failed in tMeasurementsWithLabel/testUnmatchingTag and it did not run to completion.

    ---------------------
    Framework Diagnostic:
    ---------------------
    tMeasurementsWithLabel/testUnmatchingTag attempted to record measurements in an unsupported manner.</failure>
      </testcase>
      <testcase classname="tMeasurementsWithLabel/testUnmatchingTag" name="tMeasurementsWithLabel/testUnmatchingTag" time="NaN" timestamp="">
         <failure type="AssertionFailure">Assertion failed in tMeasurementsWithLabel/testUnmatchingTag and it did not run to completion.

    ---------------------
    Framework Diagnostic:
    ---------------------
    tMeasurementsWithLabel/testUnmatchingTag attempted to record measurements in an unsupported manner.</failure>
      </testcase>
      <testcase classname="tMeasurementsWithLabel/testUnmatchingTag" name="tMeasurementsWithLabel/testUnmatchingTag" time="NaN" timestamp="">
         <failure type="AssertionFailure">Assertion failed in tMeasurementsWithLabel/testUnmatchingTag and it did not run to completion.

    ---------------------
    Framework Diagnostic:
    ---------------------
    tMeasurementsWithLabel/testUnmatchingTag attempted to record measurements in an unsupported manner.</failure>
      </testcase>
   </testsuite>
   <testsuite errors="0" failures="0" name="tMeasurementsWithLabel/testFrequentist" skipped="0" tests="22" time="0">
      <testcase classname="tMeasurementsWithLabel/testFrequentist" name="tMeasurementsWithLabel/testFrequentist" time="0.001363" timestamp="02-Mar-2018 10:36:18"/>
      <testcase classname="tMeasurementsWithLabel/testFrequentist" name="tMeasurementsWithLabel/testFrequentist &lt;logged&gt;" time="1" timestamp="02-Mar-2018 10:36:18"/>
      <testcase classname="tMeasurementsWithLabel/testFrequentist" name="tMeasurementsWithLabel/testFrequentist" time="0.0010481" timestamp="02-Mar-2018 10:36:18"/>
      <testcase classname="tMeasurementsWithLabel/testFrequentist" name="tMeasurementsWithLabel/testFrequentist &lt;logged&gt;" time="1" timestamp="02-Mar-2018 10:36:18"/>
      <testcase classname="tMeasurementsWithLabel/testFrequentist" name="tMeasurementsWithLabel/testFrequentist" time="0.0010463" timestamp="02-Mar-2018 10:36:18"/>
      <testcase classname="tMeasurementsWithLabel/testFrequentist" name="tMeasurementsWithLabel/testFrequentist &lt;logged&gt;" time="1" timestamp="02-Mar-2018 10:36:18"/>
      <testcase classname="tMeasurementsWithLabel/testFrequentist" name="tMeasurementsWithLabel/testFrequentist" time="0.0010534" timestamp="02-Mar-2018 10:36:18"/>
      <testcase classname="tMeasurementsWithLabel/testFrequentist" name="tMeasurementsWithLabel/testFrequentist &lt;logged&gt;" time="1" timestamp="02-Mar-2018 10:36:18"/>
      <testcase classname="tMeasurementsWithLabel/testFrequentist" name="tMeasurementsWithLabel/testFrequentist" time="0.0010428" timestamp="02-Mar-2018 10:36:18"/>
      <testcase classname="tMeasurementsWithLabel/testFrequentist" name="tMeasurementsWithLabel/testFrequentist &lt;logged&gt;" time="1" timestamp="02-Mar-2018 10:36:18"/>
      <testcase classname="tMeasurementsWithLabel/testFrequentist" name="tMeasurementsWithLabel/testFrequentist" time="0.0010991" timestamp="02-Mar-2018 10:36:18"/>
      <testcase classname="tMeasurementsWithLabel/testFrequentist" name="tMeasurementsWithLabel/testFrequentist &lt;logged&gt;" time="1" timestamp="02-Mar-2018 10:36:18"/>
      <testcase classname="tMeasurementsWithLabel/testFrequentist" name="tMeasurementsWithLabel/testFrequentist" time="0.0010566" timestamp="02-Mar-2018 10:36:18"/>
      <testcase classname="tMeasurementsWithLabel/testFrequentist" name="tMeasurementsWithLabel/testFrequentist &lt;logged&gt;" time="1" timestamp="02-Mar-2018 10:36:18"/>
      <testcase classname="tMeasurementsWithLabel/testFrequentist" name="tMeasurementsWithLabel/testFrequentist" time="0.0010501" timestamp="02-Mar-2018 10:36:18"/>
      <testcase classname="tMeasurementsWithLabel/testFrequentist" name="tMeasurementsWithLabel/testFrequentist &lt;logged&gt;" time="1" timestamp="02-Mar-2018 10:36:18"/>
      <testcase classname="tMeasurementsWithLabel/testFrequentist" name="tMeasurementsWithLabel/testFrequentist" time="0.0010454" timestamp="02-Mar-2018 10:36:18"/>
      <testcase classname="tMeasurementsWithLabel/testFrequentist" name="tMeasurementsWithLabel/testFrequentist &lt;logged&gt;" time="1" timestamp="02-Mar-2018 10:36:18"/>
      <testcase classname="tMeasurementsWithLabel/testFrequentist" name="tMeasurementsWithLabel/testFrequentist" time="0.0010492" timestamp="02-Mar-2018 10:36:18"/>
      <testcase classname="tMeasurementsWithLabel/testFrequentist" name="tMeasurementsWithLabel/testFrequentist &lt;logged&gt;" time="1" timestamp="02-Mar-2018 10:36:18"/>
      <testcase classname="tMeasurementsWithLabel/testFrequentist" name="tMeasurementsWithLabel/testFrequentist" time="0.0010457" timestamp="02-Mar-2018 10:36:18"/>
      <testcase classname="tMeasurementsWithLabel/testFrequentist" name="tMeasurementsWithLabel/testFrequentist &lt;logged&gt;" time="1" timestamp="02-Mar-2018 10:36:18"/>
   </testsuite>
   <testsuite errors="0" failures="0" name="tMeasurementsWithLabel/testdiff" skipped="0" tests="4" time="0">
      <testcase classname="tMeasurementsWithLabel/testdiff" name="tMeasurementsWithLabel/testdiff &lt;diff&gt;" time="0" timestamp="02-Mar-2018 10:36:18"/>
      <testcase classname="tMeasurementsWithLabel/testdiff" name="tMeasurementsWithLabel/testdiff &lt;diff&gt;" time="0" timestamp="02-Mar-2018 10:36:18"/>
      <testcase classname="tMeasurementsWithLabel/testdiff" name="tMeasurementsWithLabel/testdiff &lt;diff&gt;" time="0" timestamp="02-Mar-2018 10:36:18"/>
      <testcase classname="tMeasurementsWithLabel/testdiff" name="tMeasurementsWithLabel/testdiff &lt;diff&gt;" time="0" timestamp="02-Mar-2018 10:36:18"/>
   </testsuite>
</testsuites>